begin start......
[2020-08-07 11:00:00] [      2090917] 数据库 element_goes_ip,大于时间2020-08-07 02:55:00,产品不存在
[2020-08-07 11:00:00] [      2090917] 数据库 element_goes_xr,大于时间2020-08-07 02:55:00,产品不存在
[2020-08-07 11:02:37][2020-08-07 11:02:37] [      2090917] 数据库 element_kp,产品不存在,时间段2020-08-07 03:00:00 2020-08-07 03:00:00
 [      2090917] 数据库 element_goes_ie,产品不存在,时间段2020-08-07 03:00:00 2020-08-07 03:00:00
[2020-08-07 11:06:00] [      2090917] 数据库 element_kp,产品不存在,时间段2020-08-07 03:00:00 2020-08-07 03:00:00
[2020-08-07 11:06:00] [      2090917] 数据库 element_goes_ie,产品不存在,时间段2020-08-07 03:00:00 2020-08-07 03:00:00
[2020-08-07 11:10:00] [      2090917] 数据库 element_goes_ip,大于时间2020-08-07 02:55:00,产品不存在
[2020-08-07 11:11:00] [      2090917] 数据库 element_goes_ie,产品不存在,时间段2020-08-07 03:00:00 2020-08-07 03:00:00
[2020-08-07 11:11:00] [      2090917] 数据库 element_kp,产品不存在,时间段2020-08-07 03:00:00 2020-08-07 03:00:00
[{'id': '66808', 'category_id': '1', 'category_abbr_en': 'CDA_TIMED_SL2a', 'filename': 'SABER_L2A_2020190_100776_02.07_20200708_000000.nc.gz', 'path': '/data//atoms/CDAWeb/Timed/saber_L2A_nc/202007/20200708', 'record_time': '2020-08-07 08:26:27', 'start_time': '2020-07-08 00:00:00', 'end_time': '2020-07-08 00:00:00', 'file_size': '4733954', 'state': 'True', 'log': '成功', 'element_storage_status': 'False'}, {'id': '66807', 'category_id': '1', 'category_abbr_en': 'CDA_TIMED_SL2a', 'filename': 'SABER_L2A_2020190_100775_02.07_20200708_000000.nc.gz', 'path': '/data//atoms/CDAWeb/Timed/saber_L2A_nc/202007/20200708', 'record_time': '2020-08-07 08:26:27', 'start_time': '2020-07-08 00:00:00', 'end_time': '2020-07-08 00:00:00', 'file_size': '4647985', 'state': 'True', 'log': '成功', 'element_storage_status': 'False'}, {'id': '66806', 'category_id': '1', 'category_abbr_en': 'CDA_TIMED_SL2a', 'filename': 'SABER_L2A_2020190_100774_02.07_20200708_000000.nc.gz', 'path': '/data//atoms/CDAWeb/Timed/saber_L2A_nc/202007/20200708', 'record_time': '2020-08-07 08:26:27', 'start_time': '2020-07-08 00:00:00', 'end_time': '2020-07-08 00:00:00', 'file_size': '4661058', 'state': 'True', 'log': '成功', 'element_storage_status': 'False'}, {'id': '66805', 'category_id': '1', 'category_abbr_en': 'CDA_TIMED_SL2a', 'filename': 'SABER_L2A_2020190_100773_02.07_20200708_000000.nc.gz', 'path': '/data//atoms/CDAWeb/Timed/saber_L2A_nc/202007/20200708', 'record_time': '2020-08-07 08:26:27', 'start_time': '2020-07-08 00:00:00', 'end_time': '2020-07-08 00:00:00', 'file_size': '4806826', 'state': 'True', 'log': '成功', 'element_storage_status': 'False'}, {'id': '66804', 'category_id': '1', 'category_abbr_en': 'CDA_TIMED_SL2a', 'filename': 'SABER_L2A_2020190_100772_02.07_20200708_000000.nc.gz', 'path': '/data//atoms/CDAWeb/Timed/saber_L2A_nc/202007/20200708', 'record_time': '2020-08-07 08:26:27', 'start_time': '2020-07-08 00:00:00', 'end_time': '2020-07-08 00:00:00', 'file_size': '4702593', 'state': 'True', 'log': '成功', 'element_storage_status': 'False'}, {'id': '66803', 'category_id': '1', 'category_abbr_en': 'CDA_TIMED_SL2a', 'filename': 'SABER_L2A_2020190_100771_02.07_20200708_000000.nc.gz', 'path': '/data//atoms/CDAWeb/Timed/saber_L2A_nc/202007/20200708', 'record_time': '2020-08-07 08:26:27', 'start_time': '2020-07-08 00:00:00', 'end_time': '2020-07-08 00:00:00', 'file_size': '4702569', 'state': 'True', 'log': '成功', 'element_storage_status': 'False'}, {'id': '66802', 'category_id': '1', 'category_abbr_en': 'CDA_TIMED_SL2a', 'filename': 'SABER_L2A_2020190_100770_02.07_20200708_000000.nc.gz', 'path': '/data//atoms/CDAWeb/Timed/saber_L2A_nc/202007/20200708', 'record_time': '2020-08-07 08:26:27', 'start_time': '2020-07-08 00:00:00', 'end_time': '2020-07-08 00:00:00', 'file_size': '4593151', 'state': 'True', 'log': '成功', 'element_storage_status': 'False'}, {'id': '66801', 'category_id': '1', 'category_abbr_en': 'CDA_TIMED_SL2a', 'filename': 'SABER_L2A_2020190_100769_02.07_20200708_000000.nc.gz', 'path': '/data//atoms/CDAWeb/Timed/saber_L2A_nc/202007/20200708', 'record_time': '2020-08-07 08:26:27', 'start_time': '2020-07-08 00:00:00', 'end_time': '2020-07-08 00:00:00', 'file_size': '4577690', 'state': 'True', 'log': '成功', 'element_storage_status': 'False'}, {'id': '66800', 'category_id': '1', 'category_abbr_en': 'CDA_TIMED_SL2a', 'filename': 'SABER_L2A_2020190_100768_02.07_20200708_000000.nc.gz', 'path': '/data//atoms/CDAWeb/Timed/saber_L2A_nc/202007/20200708', 'record_time': '2020-08-07 08:26:27', 'start_time': '2020-07-08 00:00:00', 'end_time': '2020-07-08 00:00:00', 'file_size': '4635811', 'state': 'True', 'log': '成功', 'element_storage_status': 'False'}, {'id': '66799', 'category_id': '1', 'category_abbr_en': 'CDA_TIMED_SL2a', 'filename': 'SABER_L2A_2020190_100767_02.07_20200708_000000.nc.gz', 'path': '/data//atoms/CDAWeb/Timed/saber_L2A_nc/202007/20200708', 'record_time': '2020-08-07 08:26:27', 'start_time': '2020-07-08 00:00:00', 'end_time': '2020-07-08 00:00:00', 'file_size': '4554477', 'state': 'True', 'log': '成功', 'element_storage_status': 'False'}, {'id': '66798', 'category_id': '1', 'category_abbr_en': 'CDA_TIMED_SL2a', 'filename': 'SABER_L2A_2020190_100766_02.07_20200708_000000.nc.gz', 'path': '/data//atoms/CDAWeb/Timed/saber_L2A_nc/202007/20200708', 'record_time': '2020-08-07 08:26:27', 'start_time': '2020-07-08 00:00:00', 'end_time': '2020-07-08 00:00:00', 'file_size': '4761408', 'state': 'True', 'log': '成功', 'element_storage_status': 'False'}, {'id': '66797', 'category_id': '1', 'category_abbr_en': 'CDA_TIMED_SL2a', 'filename': 'SABER_L2A_2020190_100765_02.07_20200708_000000.nc.gz', 'path': '/data//atoms/CDAWeb/Timed/saber_L2A_nc/202007/20200708', 'record_time': '2020-08-07 08:26:27', 'start_time': '2020-07-08 00:00:00', 'end_time': '2020-07-08 00:00:00', 'file_size': '4607411', 'state': 'True', 'log': '成功', 'element_storage_status': 'False'}, {'id': '66796', 'category_id': '1', 'category_abbr_en': 'CDA_TIMED_SL2a', 'filename': 'SABER_L2A_2020190_100764_02.07_20200708_000000.nc.gz', 'path': '/data//atoms/CDAWeb/Timed/saber_L2A_nc/202007/20200708', 'record_time': '2020-08-07 08:26:27', 'start_time': '2020-07-08 00:00:00', 'end_time': '2020-07-08 00:00:00', 'file_size': '4646413', 'state': 'True', 'log': '成功', 'element_storage_status': 'False'}, {'id': '66795', 'category_id': '1', 'category_abbr_en': 'CDA_TIMED_SL2a', 'filename': 'SABER_L2A_2020190_100763_02.07_20200708_000000.nc.gz', 'path': '/data//atoms/CDAWeb/Timed/saber_L2A_nc/202007/20200708', 'record_time': '2020-08-07 08:26:26', 'start_time': '2020-07-08 00:00:00', 'end_time': '2020-07-08 00:00:00', 'file_size': '4544499', 'state': 'True', 'log': '成功', 'element_storage_status': 'False'}, {'id': '66794', 'category_id': '1', 'category_abbr_en': 'CDA_TIMED_SL2a', 'filename': 'SABER_L2A_2020190_100762_02.07_20200708_000000.nc.gz', 'path': '/data//atoms/CDAWeb/Timed/saber_L2A_nc/202007/20200708', 'record_time': '2020-08-07 08:26:26', 'start_time': '2020-07-08 00:00:00', 'end_time': '2020-07-08 00:00:00', 'file_size': '4642216', 'state': 'True', 'log': '成功', 'element_storage_status': 'False'}]
------------------------------------------------------------
------------------------------------------------------------
------------------------------------------------------------
------------------------------------------------------------
------------------------------------------------------------
------------------------------------------------------------
------------------------------------------------------------
------------------------------------------------------------
------------------------------------------------------------
------------------------------------------------------------
------------------------------------------------------------
------------------------------------------------------------
------------------------------------------------------------
------------------------------------------------------------
------------------------------------------------------------
[2020-08-07 11:15:00] [      2090917] 数据库 element_goes_ip,大于时间2020-08-07 02:55:00,产品不存在
[2020-08-07 11:16:02] [      2090917] 数据库 element_kp,产品不存在,时间段2020-08-07 03:00:00 2020-08-07 03:00:00
Traceback (most recent call last):
  File "/home/YJY015/code/db/postgres_archive.py", line 303, in insert_db_table
    cursor.execute(sqlcmd)
psycopg2.errors.UndefinedColumn: column "utc_time" of relation "alert_file_info" does not exist
LINE 1: ...SERT into alert_file_info (record_time,event_type,utc_time,e...
                                                             ^


[2020-08-07 11:21:00] [      2090917] 数据库 element_kp,产品不存在,时间段2020-08-07 03:00:00 2020-08-07 03:00:00
[2020-08-07 11:26:00] [      2090917] 数据库 element_kp,产品不存在,时间段2020-08-07 03:00:00 2020-08-07 03:00:00
[2020-08-07 11:31:02] [      2090917] 数据库 element_kp,产品不存在,时间段2020-08-07 03:00:00 2020-08-07 03:00:00
[2020-08-07 12:01:01] [      2090917] 数据库 element_goes_ie,产品不存在,时间段2020-08-07 04:00:00 2020-08-07 04:00:00
[2020-08-07 12:06:00] [      2090917] 数据库 element_goes_ie,产品不存在,时间段2020-08-07 04:00:00 2020-08-07 04:00:00
[2020-08-07 12:11:00] [      2090917] 数据库 element_goes_ie,产品不存在,时间段2020-08-07 04:00:00 2020-08-07 04:00:00
fullpath = /home/YJY015////data//planet/NGDC/dscovr/fc1/202008/20200804/oe_fc1_dscovr_s20200804000000_e20200804235959_p20200805022146_pub_20200804_000000.nc
output_path = /home/YJY015///product//planet/NGDC/dscovr/fc1/202008/20200804/
------------------------------------------------------------
output_fullpath = /home/YJY015///product//planet/NGDC/dscovr/fc1/202008/20200804/oe_fc1_dscovr_s20200804000000_e20200804235959_p20200805022146_pub_20200804_000000.png
------------------------------------------------------------
output_fullpath = /home/YJY015///product//planet/NGDC/dscovr/m1m/202008/20200804/oe_m1m_dscovr_s20200804000000_e20200804235959_p20200805021711_pub_20200804_000000.png
OMP: Warning #190: Forking a process while a parallel region is active is potentially unsafe.
[2020-08-07 13:01:00] [      2090917] 数据库 element_goes_ie,产品不存在,时间段2020-08-07 05:00:00 2020-08-07 05:00:00
[2020-08-07 13:06:00] [      2090917] 数据库 element_goes_ie,产品不存在,时间段2020-08-07 05:00:00 2020-08-07 05:00:00
[2020-08-07 13:11:00] [      2090917] 数据库 element_goes_ie,产品不存在,时间段2020-08-07 05:00:00 2020-08-07 05:00:00
[2020-08-07 14:01:00][2020-08-07 14:01:00]  [      2090917] [      2090917] 数据库 element_goes_ie,产品不存在,时间段2020-08-07 06:00:00 2020-08-07 06:00:00
数据库 element_kp,产品不存在,时间段2020-08-07 06:00:00 2020-08-07 06:00:00
[2020-08-07 14:06:00] [      2090917] 数据库 element_goes_ie,产品不存在,时间段2020-08-07 06:00:00 2020-08-07 06:00:00
[2020-08-07 14:06:00] [      2090917] 数据库 element_kp,产品不存在,时间段2020-08-07 06:00:00 2020-08-07 06:00:00
Traceback (most recent call last):
  File "/home/YJY015/code/db/postgres_archive.py", line 303, in insert_db_table
    cursor.execute(sqlcmd)
psycopg2.errors.UndefinedColumn: column "utc_time" of relation "alert_file_info" does not exist
LINE 1: ...SERT into alert_file_info (record_time,event_type,utc_time,e...
                                                             ^


[2020-08-07 14:11:00] [      2090917] 数据库 element_kp,产品不存在,时间段2020-08-07 06:00:00 2020-08-07 06:00:00
[2020-08-07 14:11:00] [      2090917] 数据库 element_goes_ie,产品不存在,时间段2020-08-07 06:00:00 2020-08-07 06:00:00
[2020-08-07 14:16:00] [      2090917] 数据库 element_kp,产品不存在,时间段2020-08-07 06:00:00 2020-08-07 06:00:00
[2020-08-07 14:21:00] [      2090917] 数据库 element_kp,产品不存在,时间段2020-08-07 06:00:00 2020-08-07 06:00:00
[2020-08-07 14:26:00] [      2090917] 数据库 element_kp,产品不存在,时间段2020-08-07 06:00:00 2020-08-07 06:00:00
[2020-08-07 14:31:00] [      2090917] 数据库 element_kp,产品不存在,时间段2020-08-07 06:00:00 2020-08-07 06:00:00
[2020-08-07 15:01:01] [      2090917] 数据库 element_goes_ie,产品不存在,时间段2020-08-07 07:00:00 2020-08-07 07:00:00
[2020-08-07 15:06:00] [      2090917] 数据库 element_goes_ie,产品不存在,时间段2020-08-07 07:00:00 2020-08-07 07:00:00
Traceback (most recent call last):
  File "/home/YJY015/code/db/postgres_archive.py", line 303, in insert_db_table
    cursor.execute(sqlcmd)
psycopg2.errors.SyntaxError: syntax error at or near "filename"
LINE 1: ...roduct_SDO_draw_grid\n    filename = searchinfo[\'filename\'...
                                                             ^


Traceback (most recent call last):
  File "/home/YJY015/code/db/postgres_archive.py", line 303, in insert_db_table
    cursor.execute(sqlcmd)
psycopg2.errors.SyntaxError: syntax error at or near "filename"
LINE 1: ...roduct_SDO_draw_grid\n    filename = searchinfo[\'filename\'...
                                                             ^


Traceback (most recent call last):
  File "/home/YJY015/code/db/postgres_archive.py", line 303, in insert_db_table
    cursor.execute(sqlcmd)
psycopg2.errors.SyntaxError: syntax error at or near "filename"
LINE 1: ...roduct_SDO_draw_grid\n    filename = searchinfo[\'filename\'...
                                                             ^


Traceback (most recent call last):
  File "/home/YJY015/code/db/postgres_archive.py", line 303, in insert_db_table
    cursor.execute(sqlcmd)
psycopg2.errors.SyntaxError: syntax error at or near "path"
LINE 1: ...in product_SDO_draw_grid\n    path = searchinfo[\'path\']\n ...
                                                             ^


