[root][2020-07-16 08:58:26][2020-07-16 08:58:26][   3954135]:  /home/YJY015/import/2020-07-14.zip
[root][2020-07-16 08:58:26][2020-07-16 08:58:51][   3954135]:  record_data finish.
[root][2020-07-16 08:58:26][2020-07-16 08:58:51][   3954135]:  record_product finish.
[root][2020-07-16 08:58:26][2020-07-16 08:58:51][   3954135]:  record_alert finish.
[root][2020-07-16 08:58:26][2020-07-16 08:58:51][   3954135]:  record_report finish.
[root][2020-07-16 08:58:26][2020-07-16 08:58:51][   3954135]:  /home/YJY015/json/2020-07-14/element_ace_ep.json finish.
[root][2020-07-16 08:58:26][2020-07-16 08:58:51][   3954135]:  /home/YJY015/json/2020-07-14/element_ace_mag.json finish.
[root][2020-07-16 08:58:26][2020-07-16 08:58:51][   3954135]:  /home/YJY015/json/2020-07-14/element_ace_sis.json finish.
[root][2020-07-16 08:58:26][2020-07-16 08:58:51][   3954135]:  /home/YJY015/json/2020-07-14/element_ace_sw.json finish.
[root][2020-07-16 08:58:26][2020-07-16 08:58:51][   3954135]:  /home/YJY015/json/2020-07-14/element_ap.json finish.
[root][2020-07-16 08:58:26][2020-07-16 08:58:51][   3954135]:  /home/YJY015/json/2020-07-14/element_dst.json finish.
[root][2020-07-16 08:58:26][2020-07-16 08:58:52][   3954135]:  /home/YJY015/json/2020-07-14/element_goes_ie.json finish.
[root][2020-07-16 08:58:26][2020-07-16 08:58:52][   3954135]:  /home/YJY015/json/2020-07-14/element_goes_ip.json finish.
[root][2020-07-16 08:58:26][2020-07-16 08:58:52][   3954135]:  /home/YJY015/json/2020-07-14/element_goes_mag.json finish.
[root][2020-07-16 08:58:26][2020-07-16 08:58:52][   3954135]:  /home/YJY015/json/2020-07-14/element_goes_xr.json finish.
[root][2020-07-16 08:58:26][2020-07-16 08:58:52][   3954135]:  /home/YJY015/json/2020-07-14/element_hpi.json finish.
[root][2020-07-16 08:58:26][2020-07-16 08:58:52][   3954135]:  /home/YJY015/json/2020-07-14/element_kp.json finish.
[root][2020-07-16 08:58:26][2020-07-16 08:58:52][   3954135]:  /home/YJY015/json/2020-07-14/element_rad.json finish.
[root][2020-07-16 08:58:26][2020-07-16 08:58:52][   3954135]:  /home/YJY015/json/2020-07-14/element_ste_het.json finish.
[root][2020-07-16 08:58:26][2020-07-16 08:58:52][   3954135]:  /home/YJY015/json/2020-07-14/element_ste_mag.json finish.
[root][2020-07-16 08:58:26][2020-07-16 08:58:52][   3954135]:  /home/YJY015/json/2020-07-14/element_ste_sw.json finish.
[root][2020-07-16 08:58:26][2020-07-16 08:58:52][   3954135]:  /home/YJY015/json/2020-07-14/element_swpc_flare.json finish.
[root][2020-07-16 08:58:26][2020-07-16 08:58:52][   3954135]:  /home/YJY015/json/2020-07-14/element_tec.json finish.
[root][2020-07-16 08:58:26][2020-07-16 08:58:52][   3954135]:  /home/YJY015/json/2020-07-14/event_configuration.json finish.
