[root][2020-06-24 15:14:53][2020-06-24 15:14:53][   2990391]:  [{'id': '416', 'record_time': '2020-06-24 11:00:40', 'utc_time': '2020-06-24 00:00:00', 'kp': '2', 'level': '', 'descrip': '', 'website': 'SWPC', 'category_abbr_en': 'SWPC_latest_DGD'}]
[root][2020-06-24 15:14:53][2020-06-24 15:14:53][   2990391]:  [{'id': '553', 'record_time': '2020-06-24 10:00:30', 'utc_time': '2020-06-24 00:00:00', 'dst': '-5', 'website': 'KYOTO', 'category_abbr_en': 'KYOTO_Dst_web'}]
[root][2020-06-24 15:14:53][2020-06-24 15:14:53][   2990391]:  kp72 = [-1, -1, -1, -1, -1, -1, -1, -1, -1, -1, -1, -1, -1, -1, -1, -1, -1, -1, -1, -1, -1, -1, -1, -1]
[root][2020-06-24 15:14:53][2020-06-24 15:14:53][   2990391]:  msg_str = 
[root][2020-06-24 15:14:53][2020-06-24 15:14:53][   2990391]:  msg_dic = {}
[root][2020-06-24 15:14:53][2020-06-24 15:14:53][   2990391]:  [{'id': '418', 'record_time': '2020-06-24 11:45:18', 'utc_time': '2020-06-24 03:00:00', 'kp': '2', 'level': '', 'descrip': '', 'website': 'SWPC', 'category_abbr_en': 'SWPC_latest_DGD'}]
[root][2020-06-24 15:14:53][2020-06-24 15:14:53][   2990391]:  [{'id': '556', 'record_time': '2020-06-24 13:00:23', 'utc_time': '2020-06-24 03:00:00', 'dst': '-4', 'website': 'KYOTO', 'category_abbr_en': 'KYOTO_Dst_web'}]
[root][2020-06-24 15:14:53][2020-06-24 15:14:53][   2990391]:  kp72 = [-1, -1, -1, -1, -1, -1, -1, -1, -1, -1, -1, -1, -1, -1, -1, -1, -1, -1, -1, -1, -1, -1, -1, 2]
[root][2020-06-24 15:14:53][2020-06-24 15:14:53][   2990391]:  msg_str = 
[root][2020-06-24 15:14:53][2020-06-24 15:14:53][   2990391]:  msg_dic = {}
[root][2020-06-24 15:17:04][2020-06-24 15:17:04][   2995037]:  [{'id': '416', 'record_time': '2020-06-24 11:00:40', 'utc_time': '2020-06-24 00:00:00', 'kp': '2', 'level': '', 'descrip': '', 'website': 'SWPC', 'category_abbr_en': 'SWPC_latest_DGD'}]
[root][2020-06-24 15:17:04][2020-06-24 15:17:04][   2995037]:  [{'id': '553', 'record_time': '2020-06-24 10:00:30', 'utc_time': '2020-06-24 00:00:00', 'dst': '-5', 'website': 'KYOTO', 'category_abbr_en': 'KYOTO_Dst_web'}]
[root][2020-06-24 15:17:04][2020-06-24 15:17:04][   2995037]:  kp72 = [-1, -1, -1, -1, -1, -1, -1, -1, -1, -1, -1, -1, -1, -1, -1, -1, -1, -1, -1, -1, -1, -1, -1, -1]
[root][2020-06-24 15:17:04][2020-06-24 15:17:04][   2995037]:  msg_str = 
[root][2020-06-24 15:17:04][2020-06-24 15:17:04][   2995037]:  msg_dic = {}
[root][2020-06-24 15:17:04][2020-06-24 15:17:04][   2995037]:  [{'id': '418', 'record_time': '2020-06-24 11:45:18', 'utc_time': '2020-06-24 03:00:00', 'kp': '2', 'level': '', 'descrip': '', 'website': 'SWPC', 'category_abbr_en': 'SWPC_latest_DGD'}]
[root][2020-06-24 15:17:04][2020-06-24 15:17:04][   2995037]:  [{'id': '556', 'record_time': '2020-06-24 13:00:23', 'utc_time': '2020-06-24 03:00:00', 'dst': '-4', 'website': 'KYOTO', 'category_abbr_en': 'KYOTO_Dst_web'}]
[root][2020-06-24 15:17:04][2020-06-24 15:17:04][   2995037]:  kp72 = [-1, -1, -1, -1, -1, -1, -1, -1, -1, -1, -1, -1, -1, -1, -1, -1, -1, -1, -1, -1, -1, -1, -1, 2]
[root][2020-06-24 15:17:04][2020-06-24 15:17:04][   2995037]:  msg_str = 
[root][2020-06-24 15:17:04][2020-06-24 15:17:04][   2995037]:  msg_dic = {}
[root][2020-06-24 15:17:04][2020-06-24 15:17:04][   2995037]:  [{'id': '420', 'record_time': '2020-06-24 14:33:12', 'utc_time': '2020-06-24 06:00:00', 'kp': '2', 'level': '', 'descrip': '', 'website': 'SWPC', 'category_abbr_en': 'SWPC_latest_DGD'}]
[root][2020-06-24 15:17:04][2020-06-24 15:17:04][   2995037]:  []
[root][2020-06-24 15:17:04][2020-06-24 15:17:04][   2995037]:  kp72 = [-1, -1, -1, -1, -1, -1, -1, -1, -1, -1, -1, -1, -1, -1, -1, -1, -1, -1, -1, -1, -1, -1, 2, 2]
[root][2020-06-24 15:17:04][2020-06-24 15:17:04][   2995037]:  msg_str = 
[root][2020-06-24 15:17:04][2020-06-24 15:17:04][   2995037]:  msg_dic = {}
[root][2020-06-24 15:31:31][2020-06-24 15:31:31][   3007686]:  [{'id': '416', 'record_time': '2020-06-24 11:00:40', 'utc_time': '2020-06-24 00:00:00', 'kp': '2', 'level': '', 'descrip': '', 'website': 'SWPC', 'category_abbr_en': 'SWPC_latest_DGD'}]
[root][2020-06-24 15:31:31][2020-06-24 15:31:31][   3007686]:  [{'id': '553', 'record_time': '2020-06-24 10:00:30', 'utc_time': '2020-06-24 00:00:00', 'dst': '-5', 'website': 'KYOTO', 'category_abbr_en': 'KYOTO_Dst_web'}]
[root][2020-06-24 15:31:31][2020-06-24 15:31:31][   3007686]:  kp72 = [-1, -1, -1, -1, -1, -1, -1, -1, -1, -1, -1, -1, -1, -1, -1, -1, -1, -1, -1, -1, -1, -1, -1, -1]
[root][2020-06-24 15:31:31][2020-06-24 15:31:31][   3007686]:  [{'id': '418', 'record_time': '2020-06-24 11:45:18', 'utc_time': '2020-06-24 03:00:00', 'kp': '2', 'level': '', 'descrip': '', 'website': 'SWPC', 'category_abbr_en': 'SWPC_latest_DGD'}]
[root][2020-06-24 15:31:31][2020-06-24 15:31:31][   3007686]:  [{'id': '556', 'record_time': '2020-06-24 13:00:23', 'utc_time': '2020-06-24 03:00:00', 'dst': '-4', 'website': 'KYOTO', 'category_abbr_en': 'KYOTO_Dst_web'}]
[root][2020-06-24 15:31:31][2020-06-24 15:31:31][   3007686]:  kp72 = [-1, -1, -1, -1, -1, -1, -1, -1, -1, -1, -1, -1, -1, -1, -1, -1, -1, -1, -1, -1, -1, -1, -1, 2]
[root][2020-06-24 15:31:31][2020-06-24 15:31:31][   3007686]:  [{'id': '420', 'record_time': '2020-06-24 14:33:12', 'utc_time': '2020-06-24 06:00:00', 'kp': '2', 'level': '', 'descrip': '', 'website': 'SWPC', 'category_abbr_en': 'SWPC_latest_DGD'}]
[root][2020-06-24 15:31:31][2020-06-24 15:31:31][   3007686]:  []
[root][2020-06-24 15:31:31][2020-06-24 15:31:31][   3007686]:  kp72 = [-1, -1, -1, -1, -1, -1, -1, -1, -1, -1, -1, -1, -1, -1, -1, -1, -1, -1, -1, -1, -1, -1, 2, 2]
[root][2020-06-24 15:33:56][2020-06-24 15:33:56][   3008201]:  [{'id': '416', 'record_time': '2020-06-24 11:00:40', 'utc_time': '2020-06-24 00:00:00', 'kp': '2', 'level': '', 'descrip': '', 'website': 'SWPC', 'category_abbr_en': 'SWPC_latest_DGD'}]
[root][2020-06-24 15:33:56][2020-06-24 15:33:56][   3008201]:  [{'id': '553', 'record_time': '2020-06-24 10:00:30', 'utc_time': '2020-06-24 00:00:00', 'dst': '-5', 'website': 'KYOTO', 'category_abbr_en': 'KYOTO_Dst_web'}]
[root][2020-06-24 15:33:56][2020-06-24 15:33:56][   3008201]:  kp72 = [-1, -1, -1, -1, -1, -1, -1, -1, -1, -1, -1, -1, -1, -1, -1, -1, -1, -1, -1, -1, -1, -1, -1, -1]
[root][2020-06-24 15:33:56][2020-06-24 15:33:56][   3008201]:  [{'id': '418', 'record_time': '2020-06-24 11:45:18', 'utc_time': '2020-06-24 03:00:00', 'kp': '2', 'level': '', 'descrip': '', 'website': 'SWPC', 'category_abbr_en': 'SWPC_latest_DGD'}]
[root][2020-06-24 15:33:56][2020-06-24 15:33:56][   3008201]:  [{'id': '556', 'record_time': '2020-06-24 13:00:23', 'utc_time': '2020-06-24 03:00:00', 'dst': '-4', 'website': 'KYOTO', 'category_abbr_en': 'KYOTO_Dst_web'}]
[root][2020-06-24 15:33:56][2020-06-24 15:33:56][   3008201]:  kp72 = [-1, -1, -1, -1, -1, -1, -1, -1, -1, -1, -1, -1, -1, -1, -1, -1, -1, -1, -1, -1, -1, -1, -1, 2]
[root][2020-06-24 15:33:56][2020-06-24 15:33:56][   3008201]:  [{'id': '420', 'record_time': '2020-06-24 14:33:12', 'utc_time': '2020-06-24 06:00:00', 'kp': '2', 'level': '', 'descrip': '', 'website': 'SWPC', 'category_abbr_en': 'SWPC_latest_DGD'}]
[root][2020-06-24 15:33:56][2020-06-24 15:33:56][   3008201]:  []
[root][2020-06-24 15:33:56][2020-06-24 15:33:56][   3008201]:  kp72 = [-1, -1, -1, -1, -1, -1, -1, -1, -1, -1, -1, -1, -1, -1, -1, -1, -1, -1, -1, -1, -1, -1, 2, 2]
[root][2020-06-24 15:36:59][2020-06-24 15:36:59][   3011974]:  [{'id': '416', 'record_time': '2020-06-24 11:00:40', 'utc_time': '2020-06-24 00:00:00', 'kp': '2', 'level': '', 'descrip': '', 'website': 'SWPC', 'category_abbr_en': 'SWPC_latest_DGD'}]
[root][2020-06-24 15:36:59][2020-06-24 15:36:59][   3011974]:  [{'id': '553', 'record_time': '2020-06-24 10:00:30', 'utc_time': '2020-06-24 00:00:00', 'dst': '-5', 'website': 'KYOTO', 'category_abbr_en': 'KYOTO_Dst_web'}]
[root][2020-06-24 15:36:59][2020-06-24 15:36:59][   3011974]:  kp72 = [-1, -1, -1, -1, -1, -1, -1, -1, -1, -1, -1, -1, -1, -1, -1, -1, -1, -1, -1, -1, -1, -1, -1, -1]
[root][2020-06-24 15:36:59][2020-06-24 15:36:59][   3011974]:  [{'id': '418', 'record_time': '2020-06-24 11:45:18', 'utc_time': '2020-06-24 03:00:00', 'kp': '2', 'level': '', 'descrip': '', 'website': 'SWPC', 'category_abbr_en': 'SWPC_latest_DGD'}]
[root][2020-06-24 15:36:59][2020-06-24 15:36:59][   3011974]:  [{'id': '556', 'record_time': '2020-06-24 13:00:23', 'utc_time': '2020-06-24 03:00:00', 'dst': '-4', 'website': 'KYOTO', 'category_abbr_en': 'KYOTO_Dst_web'}]
[root][2020-06-24 15:36:59][2020-06-24 15:36:59][   3011974]:  kp72 = [-1, -1, -1, -1, -1, -1, -1, -1, -1, -1, -1, -1, -1, -1, -1, -1, -1, -1, -1, -1, -1, -1, -1, 2]
[root][2020-06-24 15:36:59][2020-06-24 15:36:59][   3011974]:  [{'id': '420', 'record_time': '2020-06-24 14:33:12', 'utc_time': '2020-06-24 06:00:00', 'kp': '2', 'level': '', 'descrip': '', 'website': 'SWPC', 'category_abbr_en': 'SWPC_latest_DGD'}]
[root][2020-06-24 15:36:59][2020-06-24 15:36:59][   3011974]:  []
[root][2020-06-24 15:36:59][2020-06-24 15:36:59][   3011974]:  kp72 = [-1, -1, -1, -1, -1, -1, -1, -1, -1, -1, -1, -1, -1, -1, -1, -1, -1, -1, -1, -1, -1, -1, 2, 2]
[root][2020-06-24 15:37:44][2020-06-24 15:37:44][   3012066]:  [{'id': '416', 'record_time': '2020-06-24 11:00:40', 'utc_time': '2020-06-24 00:00:00', 'kp': '2', 'level': '', 'descrip': '', 'website': 'SWPC', 'category_abbr_en': 'SWPC_latest_DGD'}]
[root][2020-06-24 15:37:44][2020-06-24 15:37:44][   3012066]:  [{'id': '553', 'record_time': '2020-06-24 10:00:30', 'utc_time': '2020-06-24 00:00:00', 'dst': '-5', 'website': 'KYOTO', 'category_abbr_en': 'KYOTO_Dst_web'}]
[root][2020-06-24 15:37:44][2020-06-24 15:37:44][   3012066]:  kp72 = [-1, -1, -1, -1, -1, -1, -1, -1, -1, -1, -1, -1, -1, -1, -1, -1, -1, -1, -1, -1, -1, -1, -1, -1]
[root][2020-06-24 15:37:44][2020-06-24 15:37:44][   3012066]:  [{'id': '418', 'record_time': '2020-06-24 11:45:18', 'utc_time': '2020-06-24 03:00:00', 'kp': '2', 'level': '', 'descrip': '', 'website': 'SWPC', 'category_abbr_en': 'SWPC_latest_DGD'}]
[root][2020-06-24 15:37:44][2020-06-24 15:37:44][   3012066]:  [{'id': '556', 'record_time': '2020-06-24 13:00:23', 'utc_time': '2020-06-24 03:00:00', 'dst': '-4', 'website': 'KYOTO', 'category_abbr_en': 'KYOTO_Dst_web'}]
[root][2020-06-24 15:37:44][2020-06-24 15:37:44][   3012066]:  kp72 = [-1, -1, -1, -1, -1, -1, -1, -1, -1, -1, -1, -1, -1, -1, -1, -1, -1, -1, -1, -1, -1, -1, -1, 2]
[root][2020-06-24 15:37:44][2020-06-24 15:37:44][   3012066]:  [{'id': '420', 'record_time': '2020-06-24 14:33:12', 'utc_time': '2020-06-24 06:00:00', 'kp': '2', 'level': '', 'descrip': '', 'website': 'SWPC', 'category_abbr_en': 'SWPC_latest_DGD'}]
[root][2020-06-24 15:37:44][2020-06-24 15:37:44][   3012066]:  []
[root][2020-06-24 15:37:44][2020-06-24 15:37:44][   3012066]:  kp72 = [-1, -1, -1, -1, -1, -1, -1, -1, -1, -1, -1, -1, -1, -1, -1, -1, -1, -1, -1, -1, -1, -1, 2, 2]
[root][2020-06-24 15:38:28][2020-06-24 15:38:28][   3012158]:  [{'id': '416', 'record_time': '2020-06-24 11:00:40', 'utc_time': '2020-06-24 00:00:00', 'kp': '2', 'level': '', 'descrip': '', 'website': 'SWPC', 'category_abbr_en': 'SWPC_latest_DGD'}]
[root][2020-06-24 15:38:28][2020-06-24 15:38:28][   3012158]:  [{'id': '553', 'record_time': '2020-06-24 10:00:30', 'utc_time': '2020-06-24 00:00:00', 'dst': '-5', 'website': 'KYOTO', 'category_abbr_en': 'KYOTO_Dst_web'}]
[root][2020-06-24 15:38:28][2020-06-24 15:38:28][   3012158]:  kp72 = [-1, -1, -1, -1, -1, -1, -1, -1, -1, -1, -1, -1, -1, -1, -1, -1, -1, -1, -1, -1, -1, -1, -1, -1]
[root][2020-06-24 15:38:28][2020-06-24 15:38:28][   3012158]:  [{'id': '418', 'record_time': '2020-06-24 11:45:18', 'utc_time': '2020-06-24 03:00:00', 'kp': '2', 'level': '', 'descrip': '', 'website': 'SWPC', 'category_abbr_en': 'SWPC_latest_DGD'}]
[root][2020-06-24 15:38:28][2020-06-24 15:38:28][   3012158]:  [{'id': '556', 'record_time': '2020-06-24 13:00:23', 'utc_time': '2020-06-24 03:00:00', 'dst': '-4', 'website': 'KYOTO', 'category_abbr_en': 'KYOTO_Dst_web'}]
[root][2020-06-24 15:38:28][2020-06-24 15:38:28][   3012158]:  kp72 = [-1, -1, -1, -1, -1, -1, -1, -1, -1, -1, -1, -1, -1, -1, -1, -1, -1, -1, -1, -1, -1, -1, -1, 2]
[root][2020-06-24 15:38:28][2020-06-24 15:38:28][   3012158]:  [{'id': '420', 'record_time': '2020-06-24 14:33:12', 'utc_time': '2020-06-24 06:00:00', 'kp': '2', 'level': '', 'descrip': '', 'website': 'SWPC', 'category_abbr_en': 'SWPC_latest_DGD'}]
[root][2020-06-24 15:38:28][2020-06-24 15:38:28][   3012158]:  []
[root][2020-06-24 15:38:28][2020-06-24 15:38:28][   3012158]:  kp72 = [-1, -1, -1, -1, -1, -1, -1, -1, -1, -1, -1, -1, -1, -1, -1, -1, -1, -1, -1, -1, -1, -1, 2, 2]
[root][2020-06-24 15:38:56][2020-06-24 15:38:56][   3012220]:  [{'id': '416', 'record_time': '2020-06-24 11:00:40', 'utc_time': '2020-06-24 00:00:00', 'kp': '2', 'level': '', 'descrip': '', 'website': 'SWPC', 'category_abbr_en': 'SWPC_latest_DGD'}]
[root][2020-06-24 15:38:56][2020-06-24 15:38:56][   3012220]:  [{'id': '553', 'record_time': '2020-06-24 10:00:30', 'utc_time': '2020-06-24 00:00:00', 'dst': '-5', 'website': 'KYOTO', 'category_abbr_en': 'KYOTO_Dst_web'}]
[root][2020-06-24 15:38:56][2020-06-24 15:38:56][   3012220]:  kp72 = [-1, -1, -1, -1, -1, -1, -1, -1, -1, -1, -1, -1, -1, -1, -1, -1, -1, -1, -1, -1, -1, -1, -1, -1]
[root][2020-06-24 15:38:56][2020-06-24 15:38:56][   3012220]:  [{'id': '418', 'record_time': '2020-06-24 11:45:18', 'utc_time': '2020-06-24 03:00:00', 'kp': '2', 'level': '', 'descrip': '', 'website': 'SWPC', 'category_abbr_en': 'SWPC_latest_DGD'}]
[root][2020-06-24 15:38:56][2020-06-24 15:38:56][   3012220]:  [{'id': '556', 'record_time': '2020-06-24 13:00:23', 'utc_time': '2020-06-24 03:00:00', 'dst': '-4', 'website': 'KYOTO', 'category_abbr_en': 'KYOTO_Dst_web'}]
[root][2020-06-24 15:38:56][2020-06-24 15:38:56][   3012220]:  kp72 = [-1, -1, -1, -1, -1, -1, -1, -1, -1, -1, -1, -1, -1, -1, -1, -1, -1, -1, -1, -1, -1, -1, -1, 2]
[root][2020-06-24 15:38:56][2020-06-24 15:38:56][   3012220]:  [{'id': '420', 'record_time': '2020-06-24 14:33:12', 'utc_time': '2020-06-24 06:00:00', 'kp': '2', 'level': '', 'descrip': '', 'website': 'SWPC', 'category_abbr_en': 'SWPC_latest_DGD'}]
[root][2020-06-24 15:38:56][2020-06-24 15:38:56][   3012220]:  []
[root][2020-06-24 15:38:56][2020-06-24 15:38:56][   3012220]:  kp72 = [-1, -1, -1, -1, -1, -1, -1, -1, -1, -1, -1, -1, -1, -1, -1, -1, -1, -1, -1, -1, -1, -1, 2, 2]
[root][2020-06-24 15:39:31][2020-06-24 15:39:31][   3012297]:  [{'id': '416', 'record_time': '2020-06-24 11:00:40', 'utc_time': '2020-06-24 00:00:00', 'kp': '2', 'level': '', 'descrip': '', 'website': 'SWPC', 'category_abbr_en': 'SWPC_latest_DGD'}]
[root][2020-06-24 15:39:31][2020-06-24 15:39:31][   3012297]:  [{'id': '553', 'record_time': '2020-06-24 10:00:30', 'utc_time': '2020-06-24 00:00:00', 'dst': '-5', 'website': 'KYOTO', 'category_abbr_en': 'KYOTO_Dst_web'}]
[root][2020-06-24 15:39:31][2020-06-24 15:39:31][   3012297]:  kp72 = [-1, -1, -1, -1, -1, -1, -1, -1, -1, -1, -1, -1, -1, -1, -1, -1, -1, -1, -1, -1, -1, -1, -1, -1]
[root][2020-06-24 15:39:31][2020-06-24 15:39:31][   3012297]:  [{'id': '418', 'record_time': '2020-06-24 11:45:18', 'utc_time': '2020-06-24 03:00:00', 'kp': '2', 'level': '', 'descrip': '', 'website': 'SWPC', 'category_abbr_en': 'SWPC_latest_DGD'}]
[root][2020-06-24 15:39:31][2020-06-24 15:39:31][   3012297]:  [{'id': '556', 'record_time': '2020-06-24 13:00:23', 'utc_time': '2020-06-24 03:00:00', 'dst': '-4', 'website': 'KYOTO', 'category_abbr_en': 'KYOTO_Dst_web'}]
[root][2020-06-24 15:39:31][2020-06-24 15:39:31][   3012297]:  kp72 = [-1, -1, -1, -1, -1, -1, -1, -1, -1, -1, -1, -1, -1, -1, -1, -1, -1, -1, -1, -1, -1, -1, -1, 2]
[root][2020-06-24 15:39:31][2020-06-24 15:39:31][   3012297]:  [{'id': '420', 'record_time': '2020-06-24 14:33:12', 'utc_time': '2020-06-24 06:00:00', 'kp': '2', 'level': '', 'descrip': '', 'website': 'SWPC', 'category_abbr_en': 'SWPC_latest_DGD'}]
[root][2020-06-24 15:39:31][2020-06-24 15:39:31][   3012297]:  []
[root][2020-06-24 15:39:31][2020-06-24 15:39:31][   3012297]:  kp72 = [-1, -1, -1, -1, -1, -1, -1, -1, -1, -1, -1, -1, -1, -1, -1, -1, -1, -1, -1, -1, -1, -1, 2, 2]
[root][2020-06-24 15:40:05][2020-06-24 15:40:05][   3012383]:  [{'id': '416', 'record_time': '2020-06-24 11:00:40', 'utc_time': '2020-06-24 00:00:00', 'kp': '2', 'level': '', 'descrip': '', 'website': 'SWPC', 'category_abbr_en': 'SWPC_latest_DGD'}]
[root][2020-06-24 15:40:05][2020-06-24 15:40:05][   3012383]:  [{'id': '553', 'record_time': '2020-06-24 10:00:30', 'utc_time': '2020-06-24 00:00:00', 'dst': '-5', 'website': 'KYOTO', 'category_abbr_en': 'KYOTO_Dst_web'}]
[root][2020-06-24 15:40:05][2020-06-24 15:40:05][   3012383]:  kp72 = [-1, -1, -1, -1, -1, -1, -1, -1, -1, -1, -1, -1, -1, -1, -1, -1, -1, -1, -1, -1, -1, -1, -1, -1]
[root][2020-06-24 15:40:05][2020-06-24 15:40:05][   3012383]:  [{'id': '418', 'record_time': '2020-06-24 11:45:18', 'utc_time': '2020-06-24 03:00:00', 'kp': '2', 'level': '', 'descrip': '', 'website': 'SWPC', 'category_abbr_en': 'SWPC_latest_DGD'}]
[root][2020-06-24 15:40:05][2020-06-24 15:40:05][   3012383]:  [{'id': '556', 'record_time': '2020-06-24 13:00:23', 'utc_time': '2020-06-24 03:00:00', 'dst': '-4', 'website': 'KYOTO', 'category_abbr_en': 'KYOTO_Dst_web'}]
[root][2020-06-24 15:40:05][2020-06-24 15:40:05][   3012383]:  kp72 = [-1, -1, -1, -1, -1, -1, -1, -1, -1, -1, -1, -1, -1, -1, -1, -1, -1, -1, -1, -1, -1, -1, -1, 2]
[root][2020-06-24 15:40:05][2020-06-24 15:40:05][   3012383]:  [{'id': '420', 'record_time': '2020-06-24 14:33:12', 'utc_time': '2020-06-24 06:00:00', 'kp': '2', 'level': '', 'descrip': '', 'website': 'SWPC', 'category_abbr_en': 'SWPC_latest_DGD'}]
[root][2020-06-24 15:40:05][2020-06-24 15:40:05][   3012383]:  []
[root][2020-06-24 15:40:05][2020-06-24 15:40:05][   3012383]:  kp72 = [-1, -1, -1, -1, -1, -1, -1, -1, -1, -1, -1, -1, -1, -1, -1, -1, -1, -1, -1, -1, -1, -1, 2, 2]
[root][2020-06-24 15:40:37][2020-06-24 15:40:37][   3015966]:  [{'id': '416', 'record_time': '2020-06-24 11:00:40', 'utc_time': '2020-06-24 00:00:00', 'kp': '2', 'level': '', 'descrip': '', 'website': 'SWPC', 'category_abbr_en': 'SWPC_latest_DGD'}]
[root][2020-06-24 15:40:37][2020-06-24 15:40:37][   3015966]:  [{'id': '553', 'record_time': '2020-06-24 10:00:30', 'utc_time': '2020-06-24 00:00:00', 'dst': '-5', 'website': 'KYOTO', 'category_abbr_en': 'KYOTO_Dst_web'}]
[root][2020-06-24 15:40:37][2020-06-24 15:40:37][   3015966]:  kp72 = [-1, -1, -1, -1, -1, -1, -1, -1, -1, -1, -1, -1, -1, -1, -1, -1, -1, -1, -1, -1, -1, -1, -1, -1]
[root][2020-06-24 15:40:37][2020-06-24 15:40:37][   3015966]:  [{'id': '418', 'record_time': '2020-06-24 11:45:18', 'utc_time': '2020-06-24 03:00:00', 'kp': '2', 'level': '', 'descrip': '', 'website': 'SWPC', 'category_abbr_en': 'SWPC_latest_DGD'}]
[root][2020-06-24 15:40:37][2020-06-24 15:40:37][   3015966]:  [{'id': '556', 'record_time': '2020-06-24 13:00:23', 'utc_time': '2020-06-24 03:00:00', 'dst': '-4', 'website': 'KYOTO', 'category_abbr_en': 'KYOTO_Dst_web'}]
[root][2020-06-24 15:40:37][2020-06-24 15:40:37][   3015966]:  kp72 = [-1, -1, -1, -1, -1, -1, -1, -1, -1, -1, -1, -1, -1, -1, -1, -1, -1, -1, -1, -1, -1, -1, -1, 2]
[root][2020-06-24 15:40:37][2020-06-24 15:40:37][   3015966]:  [{'id': '420', 'record_time': '2020-06-24 14:33:12', 'utc_time': '2020-06-24 06:00:00', 'kp': '2', 'level': '', 'descrip': '', 'website': 'SWPC', 'category_abbr_en': 'SWPC_latest_DGD'}]
[root][2020-06-24 15:40:37][2020-06-24 15:40:37][   3015966]:  []
[root][2020-06-24 15:40:37][2020-06-24 15:40:37][   3015966]:  kp72 = [-1, -1, -1, -1, -1, -1, -1, -1, -1, -1, -1, -1, -1, -1, -1, -1, -1, -1, -1, -1, -1, -1, 2, 2]
[root][2020-06-24 15:41:30][2020-06-24 15:41:30][   3016065]:  [{'id': '416', 'record_time': '2020-06-24 11:00:40', 'utc_time': '2020-06-24 00:00:00', 'kp': '2', 'level': '', 'descrip': '', 'website': 'SWPC', 'category_abbr_en': 'SWPC_latest_DGD'}]
[root][2020-06-24 15:41:30][2020-06-24 15:41:30][   3016065]:  [{'id': '553', 'record_time': '2020-06-24 10:00:30', 'utc_time': '2020-06-24 00:00:00', 'dst': '-5', 'website': 'KYOTO', 'category_abbr_en': 'KYOTO_Dst_web'}]
[root][2020-06-24 15:41:30][2020-06-24 15:41:30][   3016065]:  kp72 = [-1, -1, -1, -1, -1, -1, -1, -1, -1, -1, -1, -1, -1, -1, -1, -1, -1, -1, -1, -1, -1, -1, -1, -1]
[root][2020-06-24 15:41:30][2020-06-24 15:41:30][   3016065]:  [{'id': '418', 'record_time': '2020-06-24 11:45:18', 'utc_time': '2020-06-24 03:00:00', 'kp': '2', 'level': '', 'descrip': '', 'website': 'SWPC', 'category_abbr_en': 'SWPC_latest_DGD'}]
[root][2020-06-24 15:41:30][2020-06-24 15:41:30][   3016065]:  [{'id': '556', 'record_time': '2020-06-24 13:00:23', 'utc_time': '2020-06-24 03:00:00', 'dst': '-4', 'website': 'KYOTO', 'category_abbr_en': 'KYOTO_Dst_web'}]
[root][2020-06-24 15:41:30][2020-06-24 15:41:30][   3016065]:  kp72 = [-1, -1, -1, -1, -1, -1, -1, -1, -1, -1, -1, -1, -1, -1, -1, -1, -1, -1, -1, -1, -1, -1, -1, 2]
[root][2020-06-24 15:41:30][2020-06-24 15:41:30][   3016065]:  [{'id': '420', 'record_time': '2020-06-24 14:33:12', 'utc_time': '2020-06-24 06:00:00', 'kp': '2', 'level': '', 'descrip': '', 'website': 'SWPC', 'category_abbr_en': 'SWPC_latest_DGD'}]
[root][2020-06-24 15:41:30][2020-06-24 15:41:30][   3016065]:  []
[root][2020-06-24 15:41:30][2020-06-24 15:41:30][   3016065]:  kp72 = [-1, -1, -1, -1, -1, -1, -1, -1, -1, -1, -1, -1, -1, -1, -1, -1, -1, -1, -1, -1, -1, -1, 2, 2]
[root][2020-06-24 15:44:26][2020-06-24 15:44:26][   3016858]:  [{'id': '416', 'record_time': '2020-06-24 11:00:40', 'utc_time': '2020-06-24 00:00:00', 'kp': '2', 'level': '', 'descrip': '', 'website': 'SWPC', 'category_abbr_en': 'SWPC_latest_DGD'}]
[root][2020-06-24 15:44:26][2020-06-24 15:44:26][   3016858]:  [{'id': '553', 'record_time': '2020-06-24 10:00:30', 'utc_time': '2020-06-24 00:00:00', 'dst': '-5', 'website': 'KYOTO', 'category_abbr_en': 'KYOTO_Dst_web'}]
[root][2020-06-24 15:44:26][2020-06-24 15:44:26][   3016858]:  kp72 = [-1, -1, -1, -1, -1, -1, -1, -1, -1, -1, -1, -1, -1, -1, -1, -1, -1, -1, -1, -1, -1, -1, -1, -1]
[root][2020-06-24 15:44:26][2020-06-24 15:44:26][   3016858]:  [{'id': '418', 'record_time': '2020-06-24 11:45:18', 'utc_time': '2020-06-24 03:00:00', 'kp': '2', 'level': '', 'descrip': '', 'website': 'SWPC', 'category_abbr_en': 'SWPC_latest_DGD'}]
[root][2020-06-24 15:44:26][2020-06-24 15:44:26][   3016858]:  [{'id': '556', 'record_time': '2020-06-24 13:00:23', 'utc_time': '2020-06-24 03:00:00', 'dst': '-4', 'website': 'KYOTO', 'category_abbr_en': 'KYOTO_Dst_web'}]
[root][2020-06-24 15:44:26][2020-06-24 15:44:26][   3016858]:  kp72 = [-1, -1, -1, -1, -1, -1, -1, -1, -1, -1, -1, -1, -1, -1, -1, -1, -1, -1, -1, -1, -1, -1, -1, 2]
[root][2020-06-24 15:44:26][2020-06-24 15:44:26][   3016858]:  [{'id': '420', 'record_time': '2020-06-24 14:33:12', 'utc_time': '2020-06-24 06:00:00', 'kp': '2', 'level': '', 'descrip': '', 'website': 'SWPC', 'category_abbr_en': 'SWPC_latest_DGD'}]
[root][2020-06-24 15:44:26][2020-06-24 15:44:26][   3016858]:  []
[root][2020-06-24 15:44:26][2020-06-24 15:44:26][   3016858]:  kp72 = [-1, -1, -1, -1, -1, -1, -1, -1, -1, -1, -1, -1, -1, -1, -1, -1, -1, -1, -1, -1, -1, -1, 2, 2]
[root][2020-06-24 15:45:40][2020-06-24 15:45:40][   3021127]:  [{'id': '416', 'record_time': '2020-06-24 11:00:40', 'utc_time': '2020-06-24 00:00:00', 'kp': '2', 'level': '', 'descrip': '', 'website': 'SWPC', 'category_abbr_en': 'SWPC_latest_DGD'}]
[root][2020-06-24 15:45:40][2020-06-24 15:45:40][   3021127]:  [{'id': '553', 'record_time': '2020-06-24 10:00:30', 'utc_time': '2020-06-24 00:00:00', 'dst': '-5', 'website': 'KYOTO', 'category_abbr_en': 'KYOTO_Dst_web'}]
[root][2020-06-24 15:45:40][2020-06-24 15:45:40][   3021127]:  kp72 = [-1, -1, -1, -1, -1, -1, -1, -1, -1, -1, -1, -1, -1, -1, -1, -1, -1, -1, -1, -1, -1, -1, -1, -1]
[root][2020-06-24 15:45:40][2020-06-24 15:45:40][   3021127]:  [{'id': '418', 'record_time': '2020-06-24 11:45:18', 'utc_time': '2020-06-24 03:00:00', 'kp': '2', 'level': '', 'descrip': '', 'website': 'SWPC', 'category_abbr_en': 'SWPC_latest_DGD'}]
[root][2020-06-24 15:45:40][2020-06-24 15:45:40][   3021127]:  [{'id': '556', 'record_time': '2020-06-24 13:00:23', 'utc_time': '2020-06-24 03:00:00', 'dst': '-4', 'website': 'KYOTO', 'category_abbr_en': 'KYOTO_Dst_web'}]
[root][2020-06-24 15:45:40][2020-06-24 15:45:40][   3021127]:  kp72 = [-1, -1, -1, -1, -1, -1, -1, -1, -1, -1, -1, -1, -1, -1, -1, -1, -1, -1, -1, -1, -1, -1, -1, 2]
[root][2020-06-24 15:45:40][2020-06-24 15:45:40][   3021127]:  [{'id': '420', 'record_time': '2020-06-24 14:33:12', 'utc_time': '2020-06-24 06:00:00', 'kp': '2', 'level': '', 'descrip': '', 'website': 'SWPC', 'category_abbr_en': 'SWPC_latest_DGD'}]
[root][2020-06-24 15:45:40][2020-06-24 15:45:40][   3021127]:  []
[root][2020-06-24 15:45:40][2020-06-24 15:45:40][   3021127]:  kp72 = [-1, -1, -1, -1, -1, -1, -1, -1, -1, -1, -1, -1, -1, -1, -1, -1, -1, -1, -1, -1, -1, -1, 2, 2]
[root][2020-06-24 15:46:48][2020-06-24 15:46:48][   3021507]:  [{'id': '416', 'record_time': '2020-06-24 11:00:40', 'utc_time': '2020-06-24 00:00:00', 'kp': '2', 'level': '', 'descrip': '', 'website': 'SWPC', 'category_abbr_en': 'SWPC_latest_DGD'}]
[root][2020-06-24 15:46:48][2020-06-24 15:46:48][   3021507]:  [{'id': '553', 'record_time': '2020-06-24 10:00:30', 'utc_time': '2020-06-24 00:00:00', 'dst': '-5', 'website': 'KYOTO', 'category_abbr_en': 'KYOTO_Dst_web'}]
[root][2020-06-24 15:46:48][2020-06-24 15:46:48][   3021507]:  kp72 = [-1, -1, -1, -1, -1, -1, -1, -1, -1, -1, -1, -1, -1, -1, -1, -1, -1, -1, -1, -1, -1, -1, -1, -1]
[root][2020-06-24 15:46:48][2020-06-24 15:46:48][   3021507]:  [{'id': '418', 'record_time': '2020-06-24 11:45:18', 'utc_time': '2020-06-24 03:00:00', 'kp': '2', 'level': '', 'descrip': '', 'website': 'SWPC', 'category_abbr_en': 'SWPC_latest_DGD'}]
[root][2020-06-24 15:46:48][2020-06-24 15:46:49][   3021507]:  [{'id': '556', 'record_time': '2020-06-24 13:00:23', 'utc_time': '2020-06-24 03:00:00', 'dst': '-4', 'website': 'KYOTO', 'category_abbr_en': 'KYOTO_Dst_web'}]
[root][2020-06-24 15:46:48][2020-06-24 15:46:49][   3021507]:  kp72 = [-1, -1, -1, -1, -1, -1, -1, -1, -1, -1, -1, -1, -1, -1, -1, -1, -1, -1, -1, -1, -1, -1, -1, 2]
[root][2020-06-24 15:48:49][2020-06-24 15:48:49][   3021685]:  [{'id': '416', 'record_time': '2020-06-24 11:00:40', 'utc_time': '2020-06-24 00:00:00', 'kp': '2', 'level': '', 'descrip': '', 'website': 'SWPC', 'category_abbr_en': 'SWPC_latest_DGD'}]
[root][2020-06-24 15:48:49][2020-06-24 15:48:49][   3021685]:  [{'id': '553', 'record_time': '2020-06-24 10:00:30', 'utc_time': '2020-06-24 00:00:00', 'dst': '-5', 'website': 'KYOTO', 'category_abbr_en': 'KYOTO_Dst_web'}]
[root][2020-06-24 15:48:49][2020-06-24 15:48:49][   3021685]:  kp72 = [-1, -1, -1, -1, -1, -1, -1, -1, -1, -1, -1, -1, -1, -1, -1, -1, -1, -1, -1, -1, -1, -1, -1, -1]
[root][2020-06-24 15:48:49][2020-06-24 15:48:49][   3021685]:  [{'id': '418', 'record_time': '2020-06-24 11:45:18', 'utc_time': '2020-06-24 03:00:00', 'kp': '2', 'level': '', 'descrip': '', 'website': 'SWPC', 'category_abbr_en': 'SWPC_latest_DGD'}]
[root][2020-06-24 15:48:49][2020-06-24 15:48:49][   3021685]:  [{'id': '556', 'record_time': '2020-06-24 13:00:23', 'utc_time': '2020-06-24 03:00:00', 'dst': '-4', 'website': 'KYOTO', 'category_abbr_en': 'KYOTO_Dst_web'}]
[root][2020-06-24 15:48:49][2020-06-24 15:48:49][   3021685]:  kp72 = [-1, -1, -1, -1, -1, -1, -1, -1, -1, -1, -1, -1, -1, -1, -1, -1, -1, -1, -1, -1, -1, -1, -1, 2]
[root][2020-06-24 15:49:46][2020-06-24 15:49:46][   3022047]:  [{'id': '416', 'record_time': '2020-06-24 11:00:40', 'utc_time': '2020-06-24 00:00:00', 'kp': '2', 'level': '', 'descrip': '', 'website': 'SWPC', 'category_abbr_en': 'SWPC_latest_DGD'}]
[root][2020-06-24 15:49:46][2020-06-24 15:49:46][   3022047]:  [{'id': '553', 'record_time': '2020-06-24 10:00:30', 'utc_time': '2020-06-24 00:00:00', 'dst': '-5', 'website': 'KYOTO', 'category_abbr_en': 'KYOTO_Dst_web'}]
[root][2020-06-24 15:49:46][2020-06-24 15:49:46][   3022047]:  kp72 = [-1, -1, -1, -1, -1, -1, -1, -1, -1, -1, -1, -1, -1, -1, -1, -1, -1, -1, -1, -1, -1, -1, -1, -1]
[root][2020-06-24 15:49:46][2020-06-24 15:49:46][   3022047]:  [{'id': '418', 'record_time': '2020-06-24 11:45:18', 'utc_time': '2020-06-24 03:00:00', 'kp': '2', 'level': '', 'descrip': '', 'website': 'SWPC', 'category_abbr_en': 'SWPC_latest_DGD'}]
[root][2020-06-24 15:49:46][2020-06-24 15:49:46][   3022047]:  [{'id': '556', 'record_time': '2020-06-24 13:00:23', 'utc_time': '2020-06-24 03:00:00', 'dst': '-4', 'website': 'KYOTO', 'category_abbr_en': 'KYOTO_Dst_web'}]
[root][2020-06-24 15:49:46][2020-06-24 15:49:46][   3022047]:  kp72 = [-1, -1, -1, -1, -1, -1, -1, -1, -1, -1, -1, -1, -1, -1, -1, -1, -1, -1, -1, -1, -1, -1, -1, 2]
[root][2020-06-24 15:50:19][2020-06-24 15:50:19][   3024983]:  [{'id': '416', 'record_time': '2020-06-24 11:00:40', 'utc_time': '2020-06-24 00:00:00', 'kp': '2', 'level': '', 'descrip': '', 'website': 'SWPC', 'category_abbr_en': 'SWPC_latest_DGD'}]
[root][2020-06-24 15:50:19][2020-06-24 15:50:19][   3024983]:  [{'id': '553', 'record_time': '2020-06-24 10:00:30', 'utc_time': '2020-06-24 00:00:00', 'dst': '-5', 'website': 'KYOTO', 'category_abbr_en': 'KYOTO_Dst_web'}]
[root][2020-06-24 15:50:19][2020-06-24 15:50:19][   3024983]:  kp72 = [-1, -1, -1, -1, -1, -1, -1, -1, -1, -1, -1, -1, -1, -1, -1, -1, -1, -1, -1, -1, -1, -1, -1, -1]
[root][2020-06-24 15:50:19][2020-06-24 15:50:19][   3024983]:  [{'id': '418', 'record_time': '2020-06-24 11:45:18', 'utc_time': '2020-06-24 03:00:00', 'kp': '2', 'level': '', 'descrip': '', 'website': 'SWPC', 'category_abbr_en': 'SWPC_latest_DGD'}]
[root][2020-06-24 15:50:19][2020-06-24 15:50:19][   3024983]:  [{'id': '556', 'record_time': '2020-06-24 13:00:23', 'utc_time': '2020-06-24 03:00:00', 'dst': '-4', 'website': 'KYOTO', 'category_abbr_en': 'KYOTO_Dst_web'}]
[root][2020-06-24 15:50:19][2020-06-24 15:50:19][   3024983]:  kp72 = [-1, -1, -1, -1, -1, -1, -1, -1, -1, -1, -1, -1, -1, -1, -1, -1, -1, -1, -1, -1, -1, -1, -1, 2]
[root][2020-06-24 15:51:25][2020-06-24 15:51:25][   3025738]:  [{'id': '416', 'record_time': '2020-06-24 11:00:40', 'utc_time': '2020-06-24 00:00:00', 'kp': '2', 'level': '', 'descrip': '', 'website': 'SWPC', 'category_abbr_en': 'SWPC_latest_DGD'}]
[root][2020-06-24 15:51:25][2020-06-24 15:51:25][   3025738]:  [{'id': '553', 'record_time': '2020-06-24 10:00:30', 'utc_time': '2020-06-24 00:00:00', 'dst': '-5', 'website': 'KYOTO', 'category_abbr_en': 'KYOTO_Dst_web'}]
[root][2020-06-24 15:51:25][2020-06-24 15:51:25][   3025738]:  kp72 = [-1, -1, -1, -1, -1, -1, -1, -1, -1, -1, -1, -1, -1, -1, -1, -1, -1, -1, -1, -1, -1, -1, -1, -1]
[root][2020-06-24 15:51:25][2020-06-24 15:51:25][   3025738]:  [{'id': '418', 'record_time': '2020-06-24 11:45:18', 'utc_time': '2020-06-24 03:00:00', 'kp': '2', 'level': '', 'descrip': '', 'website': 'SWPC', 'category_abbr_en': 'SWPC_latest_DGD'}]
[root][2020-06-24 15:51:25][2020-06-24 15:51:25][   3025738]:  [{'id': '556', 'record_time': '2020-06-24 13:00:23', 'utc_time': '2020-06-24 03:00:00', 'dst': '-4', 'website': 'KYOTO', 'category_abbr_en': 'KYOTO_Dst_web'}]
[root][2020-06-24 15:51:25][2020-06-24 15:51:25][   3025738]:  kp72 = [-1, -1, -1, -1, -1, -1, -1, -1, -1, -1, -1, -1, -1, -1, -1, -1, -1, -1, -1, -1, -1, -1, -1, 2]
[root][2020-06-24 15:52:48][2020-06-24 15:52:48][   3025865]:  [{'id': '416', 'record_time': '2020-06-24 11:00:40', 'utc_time': '2020-06-24 00:00:00', 'kp': '2', 'level': '', 'descrip': '', 'website': 'SWPC', 'category_abbr_en': 'SWPC_latest_DGD'}]
[root][2020-06-24 15:52:48][2020-06-24 15:52:48][   3025865]:  [{'id': '553', 'record_time': '2020-06-24 10:00:30', 'utc_time': '2020-06-24 00:00:00', 'dst': '-5', 'website': 'KYOTO', 'category_abbr_en': 'KYOTO_Dst_web'}]
[root][2020-06-24 15:52:48][2020-06-24 15:52:48][   3025865]:  kp72 = [-1, -1, -1, -1, -1, -1, -1, -1, -1, -1, -1, -1, -1, -1, -1, -1, -1, -1, -1, -1, -1, -1, -1, -1]
[root][2020-06-24 15:52:48][2020-06-24 15:52:48][   3025865]:  msg_str = 
[root][2020-06-24 15:52:48][2020-06-24 15:52:48][   3025865]:  msg_dic = {}
[root][2020-06-24 15:52:48][2020-06-24 15:52:48][   3025865]:  [{'id': '418', 'record_time': '2020-06-24 11:45:18', 'utc_time': '2020-06-24 03:00:00', 'kp': '2', 'level': '', 'descrip': '', 'website': 'SWPC', 'category_abbr_en': 'SWPC_latest_DGD'}]
[root][2020-06-24 15:52:48][2020-06-24 15:52:48][   3025865]:  [{'id': '556', 'record_time': '2020-06-24 13:00:23', 'utc_time': '2020-06-24 03:00:00', 'dst': '-4', 'website': 'KYOTO', 'category_abbr_en': 'KYOTO_Dst_web'}]
[root][2020-06-24 15:52:48][2020-06-24 15:52:48][   3025865]:  kp72 = [-1, -1, -1, -1, -1, -1, -1, -1, -1, -1, -1, -1, -1, -1, -1, -1, -1, -1, -1, -1, -1, -1, -1, 2]
[root][2020-06-24 15:52:48][2020-06-24 15:52:48][   3025865]:  msg_str = 【空间天气警报】北京时间2020-06-24 08:00至2020-06-24 11:00发生强地磁暴事件，Kp指数为2。
[root][2020-06-24 15:52:48][2020-06-24 15:52:48][   3025865]:  msg_dic = {'date_begin': '2020-06-24 08:00', 'date_end': '2020-06-24 11:00', 'level': '特大', 'descrip': '强', 'P': 2}
