[root][2020-07-08 17:52:28][2020-07-08 17:52:28][   3323914]:  数据库表data_file_info导出数据, 6810条
[root][2020-07-08 17:52:28][2020-07-08 17:53:49][   3323914]:  收集数据data,压缩并导出
[root][2020-07-08 17:53:49][2020-07-08 17:53:49][   3323914]:  数据库表product_file_info导出数据, 10条
[root][2020-07-08 17:53:49][2020-07-08 17:53:50][   3323914]:  产品数据product,压缩并导出
[root][2020-07-08 17:53:50][2020-07-08 17:53:50][   3323914]:  数据库表alert_file_info导出数据, 4条
[root][2020-07-08 17:53:50][2020-07-08 17:53:50][   3323914]:  警报数据alert,压缩并导出
[root][2020-07-08 18:28:43][2020-07-08 18:28:43][   3355036]:  数据库表data_file_info导出数据, 1937条
[root][2020-07-08 18:28:43][2020-07-08 18:28:51][   3355036]:  收集数据data,压缩并导出
[root][2020-07-08 18:28:51][2020-07-08 18:28:51][   3355036]:  数据库表product_file_info导出数据, 2条
[root][2020-07-08 18:28:51][2020-07-08 18:28:51][   3355036]:  产品数据product,压缩并导出
[root][2020-07-08 18:28:51][2020-07-08 18:28:51][   3355036]:  数据库 alert_file_info,产品不存在,时间段2020-07-08 2020-07-08
[root][2020-07-08 18:31:44][2020-07-08 18:31:44][   3359756]:  数据库表data_file_info导出数据, 1959条
[root][2020-07-08 18:31:44][2020-07-08 18:31:47][   3359756]:  收集数据data,压缩并导出
[root][2020-07-08 18:31:47][2020-07-08 18:31:47][   3359756]:  数据库表product_file_info导出数据, 2条
[root][2020-07-08 18:31:47][2020-07-08 18:31:47][   3359756]:  产品数据product,压缩并导出
[root][2020-07-08 18:31:47][2020-07-08 18:31:47][   3359756]:  数据库 alert_file_info,产品不存在,时间段2020-07-08 2020-07-08
[root][2020-07-08 18:33:59][2020-07-08 18:33:59][   3359897]:  数据库表data_file_info导出数据, 1960条
[root][2020-07-08 18:33:59][2020-07-08 18:34:01][   3359897]:  收集数据data,压缩并导出
[root][2020-07-08 18:34:01][2020-07-08 18:34:01][   3359897]:  数据库表product_file_info导出数据, 2条
[root][2020-07-08 18:34:01][2020-07-08 18:34:01][   3359897]:  产品数据product,压缩并导出
[root][2020-07-08 18:34:01][2020-07-08 18:34:01][   3359897]:  数据库 alert_file_info,产品不存在,时间段2020-07-08 2020-07-08
