[root][2020-06-28 16:40:34][2020-06-28 16:40:34][   1600058]:  SELECT * FROM element_kp WHERE category_abbr_en = 'SWPC_latest_DGD' and utc_time BETWEEN '2020-06-28 03:00:00' and '2020-06-28 03:00:00'
[root][2020-06-28 16:40:34][2020-06-28 16:40:34][   1600058]:  [{'id': '482', 'record_time': '2020-06-28 11:45:28', 'utc_time': '2020-06-28 03:00:00', 'kp': '2', 'level': '', 'descrip': '', 'website': 'SWPC', 'category_abbr_en': 'SWPC_latest_DGD'}]
[root][2020-06-28 16:40:34][2020-06-28 16:40:34][   1600058]:  [{'id': '652', 'record_time': '2020-06-28 13:00:25', 'utc_time': '2020-06-28 03:00:00', 'dst': '-19', 'website': 'KYOTO', 'category_abbr_en': 'KYOTO_Dst_web'}]
[root][2020-06-28 16:40:34][2020-06-28 16:40:34][   1600058]:  msg_str = 【空间天气警报】北京时间2020-06-28 08:00至2020-06-28 11:00发生强地磁暴事件，Kp指数为2。
[root][2020-06-28 16:40:34][2020-06-28 16:40:34][   1600058]:  msg_dic = {'date_begin': '2020-06-28 08:00', 'date_end': '2020-06-28 11:00', 'level': '特大', 'descrip': '强', 'P': 2}
[root][2020-06-28 16:40:34][2020-06-28 16:40:39][   1600058]:  PhoneNumbers = {'杨子才': '15600580324', '樊会峰': '15210810672', '邵敬祎': '13810930218'}
[root][2020-06-28 16:40:39][2020-06-28 16:40:39][   1600058]:  SELECT * FROM element_kp WHERE category_abbr_en = 'SWPC_latest_DGD' and utc_time BETWEEN '2020-06-28 06:00:00' and '2020-06-28 06:00:00'
[root][2020-06-28 16:40:39][2020-06-28 16:40:39][   1600058]:  [{'id': '484', 'record_time': '2020-06-28 15:35:21', 'utc_time': '2020-06-28 06:00:00', 'kp': '1', 'level': '', 'descrip': '', 'website': 'SWPC', 'category_abbr_en': 'SWPC_latest_DGD'}]
[root][2020-06-28 16:40:39][2020-06-28 16:40:39][   1600058]:  [{'id': '655', 'record_time': '2020-06-28 16:00:24', 'utc_time': '2020-06-28 06:00:00', 'dst': '-13', 'website': 'KYOTO', 'category_abbr_en': 'KYOTO_Dst_web'}]
[root][2020-06-28 16:40:39][2020-06-28 16:40:39][   1600058]:  msg_str = 【空间天气警报】北京时间2020-06-28 11:00至2020-06-28 14:00发生地磁暴事件，Kp指数为1。
[root][2020-06-28 16:40:39][2020-06-28 16:40:39][   1600058]:  msg_dic = {'date_begin': '2020-06-28 11:00', 'date_end': '2020-06-28 14:00', 'level': '大', 'descrip': '', 'P': 1}
[root][2020-06-28 16:40:39][2020-06-28 16:40:40][   1600058]:  PhoneNumbers = {'杨子才': '15600580324', '樊会峰': '15210810672', '邵敬祎': '13810930218'}
[root][2020-06-28 16:40:40][2020-06-28 16:40:40][   1600058]:  SELECT * FROM element_goes_xr WHERE utc_time BETWEEN '2020-06-28 03:00:00' and '2020-06-28 03:00:00'
[root][2020-06-28 16:40:40][2020-06-28 16:40:40][   1600058]:  msg_str = 
[root][2020-06-28 16:40:40][2020-06-28 16:40:40][   1600058]:  msg_dic = {}
[root][2020-06-28 16:40:40][2020-06-28 16:40:40][   1600058]:  SELECT * FROM element_goes_xr WHERE utc_time BETWEEN '2020-06-28 06:00:00' and '2020-06-28 06:00:00'
[root][2020-06-28 16:40:40][2020-06-28 16:40:40][   1600058]:  msg_str = 【空间天气警报】北京时间2020-06-28 14:00发生强太阳耀斑事件，地球同步轨道监测到的X射线流量达到7.3E-09 W/m^2
[root][2020-06-28 16:40:40][2020-06-28 16:40:40][   1600058]:  msg_dic = {'date': '2020-06-28 14:00', 'level': 'X5.0', 'descrip': '强', 'P': '7.3E-09'}
[root][2020-06-28 16:40:45][2020-06-28 16:40:45][   1600058]:  SELECT * FROM element_goes_xr WHERE utc_time BETWEEN '2020-06-28 03:00:00' and '2020-06-28 03:00:00'
[root][2020-06-28 16:40:45][2020-06-28 16:40:45][   1600058]:  msg_str = 
[root][2020-06-28 16:40:45][2020-06-28 16:40:45][   1600058]:  msg_dic = {}
[root][2020-06-28 16:40:45][2020-06-28 16:40:45][   1600058]:  SELECT * FROM element_goes_xr WHERE utc_time BETWEEN '2020-06-28 06:00:00' and '2020-06-28 06:00:00'
[root][2020-06-28 16:40:45][2020-06-28 16:40:45][   1600058]:  msg_str = 【空间天气警报】北京时间2020-06-28 14:00发生强太阳耀斑事件，地球同步轨道监测到的X射线流量达到7.3E-09 W/m^2
[root][2020-06-28 16:40:45][2020-06-28 16:40:45][   1600058]:  msg_dic = {'date': '2020-06-28 14:00', 'level': 'X5.0', 'descrip': '强', 'P': '7.3E-09'}
[root][2020-06-28 16:40:46][2020-06-28 16:40:46][   1600058]:  SELECT * FROM element_goes_ie WHERE utc_time BETWEEN '2020-06-28 03:00:00' and '2020-06-28 03:00:00'
[root][2020-06-28 16:40:46][2020-06-28 16:40:46][   1600058]:  msg_str = 
[root][2020-06-28 16:40:46][2020-06-28 16:40:46][   1600058]:  msg_dic = {}
[root][2020-06-28 16:40:46][2020-06-28 16:40:46][   1600058]:  SELECT * FROM element_goes_ie WHERE utc_time BETWEEN '2020-06-28 06:00:00' and '2020-06-28 06:00:00'
[root][2020-06-28 16:40:46][2020-06-28 16:40:46][   1600058]:  msg_str = 【空间天气警报】北京时间2020-06-27 14:00至2020-06-28 14:00发生高能电子暴事件，地球同步轨道过去24小时能量≥2MeV的高能电子积分通量达到4.0E+00/(cm^2•d•sr)
[root][2020-06-28 16:40:46][2020-06-28 16:40:46][   1600058]:  msg_dic = {'date_begin': '2020-06-27 14:00', 'date_end': '2020-06-28 14:00', 'level': '弱', 'descrip': '', 'P': '4.0E+00'}
