[root][2020-06-28 13:51:00][2020-06-28 13:51:00][   1460084]:  数据库表data_file_info导出数据, 895条
[root][2020-06-28 13:51:00][2020-06-28 13:51:01][   1460084]:  收集数据data,压缩并导出
[root][2020-06-28 13:53:27][2020-06-28 13:53:27][   1461994]:  数据库表data_file_info导出数据, 897条
[root][2020-06-28 13:53:27][2020-06-28 13:53:28][   1461994]:  收集数据data,压缩并导出
[root][2020-06-28 13:53:28][2020-06-28 13:53:28][   1461994]:  数据库表product_file_info导出数据, 0条
[root][2020-06-28 13:53:28][2020-06-28 13:53:28][   1461994]:  产品数据product,压缩并导出
[root][2020-06-28 13:53:28][2020-06-28 13:53:28][   1461994]:  数据库表alert_file_info导出数据, 5条
[root][2020-06-28 13:53:28][2020-06-28 13:53:28][   1461994]:  警报数据alert,压缩并导出
[root][2020-06-28 14:14:01][2020-06-28 14:14:01][   1479797]:  数据库表data_file_info导出数据, 3848条
[root][2020-06-28 14:14:01][2020-06-28 14:14:17][   1479797]:  收集数据data,压缩并导出
[root][2020-06-28 14:14:17][2020-06-28 14:14:17][   1479797]:  数据库 product_file_info,产品不存在,时间段2020-06-27 2020-06-28
[root][2020-06-28 14:20:48][2020-06-28 14:20:48][   1486818]:  数据库表data_file_info导出数据, 3878条
[root][2020-06-28 14:20:48][2020-06-28 14:20:53][   1486818]:  收集数据data,压缩并导出
[root][2020-06-28 14:20:53][2020-06-28 14:20:53][   1486818]:  数据库 product_file_info,产品不存在,时间段2020-06-27 2020-06-28
[root][2020-06-28 14:21:02][2020-06-28 14:21:02][   1486879]:  数据库表data_file_info导出数据, 3878条
[root][2020-06-28 14:21:02][2020-06-28 14:21:06][   1486879]:  收集数据data,压缩并导出
[root][2020-06-28 14:21:06][2020-06-28 14:21:06][   1486879]:  数据库 product_file_info,产品不存在,时间段2020-06-27 2020-06-28
[root][2020-06-28 14:23:23][2020-06-28 14:23:23][   1488489]:  数据库表data_file_info导出数据, 3879条
[root][2020-06-28 14:23:23][2020-06-28 14:23:27][   1488489]:  收集数据data,压缩并导出
[root][2020-06-28 14:23:27][2020-06-28 14:23:27][   1488489]:  数据库 product_file_info,产品不存在,时间段2020-06-27 2020-06-28
[root][2020-06-28 14:23:35][2020-06-28 14:23:35][   1488504]:  数据库表data_file_info导出数据, 3879条
[root][2020-06-28 14:23:35][2020-06-28 14:23:38][   1488504]:  收集数据data,压缩并导出
[root][2020-06-28 14:23:38][2020-06-28 14:23:38][   1488504]:  数据库 product_file_info,产品不存在,时间段2020-06-27 2020-06-28
