[root][2020-06-17 11:00:26][2020-06-17 11:01:45][    302488]:  local variable 'table_name' referenced before assignment
[root][2020-06-17 11:00:26][2020-06-17 11:01:45][    302488]:  Traceback (most recent call last):
  File "/home/YJY015/code/download.py", line 277, in <module>
    table_name = el_re.get_table_name()
  File "/home/YJY015/code/element_opt/element_record.py", line 101, in get_table_name
    return table_name
UnboundLocalError: local variable 'table_name' referenced before assignment

[root][2020-06-17 21:41:01][2020-06-17 21:41:27][    863285]:  local variable 'table_name' referenced before assignment
[root][2020-06-17 21:41:01][2020-06-17 21:41:27][    863285]:  Traceback (most recent call last):
  File "/home/YJY015//code/download.py", line 277, in <module>
    table_name = el_re.get_table_name()
  File "/home/YJY015/code/element_opt/element_record.py", line 101, in get_table_name
    return table_name
UnboundLocalError: local variable 'table_name' referenced before assignment

[root][2020-06-17 22:11:50][2020-06-17 22:12:06][    900520]:  local variable 'table_name' referenced before assignment
[root][2020-06-17 22:11:50][2020-06-17 22:12:06][    900520]:  Traceback (most recent call last):
  File "/home/YJY015//code/download.py", line 277, in <module>
    table_name = el_re.get_table_name()
  File "/home/YJY015/code/element_opt/element_record.py", line 101, in get_table_name
    return table_name
UnboundLocalError: local variable 'table_name' referenced before assignment

