[root][2020-07-15 09:19:22][2020-07-15 09:19:22][   2273285]:  数据库表data_file_info 导出数据, 2934条
[root][2020-07-15 09:19:22][2020-07-15 09:20:02][   2273285]:  收集数据data,压缩并导出
[root][2020-07-15 09:20:02][2020-07-15 09:20:02][   2273285]:  数据库表product_file_info 导出数据, 35条
[root][2020-07-15 09:20:02][2020-07-15 09:20:04][   2273285]:  产品数据product,压缩并导出
[root][2020-07-15 09:20:04][2020-07-15 09:20:04][   2273285]:  数据库表alert_file_info 导出数据, 7条
[root][2020-07-15 09:20:04][2020-07-15 09:20:04][   2273285]:  警报数据alert,压缩并导出
[root][2020-07-15 09:20:04][2020-07-15 09:20:04][   2273285]:  数据库表report_file_info 导出数据, 1条
[root][2020-07-15 09:20:04][2020-07-15 09:20:04][   2273285]:  报告数据report,压缩并导出
[root][2020-07-15 09:20:04][2020-07-15 09:20:05][   2273285]:  数据库表element_ace_ep 导出数据, 264条
[root][2020-07-15 09:20:04][2020-07-15 09:20:05][   2273285]:  element_ace_ep,压缩并导出
[root][2020-07-15 09:20:04][2020-07-15 09:20:05][   2273285]:  
[root][2020-07-15 09:20:05][2020-07-15 09:20:05][   2273285]:  数据库表element_ace_mag 导出数据, 1320条
[root][2020-07-15 09:20:05][2020-07-15 09:20:05][   2273285]:  element_ace_mag,压缩并导出
[root][2020-07-15 09:20:05][2020-07-15 09:20:05][   2273285]:  
[root][2020-07-15 09:20:05][2020-07-15 09:20:05][   2273285]:  数据库表element_ace_sis 导出数据, 264条
[root][2020-07-15 09:20:05][2020-07-15 09:20:06][   2273285]:  element_ace_sis,压缩并导出
[root][2020-07-15 09:20:05][2020-07-15 09:20:06][   2273285]:  
[root][2020-07-15 09:20:06][2020-07-15 09:20:06][   2273285]:  数据库表element_ace_sw 导出数据, 1320条
[root][2020-07-15 09:20:06][2020-07-15 09:20:06][   2273285]:  element_ace_sw,压缩并导出
[root][2020-07-15 09:20:06][2020-07-15 09:20:06][   2273285]:  
[root][2020-07-15 09:20:06][2020-07-15 09:20:06][   2273285]:  数据库表element_ap 导出数据, 2条
[root][2020-07-15 09:20:06][2020-07-15 09:20:06][   2273285]:  element_ap,压缩并导出
[root][2020-07-15 09:20:06][2020-07-15 09:20:06][   2273285]:  
[root][2020-07-15 09:20:06][2020-07-15 09:20:06][   2273285]:  数据库表element_dst 导出数据, 24条
[root][2020-07-15 09:20:06][2020-07-15 09:20:06][   2273285]:  element_dst,压缩并导出
[root][2020-07-15 09:20:06][2020-07-15 09:20:06][   2273285]:  
[root][2020-07-15 09:20:06][2020-07-15 09:20:06][   2273285]:  数据库 element_f107,产品不存在,时间段2020-07-14 2020-07-14
[root][2020-07-15 09:20:06][2020-07-15 09:20:06][   2273285]:  数据库表element_goes_ie 导出数据, 288条
[root][2020-07-15 09:20:06][2020-07-15 09:20:06][   2273285]:  element_goes_ie,压缩并导出
[root][2020-07-15 09:20:06][2020-07-15 09:20:06][   2273285]:  
[root][2020-07-15 09:20:06][2020-07-15 09:20:06][   2273285]:  数据库表element_goes_ip 导出数据, 288条
[root][2020-07-15 09:20:06][2020-07-15 09:20:06][   2273285]:  element_goes_ip,压缩并导出
[root][2020-07-15 09:20:06][2020-07-15 09:20:06][   2273285]:  
[root][2020-07-15 09:20:06][2020-07-15 09:20:07][   2273285]:  数据库表element_goes_mag 导出数据, 1440条
[root][2020-07-15 09:20:06][2020-07-15 09:20:07][   2273285]:  element_goes_mag,压缩并导出
[root][2020-07-15 09:20:06][2020-07-15 09:20:07][   2273285]:  
[root][2020-07-15 09:20:07][2020-07-15 09:20:07][   2273285]:  数据库表element_goes_xr 导出数据, 1440条
[root][2020-07-15 09:20:07][2020-07-15 09:20:07][   2273285]:  element_goes_xr,压缩并导出
[root][2020-07-15 09:20:07][2020-07-15 09:20:07][   2273285]:  
[root][2020-07-15 09:20:07][2020-07-15 09:20:07][   2273285]:  数据库表element_hpi 导出数据, 269条
[root][2020-07-15 09:20:07][2020-07-15 09:20:07][   2273285]:  element_hpi,压缩并导出
[root][2020-07-15 09:20:07][2020-07-15 09:20:07][   2273285]:  
[root][2020-07-15 09:20:07][2020-07-15 09:20:07][   2273285]:  数据库表element_kp 导出数据, 16条
[root][2020-07-15 09:20:07][2020-07-15 09:20:07][   2273285]:  element_kp,压缩并导出
[root][2020-07-15 09:20:07][2020-07-15 09:20:07][   2273285]:  
[root][2020-07-15 09:20:07][2020-07-15 09:20:07][   2273285]:  数据库表element_rad 导出数据, 63条
[root][2020-07-15 09:20:07][2020-07-15 09:20:07][   2273285]:  element_rad,压缩并导出
[root][2020-07-15 09:20:07][2020-07-15 09:20:07][   2273285]:  
[root][2020-07-15 09:20:07][2020-07-15 09:20:08][   2273285]:  数据库 element_ssn,产品不存在,时间段2020-07-14 2020-07-14
[root][2020-07-15 09:20:08][2020-07-15 09:20:08][   2273285]:  数据库表element_ste_het 导出数据, 263条
[root][2020-07-15 09:20:08][2020-07-15 09:20:08][   2273285]:  element_ste_het,压缩并导出
[root][2020-07-15 09:20:08][2020-07-15 09:20:08][   2273285]:  
[root][2020-07-15 09:20:08][2020-07-15 09:20:08][   2273285]:  数据库表element_ste_mag 导出数据, 1311条
[root][2020-07-15 09:20:08][2020-07-15 09:20:08][   2273285]:  element_ste_mag,压缩并导出
[root][2020-07-15 09:20:08][2020-07-15 09:20:08][   2273285]:  
[root][2020-07-15 09:20:08][2020-07-15 09:20:08][   2273285]:  数据库表element_ste_sw 导出数据, 1251条
[root][2020-07-15 09:20:08][2020-07-15 09:20:09][   2273285]:  element_ste_sw,压缩并导出
[root][2020-07-15 09:20:08][2020-07-15 09:20:09][   2273285]:  
[root][2020-07-15 09:20:09][2020-07-15 09:20:09][   2273285]:  数据库 element_swpc_flare,产品不存在,时间段2020-07-14 2020-07-14
[root][2020-07-15 09:20:09][2020-07-15 09:20:09][   2273285]:  数据库 element_tec,产品不存在,时间段2020-07-14 2020-07-14
[root][2020-07-15 09:20:09][2020-07-15 09:20:09][   2273285]:  数据库表event_configuration 导出数据, 19条
[root][2020-07-15 09:20:09][2020-07-15 09:20:09][   2273285]:  事件等级配置表event_configuration,压缩并导出
[root][2020-07-15 10:48:39][2020-07-15 10:48:39][   2371898]:  数据库 data_file_info,产品不存在,时间段2020-07-06 2020-07-06
[root][2020-07-15 10:48:39][2020-07-15 10:48:39][   2371898]:  数据库 product_file_info,产品不存在,时间段2020-07-06 2020-07-06
[root][2020-07-15 10:48:39][2020-07-15 10:48:39][   2371898]:  数据库表alert_file_info 导出数据, 15条
[root][2020-07-15 10:48:39][2020-07-15 10:48:39][   2371898]:  警报数据alert,压缩并导出
[root][2020-07-15 10:48:39][2020-07-15 10:48:39][   2371898]:  数据库表report_file_info 导出数据, 2条
[root][2020-07-15 10:48:39][2020-07-15 10:48:39][   2371898]:  报告数据report,压缩并导出
[root][2020-07-15 10:48:39][2020-07-15 10:48:39][   2371898]:  数据库表element_ace_ep 导出数据, 288条
[root][2020-07-15 10:48:39][2020-07-15 10:48:39][   2371898]:  element_ace_ep,压缩并导出
[root][2020-07-15 10:48:39][2020-07-15 10:48:39][   2371898]:  
[root][2020-07-15 10:48:39][2020-07-15 10:48:39][   2371898]:  数据库表element_ace_mag 导出数据, 1440条
[root][2020-07-15 10:48:39][2020-07-15 10:48:39][   2371898]:  element_ace_mag,压缩并导出
[root][2020-07-15 10:48:39][2020-07-15 10:48:39][   2371898]:  
[root][2020-07-15 10:48:39][2020-07-15 10:48:39][   2371898]:  数据库表element_ace_sis 导出数据, 288条
[root][2020-07-15 10:48:39][2020-07-15 10:48:39][   2371898]:  element_ace_sis,压缩并导出
[root][2020-07-15 10:48:39][2020-07-15 10:48:39][   2371898]:  
[root][2020-07-15 10:48:39][2020-07-15 10:48:39][   2371898]:  数据库表element_ace_sw 导出数据, 1440条
[root][2020-07-15 10:48:39][2020-07-15 10:48:39][   2371898]:  element_ace_sw,压缩并导出
[root][2020-07-15 10:48:39][2020-07-15 10:48:39][   2371898]:  
[root][2020-07-15 10:48:39][2020-07-15 10:48:39][   2371898]:  数据库表element_ap 导出数据, 2条
[root][2020-07-15 10:48:39][2020-07-15 10:48:39][   2371898]:  element_ap,压缩并导出
[root][2020-07-15 10:48:39][2020-07-15 10:48:39][   2371898]:  
[root][2020-07-15 10:48:39][2020-07-15 10:48:39][   2371898]:  数据库表element_dst 导出数据, 24条
[root][2020-07-15 10:48:39][2020-07-15 10:48:39][   2371898]:  element_dst,压缩并导出
[root][2020-07-15 10:48:39][2020-07-15 10:48:39][   2371898]:  
[root][2020-07-15 10:48:39][2020-07-15 10:48:39][   2371898]:  数据库 element_f107,产品不存在,时间段2020-07-06 2020-07-06
[root][2020-07-15 10:48:39][2020-07-15 10:48:39][   2371898]:  数据库表element_goes_ie 导出数据, 288条
[root][2020-07-15 10:48:39][2020-07-15 10:48:39][   2371898]:  element_goes_ie,压缩并导出
[root][2020-07-15 10:48:39][2020-07-15 10:48:39][   2371898]:  
[root][2020-07-15 10:48:39][2020-07-15 10:48:39][   2371898]:  数据库表element_goes_ip 导出数据, 288条
[root][2020-07-15 10:48:39][2020-07-15 10:48:39][   2371898]:  element_goes_ip,压缩并导出
[root][2020-07-15 10:48:39][2020-07-15 10:48:39][   2371898]:  
[root][2020-07-15 10:48:39][2020-07-15 10:48:40][   2371898]:  数据库表element_goes_mag 导出数据, 1440条
[root][2020-07-15 10:48:39][2020-07-15 10:48:40][   2371898]:  element_goes_mag,压缩并导出
[root][2020-07-15 10:48:39][2020-07-15 10:48:40][   2371898]:  
[root][2020-07-15 10:48:40][2020-07-15 10:48:40][   2371898]:  数据库表element_goes_xr 导出数据, 1440条
[root][2020-07-15 10:48:40][2020-07-15 10:48:40][   2371898]:  element_goes_xr,压缩并导出
[root][2020-07-15 10:48:40][2020-07-15 10:48:40][   2371898]:  
[root][2020-07-15 10:48:40][2020-07-15 10:48:40][   2371898]:  数据库表element_hpi 导出数据, 267条
[root][2020-07-15 10:48:40][2020-07-15 10:48:40][   2371898]:  element_hpi,压缩并导出
[root][2020-07-15 10:48:40][2020-07-15 10:48:40][   2371898]:  
[root][2020-07-15 10:48:40][2020-07-15 10:48:40][   2371898]:  数据库表element_kp 导出数据, 16条
[root][2020-07-15 10:48:40][2020-07-15 10:48:40][   2371898]:  element_kp,压缩并导出
[root][2020-07-15 10:48:40][2020-07-15 10:48:40][   2371898]:  
[root][2020-07-15 10:48:40][2020-07-15 10:48:40][   2371898]:  数据库表element_rad 导出数据, 63条
[root][2020-07-15 10:48:40][2020-07-15 10:48:40][   2371898]:  element_rad,压缩并导出
[root][2020-07-15 10:48:40][2020-07-15 10:48:40][   2371898]:  
[root][2020-07-15 10:48:40][2020-07-15 10:48:40][   2371898]:  数据库 element_ssn,产品不存在,时间段2020-07-06 2020-07-06
[root][2020-07-15 10:48:40][2020-07-15 10:48:40][   2371898]:  数据库表element_ste_het 导出数据, 240条
[root][2020-07-15 10:48:40][2020-07-15 10:48:40][   2371898]:  element_ste_het,压缩并导出
[root][2020-07-15 10:48:40][2020-07-15 10:48:40][   2371898]:  
[root][2020-07-15 10:48:40][2020-07-15 10:48:40][   2371898]:  数据库表element_ste_mag 导出数据, 1140条
[root][2020-07-15 10:48:40][2020-07-15 10:48:40][   2371898]:  element_ste_mag,压缩并导出
[root][2020-07-15 10:48:40][2020-07-15 10:48:40][   2371898]:  
[root][2020-07-15 10:48:40][2020-07-15 10:48:40][   2371898]:  数据库表element_ste_sw 导出数据, 1140条
[root][2020-07-15 10:48:40][2020-07-15 10:48:40][   2371898]:  element_ste_sw,压缩并导出
[root][2020-07-15 10:48:40][2020-07-15 10:48:40][   2371898]:  
[root][2020-07-15 10:48:40][2020-07-15 10:48:40][   2371898]:  数据库表element_swpc_flare 导出数据, 1条
[root][2020-07-15 10:48:40][2020-07-15 10:48:40][   2371898]:  element_swpc_flare,压缩并导出
[root][2020-07-15 10:48:40][2020-07-15 10:48:40][   2371898]:  
[root][2020-07-15 10:48:40][2020-07-15 10:48:40][   2371898]:  数据库表element_tec 导出数据, 19条
[root][2020-07-15 10:48:40][2020-07-15 10:48:40][   2371898]:  element_tec,压缩并导出
[root][2020-07-15 10:48:40][2020-07-15 10:48:40][   2371898]:  
[root][2020-07-15 10:48:40][2020-07-15 10:48:40][   2371898]:  数据库表event_configuration 导出数据, 19条
[root][2020-07-15 10:48:40][2020-07-15 10:48:40][   2371898]:  事件等级配置表event_configuration,压缩并导出
[root][2020-07-15 15:36:51][2020-07-15 15:36:51][   2896615]:  数据库 data_file_info,产品不存在,时间段2020-07-06 2020-07-06
[root][2020-07-15 15:36:51][2020-07-15 15:36:52][   2896615]:  数据库 product_file_info,产品不存在,时间段2020-07-06 2020-07-06
[root][2020-07-15 15:36:52][2020-07-15 15:36:52][   2896615]:  数据库表alert_file_info 导出数据, 15条
[root][2020-07-15 15:43:56][2020-07-15 15:43:56][   2902158]:  数据库 data_file_info,产品不存在,时间段2020-07-06 2020-07-06
[root][2020-07-15 15:43:56][2020-07-15 15:43:56][   2902158]:  数据库 product_file_info,产品不存在,时间段2020-07-06 2020-07-06
[root][2020-07-15 15:43:56][2020-07-15 15:43:56][   2902158]:  数据库表alert_file_info 导出数据, 15条
[root][2020-07-15 15:47:39][2020-07-15 15:47:39][   2907042]:  数据库 data_file_info,产品不存在,时间段2020-07-06 2020-07-06
[root][2020-07-15 15:47:39][2020-07-15 15:47:39][   2907042]:  数据库 product_file_info,产品不存在,时间段2020-07-06 2020-07-06
[root][2020-07-15 15:47:39][2020-07-15 15:47:39][   2907042]:  数据库表alert_file_info 导出数据, 15条
[root][2020-07-15 15:47:39][2020-07-15 15:47:39][   2907042]:  警报数据alert,压缩并导出
[root][2020-07-15 15:47:39][2020-07-15 15:47:39][   2907042]:  数据库表report_file_info 导出数据, 2条
[root][2020-07-15 15:47:39][2020-07-15 15:47:39][   2907042]:  报告数据report,压缩并导出
[root][2020-07-15 15:47:39][2020-07-15 15:47:39][   2907042]:  数据库表element_ace_ep 导出数据, 288条
[root][2020-07-15 15:47:39][2020-07-15 15:47:39][   2907042]:  element_ace_ep,压缩并导出
[root][2020-07-15 15:47:39][2020-07-15 15:47:39][   2907042]:  数据库表element_ace_mag 导出数据, 2878条
[root][2020-07-15 15:47:39][2020-07-15 15:47:40][   2907042]:  element_ace_mag,压缩并导出
[root][2020-07-15 15:47:40][2020-07-15 15:47:40][   2907042]:  数据库表element_ace_sis 导出数据, 288条
[root][2020-07-15 15:47:40][2020-07-15 15:47:40][   2907042]:  element_ace_sis,压缩并导出
[root][2020-07-15 15:47:40][2020-07-15 15:47:40][   2907042]:  数据库表element_ace_sw 导出数据, 1440条
[root][2020-07-15 15:47:40][2020-07-15 15:47:40][   2907042]:  element_ace_sw,压缩并导出
[root][2020-07-15 15:47:40][2020-07-15 15:47:40][   2907042]:  数据库表element_ap 导出数据, 2条
[root][2020-07-15 15:47:40][2020-07-15 15:47:40][   2907042]:  element_ap,压缩并导出
[root][2020-07-15 15:47:40][2020-07-15 15:47:40][   2907042]:  数据库表element_dst 导出数据, 24条
[root][2020-07-15 15:47:40][2020-07-15 15:47:40][   2907042]:  element_dst,压缩并导出
[root][2020-07-15 15:47:40][2020-07-15 15:47:40][   2907042]:  数据库 element_f107,产品不存在,时间段2020-07-06 2020-07-06
[root][2020-07-15 15:47:40][2020-07-15 15:47:40][   2907042]:  数据库表element_goes_ie 导出数据, 572条
[root][2020-07-15 15:47:40][2020-07-15 15:47:40][   2907042]:  element_goes_ie,压缩并导出
[root][2020-07-15 15:47:40][2020-07-15 15:47:40][   2907042]:  数据库表element_goes_ip 导出数据, 576条
[root][2020-07-15 15:47:40][2020-07-15 15:47:41][   2907042]:  element_goes_ip,压缩并导出
[root][2020-07-15 15:47:41][2020-07-15 15:47:41][   2907042]:  数据库表element_goes_mag 导出数据, 2880条
[root][2020-07-15 15:47:41][2020-07-15 15:47:41][   2907042]:  element_goes_mag,压缩并导出
[root][2020-07-15 15:47:41][2020-07-15 15:47:41][   2907042]:  数据库表element_goes_xr 导出数据, 2872条
[root][2020-07-15 15:47:41][2020-07-15 15:47:41][   2907042]:  element_goes_xr,压缩并导出
[root][2020-07-15 15:47:41][2020-07-15 15:47:41][   2907042]:  数据库表element_hpi 导出数据, 267条
[root][2020-07-15 15:47:41][2020-07-15 15:47:41][   2907042]:  element_hpi,压缩并导出
[root][2020-07-15 15:47:41][2020-07-15 15:47:41][   2907042]:  数据库表element_kp 导出数据, 16条
[root][2020-07-15 15:47:41][2020-07-15 15:47:41][   2907042]:  element_kp,压缩并导出
[root][2020-07-15 15:47:41][2020-07-15 15:47:41][   2907042]:  数据库表element_rad 导出数据, 63条
[root][2020-07-15 15:47:41][2020-07-15 15:47:41][   2907042]:  element_rad,压缩并导出
[root][2020-07-15 15:47:41][2020-07-15 15:47:42][   2907042]:  数据库 element_ssn,产品不存在,时间段2020-07-06 2020-07-06
[root][2020-07-15 15:47:42][2020-07-15 15:47:42][   2907042]:  数据库表element_ste_het 导出数据, 240条
[root][2020-07-15 15:47:42][2020-07-15 15:47:42][   2907042]:  element_ste_het,压缩并导出
[root][2020-07-15 15:47:42][2020-07-15 15:47:42][   2907042]:  数据库表element_ste_mag 导出数据, 1140条
[root][2020-07-15 15:47:42][2020-07-15 15:47:42][   2907042]:  element_ste_mag,压缩并导出
[root][2020-07-15 15:47:42][2020-07-15 15:47:42][   2907042]:  数据库表element_ste_sw 导出数据, 1140条
[root][2020-07-15 15:47:42][2020-07-15 15:47:42][   2907042]:  element_ste_sw,压缩并导出
[root][2020-07-15 15:47:42][2020-07-15 15:47:42][   2907042]:  数据库表element_swpc_flare 导出数据, 1条
[root][2020-07-15 15:47:42][2020-07-15 15:47:42][   2907042]:  element_swpc_flare,压缩并导出
[root][2020-07-15 15:47:42][2020-07-15 15:47:42][   2907042]:  数据库表element_tec 导出数据, 19条
[root][2020-07-15 15:47:42][2020-07-15 15:47:42][   2907042]:  element_tec,压缩并导出
[root][2020-07-15 15:47:42][2020-07-15 15:47:42][   2907042]:  数据库 event_configuration,产品不存在,时间段2020-07-06 2020-07-06
[root][2020-07-15 16:41:20][2020-07-15 16:41:20][   2952253]:  数据库 data_file_info,产品不存在,时间段2020-07-06 2020-07-06
[root][2020-07-15 16:41:20][2020-07-15 16:41:20][   2952253]:  数据库 product_file_info,产品不存在,时间段2020-07-06 2020-07-06
[root][2020-07-15 16:41:20][2020-07-15 16:41:20][   2952253]:  数据库表alert_file_info 导出数据, 15条
[root][2020-07-15 16:41:20][2020-07-15 16:41:20][   2952253]:  警报数据alert,压缩并导出
[root][2020-07-15 16:41:20][2020-07-15 16:41:20][   2952253]:  数据库表report_file_info 导出数据, 2条
[root][2020-07-15 16:41:20][2020-07-15 16:41:20][   2952253]:  报告数据report,压缩并导出
[root][2020-07-15 16:41:20][2020-07-15 16:41:20][   2952253]:  数据库表element_ace_ep 导出数据, 288条
[root][2020-07-15 16:41:20][2020-07-15 16:41:20][   2952253]:  element_ace_ep,压缩并导出
[root][2020-07-15 16:41:20][2020-07-15 16:41:20][   2952253]:  数据库表element_ace_mag 导出数据, 2878条
[root][2020-07-15 16:41:20][2020-07-15 16:41:20][   2952253]:  element_ace_mag,压缩并导出
[root][2020-07-15 16:41:20][2020-07-15 16:41:20][   2952253]:  数据库表element_ace_sis 导出数据, 288条
[root][2020-07-15 16:41:20][2020-07-15 16:41:20][   2952253]:  element_ace_sis,压缩并导出
[root][2020-07-15 16:41:20][2020-07-15 16:41:21][   2952253]:  数据库表element_ace_sw 导出数据, 1440条
[root][2020-07-15 16:41:20][2020-07-15 16:41:21][   2952253]:  element_ace_sw,压缩并导出
[root][2020-07-15 16:41:21][2020-07-15 16:41:21][   2952253]:  数据库表element_ap 导出数据, 2条
[root][2020-07-15 16:41:21][2020-07-15 16:41:21][   2952253]:  element_ap,压缩并导出
[root][2020-07-15 16:41:21][2020-07-15 16:41:21][   2952253]:  数据库表element_dst 导出数据, 24条
[root][2020-07-15 16:41:21][2020-07-15 16:41:21][   2952253]:  element_dst,压缩并导出
[root][2020-07-15 16:41:21][2020-07-15 16:41:21][   2952253]:  数据库 element_f107,产品不存在,时间段2020-07-06 2020-07-06
[root][2020-07-15 16:41:21][2020-07-15 16:41:21][   2952253]:  数据库表element_goes_ie 导出数据, 572条
[root][2020-07-15 16:41:21][2020-07-15 16:41:21][   2952253]:  element_goes_ie,压缩并导出
[root][2020-07-15 16:41:21][2020-07-15 16:41:21][   2952253]:  数据库表element_goes_ip 导出数据, 576条
[root][2020-07-15 16:41:21][2020-07-15 16:41:21][   2952253]:  element_goes_ip,压缩并导出
[root][2020-07-15 16:41:21][2020-07-15 16:41:21][   2952253]:  数据库表element_goes_mag 导出数据, 2880条
[root][2020-07-15 16:41:21][2020-07-15 16:41:21][   2952253]:  element_goes_mag,压缩并导出
[root][2020-07-15 16:41:21][2020-07-15 16:41:22][   2952253]:  数据库表element_goes_xr 导出数据, 2872条
[root][2020-07-15 16:41:21][2020-07-15 16:41:22][   2952253]:  element_goes_xr,压缩并导出
[root][2020-07-15 16:41:22][2020-07-15 16:41:22][   2952253]:  数据库表element_hpi 导出数据, 267条
[root][2020-07-15 16:41:22][2020-07-15 16:41:22][   2952253]:  element_hpi,压缩并导出
[root][2020-07-15 16:41:22][2020-07-15 16:41:22][   2952253]:  数据库表element_kp 导出数据, 16条
[root][2020-07-15 16:41:22][2020-07-15 16:41:22][   2952253]:  element_kp,压缩并导出
[root][2020-07-15 16:41:22][2020-07-15 16:41:22][   2952253]:  数据库表element_rad 导出数据, 63条
[root][2020-07-15 16:41:22][2020-07-15 16:41:22][   2952253]:  element_rad,压缩并导出
[root][2020-07-15 16:41:22][2020-07-15 16:41:22][   2952253]:  数据库 element_ssn,产品不存在,时间段2020-07-06 2020-07-06
[root][2020-07-15 16:41:22][2020-07-15 16:41:22][   2952253]:  数据库表element_ste_het 导出数据, 240条
[root][2020-07-15 16:41:22][2020-07-15 16:41:22][   2952253]:  element_ste_het,压缩并导出
[root][2020-07-15 16:41:22][2020-07-15 16:41:22][   2952253]:  数据库表element_ste_mag 导出数据, 1140条
[root][2020-07-15 16:41:22][2020-07-15 16:41:22][   2952253]:  element_ste_mag,压缩并导出
[root][2020-07-15 16:41:22][2020-07-15 16:41:22][   2952253]:  数据库表element_ste_sw 导出数据, 1140条
[root][2020-07-15 16:41:22][2020-07-15 16:41:23][   2952253]:  element_ste_sw,压缩并导出
[root][2020-07-15 16:41:23][2020-07-15 16:41:23][   2952253]:  数据库表element_swpc_flare 导出数据, 1条
[root][2020-07-15 16:41:23][2020-07-15 16:41:23][   2952253]:  element_swpc_flare,压缩并导出
[root][2020-07-15 16:41:23][2020-07-15 16:41:23][   2952253]:  数据库表element_tec 导出数据, 19条
[root][2020-07-15 16:41:23][2020-07-15 16:41:23][   2952253]:  element_tec,压缩并导出
[root][2020-07-15 16:41:23][2020-07-15 16:41:23][   2952253]:  数据库 event_configuration,产品不存在,时间段2020-07-06 2020-07-06
[root][2020-07-15 16:45:30][2020-07-15 16:45:30][   2953668]:  数据库 data_file_info,产品不存在,时间段2020-07-06 2020-07-06
[root][2020-07-15 16:45:30][2020-07-15 16:45:31][   2953668]:  数据库 product_file_info,产品不存在,时间段2020-07-06 2020-07-06
[root][2020-07-15 16:45:31][2020-07-15 16:45:31][   2953668]:  数据库表alert_file_info 导出数据, 15条
[root][2020-07-15 16:45:31][2020-07-15 16:45:31][   2953668]:  警报数据alert,压缩并导出
[root][2020-07-15 16:45:31][2020-07-15 16:45:31][   2953668]:  数据库表report_file_info 导出数据, 2条
[root][2020-07-15 16:45:31][2020-07-15 16:45:31][   2953668]:  报告数据report,压缩并导出
[root][2020-07-15 16:45:31][2020-07-15 16:45:31][   2953668]:  数据库表element_ace_ep 导出数据, 288条
[root][2020-07-15 16:45:31][2020-07-15 16:45:31][   2953668]:  element_ace_ep,压缩并导出
[root][2020-07-15 16:45:31][2020-07-15 16:45:31][   2953668]:  数据库表element_ace_mag 导出数据, 2878条
[root][2020-07-15 16:45:31][2020-07-15 16:45:31][   2953668]:  element_ace_mag,压缩并导出
[root][2020-07-15 16:45:31][2020-07-15 16:45:31][   2953668]:  数据库表element_ace_sis 导出数据, 288条
[root][2020-07-15 16:45:31][2020-07-15 16:45:31][   2953668]:  element_ace_sis,压缩并导出
[root][2020-07-15 16:45:31][2020-07-15 16:45:31][   2953668]:  数据库表element_ace_sw 导出数据, 1440条
[root][2020-07-15 16:45:31][2020-07-15 16:45:31][   2953668]:  element_ace_sw,压缩并导出
[root][2020-07-15 16:45:31][2020-07-15 16:45:31][   2953668]:  数据库表element_ap 导出数据, 2条
[root][2020-07-15 16:45:31][2020-07-15 16:45:31][   2953668]:  element_ap,压缩并导出
[root][2020-07-15 16:45:31][2020-07-15 16:45:31][   2953668]:  数据库表element_dst 导出数据, 24条
[root][2020-07-15 16:45:31][2020-07-15 16:45:31][   2953668]:  element_dst,压缩并导出
[root][2020-07-15 16:45:31][2020-07-15 16:45:32][   2953668]:  数据库 element_f107,产品不存在,时间段2020-07-06 2020-07-06
[root][2020-07-15 16:45:32][2020-07-15 16:45:32][   2953668]:  数据库表element_goes_ie 导出数据, 572条
[root][2020-07-15 16:45:32][2020-07-15 16:45:32][   2953668]:  element_goes_ie,压缩并导出
[root][2020-07-15 16:45:32][2020-07-15 16:45:32][   2953668]:  数据库表element_goes_ip 导出数据, 576条
[root][2020-07-15 16:45:32][2020-07-15 16:45:32][   2953668]:  element_goes_ip,压缩并导出
[root][2020-07-15 16:45:32][2020-07-15 16:45:32][   2953668]:  数据库表element_goes_mag 导出数据, 2880条
[root][2020-07-15 16:45:32][2020-07-15 16:45:32][   2953668]:  element_goes_mag,压缩并导出
[root][2020-07-15 16:45:32][2020-07-15 16:45:32][   2953668]:  数据库表element_goes_xr 导出数据, 2872条
[root][2020-07-15 16:45:32][2020-07-15 16:45:32][   2953668]:  element_goes_xr,压缩并导出
[root][2020-07-15 16:45:32][2020-07-15 16:45:32][   2953668]:  数据库表element_hpi 导出数据, 267条
[root][2020-07-15 16:45:32][2020-07-15 16:45:32][   2953668]:  element_hpi,压缩并导出
[root][2020-07-15 16:45:32][2020-07-15 16:45:33][   2953668]:  数据库表element_kp 导出数据, 16条
[root][2020-07-15 16:45:32][2020-07-15 16:45:33][   2953668]:  element_kp,压缩并导出
[root][2020-07-15 16:45:33][2020-07-15 16:45:33][   2953668]:  数据库表element_rad 导出数据, 63条
[root][2020-07-15 16:45:33][2020-07-15 16:45:33][   2953668]:  element_rad,压缩并导出
[root][2020-07-15 16:45:33][2020-07-15 16:45:33][   2953668]:  数据库 element_ssn,产品不存在,时间段2020-07-06 2020-07-06
[root][2020-07-15 16:45:33][2020-07-15 16:45:33][   2953668]:  数据库表element_ste_het 导出数据, 240条
[root][2020-07-15 16:45:33][2020-07-15 16:45:33][   2953668]:  element_ste_het,压缩并导出
[root][2020-07-15 16:45:33][2020-07-15 16:45:33][   2953668]:  数据库表element_ste_mag 导出数据, 1140条
[root][2020-07-15 16:45:33][2020-07-15 16:45:33][   2953668]:  element_ste_mag,压缩并导出
[root][2020-07-15 16:45:33][2020-07-15 16:45:33][   2953668]:  数据库表element_ste_sw 导出数据, 1140条
[root][2020-07-15 16:45:33][2020-07-15 16:45:33][   2953668]:  element_ste_sw,压缩并导出
[root][2020-07-15 16:45:33][2020-07-15 16:45:33][   2953668]:  数据库表element_swpc_flare 导出数据, 1条
[root][2020-07-15 16:45:33][2020-07-15 16:45:33][   2953668]:  element_swpc_flare,压缩并导出
[root][2020-07-15 16:45:33][2020-07-15 16:45:33][   2953668]:  数据库表element_tec 导出数据, 19条
[root][2020-07-15 16:45:33][2020-07-15 16:45:33][   2953668]:  element_tec,压缩并导出
[root][2020-07-15 16:45:33][2020-07-15 16:45:33][   2953668]:  数据库表event_configuration 导出数据, 19条
[root][2020-07-15 16:45:33][2020-07-15 16:45:33][   2953668]:  事件等级配置表event_configuration,压缩并导出
[root][2020-07-15 16:46:24][2020-07-15 16:46:25][   2954803]:  数据库表data_file_info 导出数据, 3044条
[root][2020-07-15 16:46:24][2020-07-15 16:47:40][   2954803]:  收集数据data,压缩并导出
[root][2020-07-15 16:47:40][2020-07-15 16:47:40][   2954803]:  数据库表product_file_info 导出数据, 36条
[root][2020-07-15 16:47:40][2020-07-15 16:47:42][   2954803]:  产品数据product,压缩并导出
[root][2020-07-15 16:47:42][2020-07-15 16:47:42][   2954803]:  数据库表alert_file_info 导出数据, 7条
[root][2020-07-15 16:47:42][2020-07-15 16:47:42][   2954803]:  警报数据alert,压缩并导出
[root][2020-07-15 16:47:42][2020-07-15 16:47:42][   2954803]:  数据库表report_file_info 导出数据, 1条
[root][2020-07-15 16:47:42][2020-07-15 16:47:42][   2954803]:  报告数据report,压缩并导出
[root][2020-07-15 16:47:42][2020-07-15 16:47:42][   2954803]:  数据库表element_ace_ep 导出数据, 264条
[root][2020-07-15 16:47:42][2020-07-15 16:47:42][   2954803]:  element_ace_ep,压缩并导出
[root][2020-07-15 16:47:42][2020-07-15 16:47:42][   2954803]:  数据库表element_ace_mag 导出数据, 2638条
[root][2020-07-15 16:47:42][2020-07-15 16:47:43][   2954803]:  element_ace_mag,压缩并导出
[root][2020-07-15 16:47:43][2020-07-15 16:47:43][   2954803]:  数据库表element_ace_sis 导出数据, 264条
[root][2020-07-15 16:47:43][2020-07-15 16:47:43][   2954803]:  element_ace_sis,压缩并导出
[root][2020-07-15 16:47:43][2020-07-15 16:47:43][   2954803]:  数据库表element_ace_sw 导出数据, 1320条
[root][2020-07-15 16:47:43][2020-07-15 16:47:43][   2954803]:  element_ace_sw,压缩并导出
[root][2020-07-15 16:47:43][2020-07-15 16:47:43][   2954803]:  数据库表element_ap 导出数据, 2条
[root][2020-07-15 16:47:43][2020-07-15 16:47:43][   2954803]:  element_ap,压缩并导出
[root][2020-07-15 16:47:43][2020-07-15 16:47:43][   2954803]:  数据库表element_dst 导出数据, 24条
[root][2020-07-15 16:47:43][2020-07-15 16:47:44][   2954803]:  element_dst,压缩并导出
[root][2020-07-15 16:47:44][2020-07-15 16:47:44][   2954803]:  数据库 element_f107,产品不存在,时间段2020-07-14 2020-07-14
[root][2020-07-15 16:47:44][2020-07-15 16:47:44][   2954803]:  数据库表element_goes_ie 导出数据, 1070条
[root][2020-07-15 16:47:44][2020-07-15 16:47:44][   2954803]:  element_goes_ie,压缩并导出
[root][2020-07-15 16:47:44][2020-07-15 16:47:44][   2954803]:  数据库表element_goes_ip 导出数据, 576条
[root][2020-07-15 16:47:44][2020-07-15 16:47:44][   2954803]:  element_goes_ip,压缩并导出
[root][2020-07-15 16:47:44][2020-07-15 16:47:44][   2954803]:  数据库表element_goes_mag 导出数据, 2880条
[root][2020-07-15 16:47:44][2020-07-15 16:47:44][   2954803]:  element_goes_mag,压缩并导出
[root][2020-07-15 16:47:44][2020-07-15 16:47:45][   2954803]:  数据库表element_goes_xr 导出数据, 2873条
[root][2020-07-15 16:47:44][2020-07-15 16:47:45][   2954803]:  element_goes_xr,压缩并导出
[root][2020-07-15 16:47:45][2020-07-15 16:47:45][   2954803]:  数据库表element_hpi 导出数据, 269条
[root][2020-07-15 16:47:45][2020-07-15 16:47:45][   2954803]:  element_hpi,压缩并导出
[root][2020-07-15 16:47:45][2020-07-15 16:47:45][   2954803]:  数据库表element_kp 导出数据, 16条
[root][2020-07-15 16:47:45][2020-07-15 16:47:46][   2954803]:  element_kp,压缩并导出
[root][2020-07-15 16:47:46][2020-07-15 16:47:46][   2954803]:  数据库表element_rad 导出数据, 63条
[root][2020-07-15 16:47:46][2020-07-15 16:47:46][   2954803]:  element_rad,压缩并导出
[root][2020-07-15 16:47:46][2020-07-15 16:47:46][   2954803]:  数据库 element_ssn,产品不存在,时间段2020-07-14 2020-07-14
[root][2020-07-15 16:47:46][2020-07-15 16:47:46][   2954803]:  数据库表element_ste_het 导出数据, 263条
[root][2020-07-15 16:47:46][2020-07-15 16:47:46][   2954803]:  element_ste_het,压缩并导出
[root][2020-07-15 16:47:46][2020-07-15 16:47:46][   2954803]:  数据库表element_ste_mag 导出数据, 1311条
[root][2020-07-15 16:47:46][2020-07-15 16:47:46][   2954803]:  element_ste_mag,压缩并导出
[root][2020-07-15 16:47:46][2020-07-15 16:47:46][   2954803]:  数据库表element_ste_sw 导出数据, 1251条
[root][2020-07-15 16:47:46][2020-07-15 16:47:47][   2954803]:  element_ste_sw,压缩并导出
[root][2020-07-15 16:47:47][2020-07-15 16:47:47][   2954803]:  数据库表element_swpc_flare 导出数据, 1条
[root][2020-07-15 16:47:47][2020-07-15 16:47:47][   2954803]:  element_swpc_flare,压缩并导出
[root][2020-07-15 16:47:47][2020-07-15 16:47:47][   2954803]:  数据库表element_tec 导出数据, 6条
[root][2020-07-15 16:47:47][2020-07-15 16:47:47][   2954803]:  element_tec,压缩并导出
[root][2020-07-15 16:47:47][2020-07-15 16:47:47][   2954803]:  数据库表event_configuration 导出数据, 19条
[root][2020-07-15 16:47:47][2020-07-15 16:47:47][   2954803]:  事件等级配置表event_configuration,压缩并导出
[root][2020-07-15 16:56:47][2020-07-15 16:56:48][   2967284]:  数据库表data_file_info 导出数据, 3044条
[root][2020-07-15 16:56:47][2020-07-15 16:57:05][   2967284]:  收集数据data,压缩并导出
[root][2020-07-15 16:57:05][2020-07-15 16:57:05][   2967284]:  数据库表product_file_info 导出数据, 36条
[root][2020-07-15 16:57:05][2020-07-15 16:57:06][   2967284]:  产品数据product,压缩并导出
[root][2020-07-15 16:57:06][2020-07-15 16:57:06][   2967284]:  数据库表alert_file_info 导出数据, 7条
[root][2020-07-15 16:57:06][2020-07-15 16:57:06][   2967284]:  警报数据alert,压缩并导出
[root][2020-07-15 16:57:06][2020-07-15 16:57:06][   2967284]:  数据库表report_file_info 导出数据, 1条
[root][2020-07-15 16:57:06][2020-07-15 16:57:06][   2967284]:  报告数据report,压缩并导出
[root][2020-07-15 16:57:06][2020-07-15 16:57:06][   2967284]:  数据库表element_ace_ep 导出数据, 264条
[root][2020-07-15 16:57:06][2020-07-15 16:57:06][   2967284]:  element_ace_ep,压缩并导出
[root][2020-07-15 16:57:06][2020-07-15 16:57:07][   2967284]:  数据库表element_ace_mag 导出数据, 2638条
[root][2020-07-15 16:57:06][2020-07-15 16:57:07][   2967284]:  element_ace_mag,压缩并导出
[root][2020-07-15 16:57:07][2020-07-15 16:57:07][   2967284]:  数据库表element_ace_sis 导出数据, 264条
[root][2020-07-15 16:57:07][2020-07-15 16:57:07][   2967284]:  element_ace_sis,压缩并导出
[root][2020-07-15 16:57:07][2020-07-15 16:57:07][   2967284]:  数据库表element_ace_sw 导出数据, 1320条
[root][2020-07-15 16:57:07][2020-07-15 16:57:07][   2967284]:  element_ace_sw,压缩并导出
[root][2020-07-15 16:57:07][2020-07-15 16:57:07][   2967284]:  数据库表element_ap 导出数据, 2条
[root][2020-07-15 16:57:07][2020-07-15 16:57:08][   2967284]:  element_ap,压缩并导出
[root][2020-07-15 16:57:08][2020-07-15 16:57:08][   2967284]:  数据库表element_dst 导出数据, 24条
[root][2020-07-15 16:57:08][2020-07-15 16:57:08][   2967284]:  element_dst,压缩并导出
[root][2020-07-15 16:57:08][2020-07-15 16:57:08][   2967284]:  数据库 element_f107,产品不存在,时间段2020-07-14 2020-07-14
[root][2020-07-15 16:57:08][2020-07-15 16:57:08][   2967284]:  数据库表element_goes_ie 导出数据, 1070条
[root][2020-07-15 16:57:08][2020-07-15 16:57:08][   2967284]:  element_goes_ie,压缩并导出
[root][2020-07-15 16:57:08][2020-07-15 16:57:08][   2967284]:  数据库表element_goes_ip 导出数据, 576条
[root][2020-07-15 16:57:08][2020-07-15 16:57:08][   2967284]:  element_goes_ip,压缩并导出
[root][2020-07-15 16:57:08][2020-07-15 16:57:08][   2967284]:  数据库表element_goes_mag 导出数据, 2880条
[root][2020-07-15 16:57:08][2020-07-15 16:57:09][   2967284]:  element_goes_mag,压缩并导出
[root][2020-07-15 16:57:09][2020-07-15 16:57:09][   2967284]:  数据库表element_goes_xr 导出数据, 2873条
[root][2020-07-15 16:57:09][2020-07-15 16:57:09][   2967284]:  element_goes_xr,压缩并导出
[root][2020-07-15 16:57:09][2020-07-15 16:57:09][   2967284]:  数据库表element_hpi 导出数据, 269条
[root][2020-07-15 16:57:09][2020-07-15 16:57:10][   2967284]:  element_hpi,压缩并导出
[root][2020-07-15 16:57:10][2020-07-15 16:57:10][   2967284]:  数据库表element_kp 导出数据, 16条
[root][2020-07-15 16:57:10][2020-07-15 16:57:10][   2967284]:  element_kp,压缩并导出
[root][2020-07-15 16:57:10][2020-07-15 16:57:10][   2967284]:  数据库表element_rad 导出数据, 63条
[root][2020-07-15 16:57:10][2020-07-15 16:57:10][   2967284]:  element_rad,压缩并导出
[root][2020-07-15 16:57:10][2020-07-15 16:57:10][   2967284]:  数据库 element_ssn,产品不存在,时间段2020-07-14 2020-07-14
[root][2020-07-15 16:57:10][2020-07-15 16:57:10][   2967284]:  数据库表element_ste_het 导出数据, 263条
[root][2020-07-15 16:57:10][2020-07-15 16:57:10][   2967284]:  element_ste_het,压缩并导出
[root][2020-07-15 16:57:10][2020-07-15 16:57:10][   2967284]:  数据库表element_ste_mag 导出数据, 1311条
[root][2020-07-15 16:57:10][2020-07-15 16:57:10][   2967284]:  element_ste_mag,压缩并导出
[root][2020-07-15 16:57:10][2020-07-15 16:57:11][   2967284]:  数据库表element_ste_sw 导出数据, 1251条
[root][2020-07-15 16:57:10][2020-07-15 16:57:11][   2967284]:  element_ste_sw,压缩并导出
[root][2020-07-15 16:57:11][2020-07-15 16:57:11][   2967284]:  数据库表element_swpc_flare 导出数据, 1条
[root][2020-07-15 16:57:11][2020-07-15 16:57:11][   2967284]:  element_swpc_flare,压缩并导出
[root][2020-07-15 16:57:11][2020-07-15 16:57:11][   2967284]:  数据库表element_tec 导出数据, 6条
[root][2020-07-15 16:57:11][2020-07-15 16:57:11][   2967284]:  element_tec,压缩并导出
[root][2020-07-15 16:57:11][2020-07-15 16:57:11][   2967284]:  数据库表event_configuration 导出数据, 19条
[root][2020-07-15 16:57:11][2020-07-15 16:57:11][   2967284]:  事件等级配置表event_configuration,压缩并导出
