[root][2020-07-14 10:52:45][2020-07-14 10:52:45][    983975]:  数据库表data_file_info 导出数据, 1903条
[root][2020-07-14 10:52:45][2020-07-14 10:53:11][    983975]:  收集数据data,压缩并导出
[root][2020-07-14 10:53:11][2020-07-14 10:53:11][    983975]:  数据库表product_file_info 导出数据, 2条
[root][2020-07-14 10:53:11][2020-07-14 10:53:12][    983975]:  产品数据product,压缩并导出
[root][2020-07-14 10:53:12][2020-07-14 10:53:12][    983975]:  数据库表alert_file_info 导出数据, 3条
[root][2020-07-14 10:53:12][2020-07-14 10:53:12][    983975]:  警报数据alert,压缩并导出
[root][2020-07-14 11:10:44][2020-07-14 11:10:44][   1001195]:  数据库表data_file_info 导出数据, 1903条
[root][2020-07-14 11:10:44][2020-07-14 11:11:20][   1001195]:  收集数据data,压缩并导出
[root][2020-07-14 11:11:20][2020-07-14 11:11:20][   1001195]:  数据库表product_file_info 导出数据, 2条
[root][2020-07-14 11:11:20][2020-07-14 11:11:20][   1001195]:  产品数据product,压缩并导出
[root][2020-07-14 11:11:20][2020-07-14 11:11:20][   1001195]:  数据库表alert_file_info 导出数据, 3条
[root][2020-07-14 11:11:20][2020-07-14 11:11:20][   1001195]:  警报数据alert,压缩并导出
[root][2020-07-14 11:12:28][2020-07-14 11:12:28][   1004130]:  数据库表data_file_info 导出数据, 1903条
[root][2020-07-14 11:12:28][2020-07-14 11:12:35][   1004130]:  收集数据data,压缩并导出
[root][2020-07-14 11:12:35][2020-07-14 11:12:35][   1004130]:  数据库表product_file_info 导出数据, 2条
[root][2020-07-14 11:12:35][2020-07-14 11:12:36][   1004130]:  产品数据product,压缩并导出
[root][2020-07-14 11:12:36][2020-07-14 11:12:36][   1004130]:  数据库表alert_file_info 导出数据, 3条
[root][2020-07-14 11:12:36][2020-07-14 11:12:36][   1004130]:  警报数据alert,压缩并导出
[root][2020-07-14 11:12:36][2020-07-14 11:12:36][   1004130]:  数据库 report_file_info,产品不存在,时间段2020-07-10 2020-07-10
[root][2020-07-14 11:12:36][2020-07-14 11:12:36][   1004130]:  数据库表element_ace_ep 导出数据, 84条
[root][2020-07-14 11:12:36][2020-07-14 11:12:36][   1004130]:  element_ace_ep,压缩并导出
[root][2020-07-14 11:12:36][2020-07-14 11:12:36][   1004130]:  
[root][2020-07-14 11:12:36][2020-07-14 11:12:36][   1004130]:  数据库表element_ace_mag 导出数据, 420条
[root][2020-07-14 11:12:36][2020-07-14 11:12:36][   1004130]:  element_ace_mag,压缩并导出
[root][2020-07-14 11:12:36][2020-07-14 11:12:36][   1004130]:  
[root][2020-07-14 11:12:36][2020-07-14 11:12:36][   1004130]:  数据库表element_ace_sis 导出数据, 84条
[root][2020-07-14 11:12:36][2020-07-14 11:12:36][   1004130]:  element_ace_sis,压缩并导出
[root][2020-07-14 11:12:36][2020-07-14 11:12:36][   1004130]:  
[root][2020-07-14 11:12:36][2020-07-14 11:12:36][   1004130]:  数据库表element_ace_sw 导出数据, 420条
[root][2020-07-14 11:12:36][2020-07-14 11:12:36][   1004130]:  element_ace_sw,压缩并导出
[root][2020-07-14 11:12:36][2020-07-14 11:12:36][   1004130]:  
[root][2020-07-14 11:12:36][2020-07-14 11:12:36][   1004130]:  数据库表element_ap 导出数据, 2条
[root][2020-07-14 11:12:36][2020-07-14 11:12:36][   1004130]:  element_ap,压缩并导出
[root][2020-07-14 11:12:36][2020-07-14 11:12:36][   1004130]:  
[root][2020-07-14 11:12:36][2020-07-14 11:12:36][   1004130]:  数据库表element_dst 导出数据, 24条
[root][2020-07-14 11:12:36][2020-07-14 11:12:37][   1004130]:  element_dst,压缩并导出
[root][2020-07-14 11:12:36][2020-07-14 11:12:37][   1004130]:  
[root][2020-07-14 11:12:37][2020-07-14 11:12:37][   1004130]:  数据库 element_f107,产品不存在,时间段2020-07-10 2020-07-10
[root][2020-07-14 11:12:37][2020-07-14 11:12:37][   1004130]:  数据库表element_goes_ie 导出数据, 127条
[root][2020-07-14 11:12:37][2020-07-14 11:12:37][   1004130]:  element_goes_ie,压缩并导出
[root][2020-07-14 11:12:37][2020-07-14 11:12:37][   1004130]:  
[root][2020-07-14 11:12:37][2020-07-14 11:12:37][   1004130]:  数据库表element_goes_ip 导出数据, 126条
[root][2020-07-14 11:12:37][2020-07-14 11:12:37][   1004130]:  element_goes_ip,压缩并导出
[root][2020-07-14 11:12:37][2020-07-14 11:12:37][   1004130]:  
[root][2020-07-14 11:12:37][2020-07-14 11:12:37][   1004130]:  数据库表element_goes_mag 导出数据, 633条
[root][2020-07-14 11:12:37][2020-07-14 11:12:37][   1004130]:  element_goes_mag,压缩并导出
[root][2020-07-14 11:12:37][2020-07-14 11:12:37][   1004130]:  
[root][2020-07-14 11:12:37][2020-07-14 11:12:37][   1004130]:  数据库表element_goes_xr 导出数据, 628条
[root][2020-07-14 11:12:37][2020-07-14 11:12:37][   1004130]:  element_goes_xr,压缩并导出
[root][2020-07-14 11:12:37][2020-07-14 11:12:37][   1004130]:  
[root][2020-07-14 11:12:37][2020-07-14 11:12:37][   1004130]:  数据库表element_hpi 导出数据, 96条
[root][2020-07-14 11:12:37][2020-07-14 11:12:37][   1004130]:  element_hpi,压缩并导出
[root][2020-07-14 11:12:37][2020-07-14 11:12:37][   1004130]:  
[root][2020-07-14 11:12:37][2020-07-14 11:12:37][   1004130]:  数据库表element_kp 导出数据, 16条
[root][2020-07-14 11:12:37][2020-07-14 11:12:37][   1004130]:  element_kp,压缩并导出
[root][2020-07-14 11:12:37][2020-07-14 11:12:37][   1004130]:  
[root][2020-07-14 11:12:37][2020-07-14 11:12:37][   1004130]:  数据库表element_rad 导出数据, 63条
[root][2020-07-14 11:12:37][2020-07-14 11:12:37][   1004130]:  element_rad,压缩并导出
[root][2020-07-14 11:12:37][2020-07-14 11:12:37][   1004130]:  
[root][2020-07-14 11:12:37][2020-07-14 11:12:38][   1004130]:  数据库 element_ssn,产品不存在,时间段2020-07-10 2020-07-10
[root][2020-07-14 11:12:38][2020-07-14 11:12:38][   1004130]:  数据库表element_ste_het 导出数据, 83条
[root][2020-07-14 11:12:38][2020-07-14 11:12:38][   1004130]:  element_ste_het,压缩并导出
[root][2020-07-14 11:12:38][2020-07-14 11:12:38][   1004130]:  
[root][2020-07-14 11:12:38][2020-07-14 11:12:38][   1004130]:  数据库表element_ste_mag 导出数据, 411条
[root][2020-07-14 11:12:38][2020-07-14 11:12:38][   1004130]:  element_ste_mag,压缩并导出
[root][2020-07-14 11:12:38][2020-07-14 11:12:38][   1004130]:  
[root][2020-07-14 11:12:38][2020-07-14 11:12:38][   1004130]:  数据库表element_ste_sw 导出数据, 351条
[root][2020-07-14 11:12:38][2020-07-14 11:12:38][   1004130]:  element_ste_sw,压缩并导出
[root][2020-07-14 11:12:38][2020-07-14 11:12:38][   1004130]:  
[root][2020-07-14 11:12:38][2020-07-14 11:12:38][   1004130]:  数据库 element_swpc_flare,产品不存在,时间段2020-07-10 2020-07-10
[root][2020-07-14 11:12:38][2020-07-14 11:12:38][   1004130]:  数据库 element_tec,产品不存在,时间段2020-07-10 2020-07-10
[root][2020-07-14 11:12:38][2020-07-14 11:12:38][   1004130]:  数据库表event_configuration 导出数据, 19条
[root][2020-07-14 11:12:38][2020-07-14 11:12:38][   1004130]:  事件等级配置表event_configuration,压缩并导出
[root][2020-07-14 13:20:34][2020-07-14 13:20:34][   1127324]:  数据库表data_file_info 导出数据, 3571条
[root][2020-07-14 13:20:56][2020-07-14 13:20:57][   1128196]:  数据库表data_file_info 导出数据, 3571条
[root][2020-07-14 13:20:56][2020-07-14 13:21:46][   1128196]:  收集数据data,压缩并导出
[root][2020-07-14 13:21:46][2020-07-14 13:21:47][   1128196]:  数据库表product_file_info 导出数据, 31条
[root][2020-07-14 13:20:34][2020-07-14 13:21:47][   1127324]:  收集数据data,压缩并导出
[root][2020-07-14 13:21:47][2020-07-14 13:21:47][   1127324]:  数据库表product_file_info 导出数据, 31条
[root][2020-07-14 13:21:47][2020-07-14 13:21:48][   1127324]:  产品数据product,压缩并导出
[root][2020-07-14 13:21:48][2020-07-14 13:21:48][   1127324]:  数据库表alert_file_info 导出数据, 8条
[root][2020-07-14 13:21:46][2020-07-14 13:21:48][   1128196]:  产品数据product,压缩并导出
[root][2020-07-14 13:21:48][2020-07-14 13:21:48][   1127324]:  警报数据alert,压缩并导出
[root][2020-07-14 13:21:48][2020-07-14 13:21:48][   1128196]:  数据库表alert_file_info 导出数据, 8条
[root][2020-07-14 13:21:48][2020-07-14 13:21:48][   1127324]:  数据库 report_file_info,产品不存在,时间段2020-07-13 2020-07-14
[root][2020-07-14 13:21:48][2020-07-14 13:21:48][   1128196]:  警报数据alert,压缩并导出
[root][2020-07-14 13:21:48][2020-07-14 13:21:48][   1127324]:  数据库表element_ace_ep 导出数据, 264条
[root][2020-07-14 13:21:48][2020-07-14 13:21:48][   1127324]:  element_ace_ep,压缩并导出
[root][2020-07-14 13:21:48][2020-07-14 13:21:48][   1127324]:  
[root][2020-07-14 13:21:48][2020-07-14 13:21:48][   1128196]:  数据库 report_file_info,产品不存在,时间段2020-07-13 2020-07-14
[root][2020-07-14 13:21:48][2020-07-14 13:21:48][   1128196]:  数据库表element_ace_ep 导出数据, 264条
[root][2020-07-14 13:21:48][2020-07-14 13:21:48][   1128196]:  element_ace_ep,压缩并导出
[root][2020-07-14 13:21:48][2020-07-14 13:21:48][   1128196]:  
[root][2020-07-14 13:21:48][2020-07-14 13:21:48][   1127324]:  数据库表element_ace_mag 导出数据, 1500条
[root][2020-07-14 13:21:48][2020-07-14 13:21:48][   1128196]:  数据库表element_ace_mag 导出数据, 1500条
[root][2020-07-14 13:21:48][2020-07-14 13:21:48][   1127324]:  element_ace_mag,压缩并导出
[root][2020-07-14 13:21:48][2020-07-14 13:21:48][   1127324]:  
[root][2020-07-14 13:21:48][2020-07-14 13:21:48][   1127324]:  数据库表element_ace_sis 导出数据, 300条
[root][2020-07-14 13:21:48][2020-07-14 13:21:48][   1127324]:  element_ace_sis,压缩并导出
[root][2020-07-14 13:21:48][2020-07-14 13:21:48][   1127324]:  
[root][2020-07-14 13:21:48][2020-07-14 13:21:49][   1127324]:  数据库表element_ace_sw 导出数据, 1560条
[root][2020-07-14 13:21:48][2020-07-14 13:21:49][   1127324]:  element_ace_sw,压缩并导出
[root][2020-07-14 13:21:48][2020-07-14 13:21:49][   1127324]:  
[root][2020-07-14 13:21:49][2020-07-14 13:21:49][   1127324]:  数据库表element_ap 导出数据, 3条
[root][2020-07-14 13:21:49][2020-07-14 13:21:49][   1127324]:  element_ap,压缩并导出
[root][2020-07-14 13:21:49][2020-07-14 13:21:49][   1127324]:  
[root][2020-07-14 13:21:49][2020-07-14 13:21:49][   1127324]:  数据库表element_dst 导出数据, 28条
[root][2020-07-14 13:21:49][2020-07-14 13:21:49][   1127324]:  element_dst,压缩并导出
[root][2020-07-14 13:21:49][2020-07-14 13:21:49][   1127324]:  
[root][2020-07-14 13:21:49][2020-07-14 13:21:49][   1127324]:  数据库 element_f107,产品不存在,时间段2020-07-13 2020-07-14
[root][2020-07-14 13:21:49][2020-07-14 13:21:49][   1127324]:  数据库表element_goes_ie 导出数据, 351条
[root][2020-07-14 13:21:49][2020-07-14 13:21:49][   1127324]:  element_goes_ie,压缩并导出
[root][2020-07-14 13:21:49][2020-07-14 13:21:49][   1127324]:  
[root][2020-07-14 13:21:49][2020-07-14 13:21:49][   1127324]:  数据库表element_goes_ip 导出数据, 350条
[root][2020-07-14 13:21:49][2020-07-14 13:21:49][   1127324]:  element_goes_ip,压缩并导出
[root][2020-07-14 13:21:49][2020-07-14 13:21:49][   1127324]:  
[root][2020-07-14 13:21:49][2020-07-14 13:21:49][   1127324]:  数据库表element_goes_mag 导出数据, 1758条
[root][2020-07-14 13:21:49][2020-07-14 13:21:49][   1127324]:  element_goes_mag,压缩并导出
[root][2020-07-14 13:21:49][2020-07-14 13:21:49][   1127324]:  
[root][2020-07-14 13:21:49][2020-07-14 13:21:49][   1127324]:  数据库表element_goes_xr 导出数据, 1753条
[root][2020-07-14 13:21:49][2020-07-14 13:21:49][   1127324]:  element_goes_xr,压缩并导出
[root][2020-07-14 13:21:49][2020-07-14 13:21:49][   1127324]:  
[root][2020-07-14 13:21:49][2020-07-14 13:21:49][   1127324]:  数据库表element_hpi 导出数据, 330条
[root][2020-07-14 13:21:49][2020-07-14 13:21:49][   1127324]:  element_hpi,压缩并导出
[root][2020-07-14 13:21:49][2020-07-14 13:21:49][   1127324]:  
[root][2020-07-14 13:21:49][2020-07-14 13:21:49][   1127324]:  数据库表element_kp 导出数据, 20条
[root][2020-07-14 13:21:49][2020-07-14 13:21:49][   1127324]:  element_kp,压缩并导出
[root][2020-07-14 13:21:49][2020-07-14 13:21:49][   1127324]:  
[root][2020-07-14 13:21:49][2020-07-14 13:21:49][   1127324]:  数据库表element_rad 导出数据, 126条
[root][2020-07-14 13:21:49][2020-07-14 13:21:49][   1127324]:  element_rad,压缩并导出
[root][2020-07-14 13:21:49][2020-07-14 13:21:49][   1127324]:  
[root][2020-07-14 13:21:49][2020-07-14 13:21:49][   1127324]:  数据库 element_ssn,产品不存在,时间段2020-07-13 2020-07-14
[root][2020-07-14 13:21:49][2020-07-14 13:21:49][   1127324]:  数据库表element_ste_het 导出数据, 216条
[root][2020-07-14 13:21:49][2020-07-14 13:21:49][   1127324]:  element_ste_het,压缩并导出
[root][2020-07-14 13:21:49][2020-07-14 13:21:49][   1127324]:  
[root][2020-07-14 13:21:49][2020-07-14 13:21:50][   1127324]:  数据库表element_ste_mag 导出数据, 900条
[root][2020-07-14 13:21:49][2020-07-14 13:21:50][   1127324]:  element_ste_mag,压缩并导出
[root][2020-07-14 13:21:49][2020-07-14 13:21:50][   1127324]:  
[root][2020-07-14 13:21:50][2020-07-14 13:21:50][   1127324]:  数据库表element_ste_sw 导出数据, 960条
[root][2020-07-14 13:21:50][2020-07-14 13:21:50][   1127324]:  element_ste_sw,压缩并导出
[root][2020-07-14 13:21:50][2020-07-14 13:21:50][   1127324]:  
[root][2020-07-14 13:21:50][2020-07-14 13:21:50][   1127324]:  数据库 element_swpc_flare,产品不存在,时间段2020-07-13 2020-07-14
[root][2020-07-14 13:21:50][2020-07-14 13:21:50][   1127324]:  数据库表element_tec 导出数据, 1条
[root][2020-07-14 13:21:50][2020-07-14 13:21:50][   1127324]:  element_tec,压缩并导出
[root][2020-07-14 13:21:50][2020-07-14 13:21:50][   1127324]:  
[root][2020-07-14 13:21:50][2020-07-14 13:21:50][   1127324]:  数据库表event_configuration 导出数据, 19条
[root][2020-07-14 13:21:50][2020-07-14 13:21:50][   1127324]:  事件等级配置表event_configuration,压缩并导出
[root][2020-07-14 13:25:17][2020-07-14 13:25:18][   1131244]:  数据库表data_file_info 导出数据, 2648条
[root][2020-07-14 13:25:17][2020-07-14 13:25:28][   1131244]:  收集数据data,压缩并导出
[root][2020-07-14 13:25:28][2020-07-14 13:25:28][   1131244]:  数据库表product_file_info 导出数据, 23条
[root][2020-07-14 13:25:28][2020-07-14 13:25:28][   1131244]:  产品数据product,压缩并导出
[root][2020-07-14 13:25:28][2020-07-14 13:25:28][   1131244]:  数据库表alert_file_info 导出数据, 5条
[root][2020-07-14 13:25:28][2020-07-14 13:25:29][   1131244]:  警报数据alert,压缩并导出
[root][2020-07-14 13:25:29][2020-07-14 13:25:29][   1131244]:  数据库 report_file_info,产品不存在,时间段2020-07-12 2020-07-13
[root][2020-07-14 13:25:29][2020-07-14 13:25:29][   1131244]:  数据库表element_ace_ep 导出数据, 264条
[root][2020-07-14 13:25:29][2020-07-14 13:25:29][   1131244]:  element_ace_ep,压缩并导出
[root][2020-07-14 13:25:29][2020-07-14 13:25:29][   1131244]:  
[root][2020-07-14 13:25:29][2020-07-14 13:25:29][   1131244]:  数据库表element_ace_mag 导出数据, 1320条
[root][2020-07-14 13:25:29][2020-07-14 13:25:29][   1131244]:  element_ace_mag,压缩并导出
[root][2020-07-14 13:25:29][2020-07-14 13:25:29][   1131244]:  
[root][2020-07-14 13:25:29][2020-07-14 13:25:29][   1131244]:  数据库表element_ace_sis 导出数据, 264条
[root][2020-07-14 13:25:29][2020-07-14 13:25:29][   1131244]:  element_ace_sis,压缩并导出
[root][2020-07-14 13:25:29][2020-07-14 13:25:29][   1131244]:  
[root][2020-07-14 13:25:29][2020-07-14 13:25:29][   1131244]:  数据库表element_ace_sw 导出数据, 1320条
[root][2020-07-14 13:25:29][2020-07-14 13:25:29][   1131244]:  element_ace_sw,压缩并导出
[root][2020-07-14 13:25:29][2020-07-14 13:25:29][   1131244]:  
[root][2020-07-14 13:25:29][2020-07-14 13:25:29][   1131244]:  数据库表element_ap 导出数据, 4条
[root][2020-07-14 13:25:29][2020-07-14 13:25:29][   1131244]:  element_ap,压缩并导出
[root][2020-07-14 13:25:29][2020-07-14 13:25:29][   1131244]:  
[root][2020-07-14 13:25:29][2020-07-14 13:25:29][   1131244]:  数据库表element_dst 导出数据, 48条
[root][2020-07-14 13:25:29][2020-07-14 13:25:30][   1131244]:  element_dst,压缩并导出
[root][2020-07-14 13:25:29][2020-07-14 13:25:30][   1131244]:  
[root][2020-07-14 13:25:30][2020-07-14 13:25:30][   1131244]:  数据库 element_f107,产品不存在,时间段2020-07-12 2020-07-13
[root][2020-07-14 13:25:30][2020-07-14 13:25:30][   1131244]:  数据库表element_goes_ie 导出数据, 539条
[root][2020-07-14 13:25:30][2020-07-14 13:25:30][   1131244]:  element_goes_ie,压缩并导出
[root][2020-07-14 13:25:30][2020-07-14 13:25:30][   1131244]:  
[root][2020-07-14 13:25:30][2020-07-14 13:25:30][   1131244]:  数据库表element_goes_ip 导出数据, 539条
[root][2020-07-14 13:25:30][2020-07-14 13:25:30][   1131244]:  element_goes_ip,压缩并导出
[root][2020-07-14 13:25:30][2020-07-14 13:25:30][   1131244]:  
[root][2020-07-14 13:25:30][2020-07-14 13:25:30][   1131244]:  数据库表element_goes_mag 导出数据, 2699条
[root][2020-07-14 13:25:30][2020-07-14 13:25:30][   1131244]:  element_goes_mag,压缩并导出
[root][2020-07-14 13:25:30][2020-07-14 13:25:30][   1131244]:  
[root][2020-07-14 13:25:30][2020-07-14 13:25:30][   1131244]:  数据库表element_goes_xr 导出数据, 2698条
[root][2020-07-14 13:25:30][2020-07-14 13:25:31][   1131244]:  element_goes_xr,压缩并导出
[root][2020-07-14 13:25:30][2020-07-14 13:25:31][   1131244]:  
[root][2020-07-14 13:25:31][2020-07-14 13:25:31][   1131244]:  数据库表element_hpi 导出数据, 269条
[root][2020-07-14 13:25:31][2020-07-14 13:25:31][   1131244]:  element_hpi,压缩并导出
[root][2020-07-14 13:25:31][2020-07-14 13:25:31][   1131244]:  
[root][2020-07-14 13:25:31][2020-07-14 13:25:31][   1131244]:  数据库表element_kp 导出数据, 32条
[root][2020-07-14 13:25:31][2020-07-14 13:25:31][   1131244]:  element_kp,压缩并导出
[root][2020-07-14 13:25:31][2020-07-14 13:25:31][   1131244]:  
[root][2020-07-14 13:25:31][2020-07-14 13:25:31][   1131244]:  数据库表element_rad 导出数据, 126条
[root][2020-07-14 13:25:31][2020-07-14 13:25:31][   1131244]:  element_rad,压缩并导出
[root][2020-07-14 13:25:31][2020-07-14 13:25:31][   1131244]:  
[root][2020-07-14 13:25:31][2020-07-14 13:25:31][   1131244]:  数据库 element_ssn,产品不存在,时间段2020-07-12 2020-07-13
[root][2020-07-14 13:25:31][2020-07-14 13:25:31][   1131244]:  数据库表element_ste_het 导出数据, 157条
[root][2020-07-14 13:25:31][2020-07-14 13:25:31][   1131244]:  element_ste_het,压缩并导出
[root][2020-07-14 13:25:31][2020-07-14 13:25:31][   1131244]:  
[root][2020-07-14 13:25:31][2020-07-14 13:25:31][   1131244]:  数据库表element_ste_mag 导出数据, 669条
[root][2020-07-14 13:25:31][2020-07-14 13:25:31][   1131244]:  element_ste_mag,压缩并导出
[root][2020-07-14 13:25:31][2020-07-14 13:25:31][   1131244]:  
[root][2020-07-14 13:25:31][2020-07-14 13:25:32][   1131244]:  数据库表element_ste_sw 导出数据, 789条
[root][2020-07-14 13:25:31][2020-07-14 13:25:32][   1131244]:  element_ste_sw,压缩并导出
[root][2020-07-14 13:25:31][2020-07-14 13:25:32][   1131244]:  
[root][2020-07-14 13:25:32][2020-07-14 13:25:32][   1131244]:  数据库 element_swpc_flare,产品不存在,时间段2020-07-12 2020-07-13
[root][2020-07-14 13:25:32][2020-07-14 13:25:32][   1131244]:  数据库表element_tec 导出数据, 13条
[root][2020-07-14 13:25:32][2020-07-14 13:25:32][   1131244]:  element_tec,压缩并导出
[root][2020-07-14 13:25:32][2020-07-14 13:25:32][   1131244]:  
[root][2020-07-14 13:25:32][2020-07-14 13:25:32][   1131244]:  数据库表event_configuration 导出数据, 19条
[root][2020-07-14 13:25:32][2020-07-14 13:25:32][   1131244]:  事件等级配置表event_configuration,压缩并导出
[root][2020-07-14 13:26:53][2020-07-14 13:26:53][   1134017]:  数据库 data_file_info,产品不存在,时间段2020-07-06 2020-07-06
[root][2020-07-14 13:26:53][2020-07-14 13:26:53][   1134017]:  数据库 product_file_info,产品不存在,时间段2020-07-06 2020-07-06
[root][2020-07-14 13:26:53][2020-07-14 13:26:53][   1134017]:  数据库表alert_file_info 导出数据, 15条
[root][2020-07-14 13:26:53][2020-07-14 13:26:53][   1134017]:  警报数据alert,压缩并导出
[root][2020-07-14 13:26:53][2020-07-14 13:26:54][   1134017]:  数据库表report_file_info 导出数据, 2条
[root][2020-07-14 13:26:53][2020-07-14 13:26:54][   1134017]:  报告数据report,压缩并导出
[root][2020-07-14 13:26:54][2020-07-14 13:26:54][   1134017]:  数据库表element_ace_ep 导出数据, 288条
[root][2020-07-14 13:26:54][2020-07-14 13:26:54][   1134017]:  element_ace_ep,压缩并导出
[root][2020-07-14 13:26:54][2020-07-14 13:26:54][   1134017]:  
[root][2020-07-14 13:26:54][2020-07-14 13:26:54][   1134017]:  数据库表element_ace_mag 导出数据, 1440条
[root][2020-07-14 13:26:54][2020-07-14 13:26:54][   1134017]:  element_ace_mag,压缩并导出
[root][2020-07-14 13:26:54][2020-07-14 13:26:54][   1134017]:  
[root][2020-07-14 13:26:54][2020-07-14 13:26:54][   1134017]:  数据库表element_ace_sis 导出数据, 288条
[root][2020-07-14 13:26:54][2020-07-14 13:26:54][   1134017]:  element_ace_sis,压缩并导出
[root][2020-07-14 13:26:54][2020-07-14 13:26:54][   1134017]:  
[root][2020-07-14 13:26:54][2020-07-14 13:26:54][   1134017]:  数据库表element_ace_sw 导出数据, 1440条
[root][2020-07-14 13:26:54][2020-07-14 13:26:54][   1134017]:  element_ace_sw,压缩并导出
[root][2020-07-14 13:26:54][2020-07-14 13:26:54][   1134017]:  
[root][2020-07-14 13:26:54][2020-07-14 13:26:54][   1134017]:  数据库表element_ap 导出数据, 2条
[root][2020-07-14 13:26:54][2020-07-14 13:26:54][   1134017]:  element_ap,压缩并导出
[root][2020-07-14 13:26:54][2020-07-14 13:26:54][   1134017]:  
[root][2020-07-14 13:26:54][2020-07-14 13:26:54][   1134017]:  数据库表element_dst 导出数据, 24条
[root][2020-07-14 13:26:54][2020-07-14 13:26:54][   1134017]:  element_dst,压缩并导出
[root][2020-07-14 13:26:54][2020-07-14 13:26:54][   1134017]:  
[root][2020-07-14 13:26:54][2020-07-14 13:26:54][   1134017]:  数据库 element_f107,产品不存在,时间段2020-07-06 2020-07-06
[root][2020-07-14 13:26:54][2020-07-14 13:26:54][   1134017]:  数据库表element_goes_ie 导出数据, 288条
[root][2020-07-14 13:26:54][2020-07-14 13:26:54][   1134017]:  element_goes_ie,压缩并导出
[root][2020-07-14 13:26:54][2020-07-14 13:26:54][   1134017]:  
[root][2020-07-14 13:26:54][2020-07-14 13:26:54][   1134017]:  数据库表element_goes_ip 导出数据, 288条
[root][2020-07-14 13:26:54][2020-07-14 13:26:54][   1134017]:  element_goes_ip,压缩并导出
[root][2020-07-14 13:26:54][2020-07-14 13:26:54][   1134017]:  
[root][2020-07-14 13:26:54][2020-07-14 13:26:54][   1134017]:  数据库表element_goes_mag 导出数据, 1440条
[root][2020-07-14 13:26:54][2020-07-14 13:26:54][   1134017]:  element_goes_mag,压缩并导出
[root][2020-07-14 13:26:54][2020-07-14 13:26:54][   1134017]:  
[root][2020-07-14 13:26:54][2020-07-14 13:26:55][   1134017]:  数据库表element_goes_xr 导出数据, 1440条
[root][2020-07-14 13:26:54][2020-07-14 13:26:55][   1134017]:  element_goes_xr,压缩并导出
[root][2020-07-14 13:26:54][2020-07-14 13:26:55][   1134017]:  
[root][2020-07-14 13:26:55][2020-07-14 13:26:55][   1134017]:  数据库表element_hpi 导出数据, 267条
[root][2020-07-14 13:26:55][2020-07-14 13:26:55][   1134017]:  element_hpi,压缩并导出
[root][2020-07-14 13:26:55][2020-07-14 13:26:55][   1134017]:  
[root][2020-07-14 13:26:55][2020-07-14 13:26:55][   1134017]:  数据库表element_kp 导出数据, 16条
[root][2020-07-14 13:26:55][2020-07-14 13:26:55][   1134017]:  element_kp,压缩并导出
[root][2020-07-14 13:26:55][2020-07-14 13:26:55][   1134017]:  
[root][2020-07-14 13:26:55][2020-07-14 13:26:55][   1134017]:  数据库表element_rad 导出数据, 63条
[root][2020-07-14 13:26:55][2020-07-14 13:26:55][   1134017]:  element_rad,压缩并导出
[root][2020-07-14 13:26:55][2020-07-14 13:26:55][   1134017]:  
[root][2020-07-14 13:26:55][2020-07-14 13:26:55][   1134017]:  数据库 element_ssn,产品不存在,时间段2020-07-06 2020-07-06
[root][2020-07-14 13:26:55][2020-07-14 13:26:55][   1134017]:  数据库表element_ste_het 导出数据, 240条
[root][2020-07-14 13:26:55][2020-07-14 13:26:55][   1134017]:  element_ste_het,压缩并导出
[root][2020-07-14 13:26:55][2020-07-14 13:26:55][   1134017]:  
[root][2020-07-14 13:26:55][2020-07-14 13:26:55][   1134017]:  数据库表element_ste_mag 导出数据, 1140条
[root][2020-07-14 13:26:55][2020-07-14 13:26:55][   1134017]:  element_ste_mag,压缩并导出
[root][2020-07-14 13:26:55][2020-07-14 13:26:55][   1134017]:  
[root][2020-07-14 13:26:55][2020-07-14 13:26:55][   1134017]:  数据库表element_ste_sw 导出数据, 1140条
[root][2020-07-14 13:26:55][2020-07-14 13:26:55][   1134017]:  element_ste_sw,压缩并导出
[root][2020-07-14 13:26:55][2020-07-14 13:26:55][   1134017]:  
[root][2020-07-14 13:26:55][2020-07-14 13:26:55][   1134017]:  数据库表element_swpc_flare 导出数据, 1条
[root][2020-07-14 13:26:55][2020-07-14 13:26:55][   1134017]:  element_swpc_flare,压缩并导出
[root][2020-07-14 13:26:55][2020-07-14 13:26:55][   1134017]:  
[root][2020-07-14 13:26:55][2020-07-14 13:26:55][   1134017]:  数据库表element_tec 导出数据, 19条
[root][2020-07-14 13:26:55][2020-07-14 13:26:55][   1134017]:  element_tec,压缩并导出
[root][2020-07-14 13:26:55][2020-07-14 13:26:55][   1134017]:  
[root][2020-07-14 13:26:55][2020-07-14 13:26:55][   1134017]:  数据库表event_configuration 导出数据, 19条
[root][2020-07-14 13:26:55][2020-07-14 13:26:55][   1134017]:  事件等级配置表event_configuration,压缩并导出
[root][2020-07-14 13:29:02][2020-07-14 13:29:02][   1134188]:  数据库 data_file_info,产品不存在,时间段2020-07-06 2020-07-06
[root][2020-07-14 13:29:02][2020-07-14 13:29:02][   1134188]:  数据库 product_file_info,产品不存在,时间段2020-07-06 2020-07-06
[root][2020-07-14 13:29:02][2020-07-14 13:29:02][   1134188]:  数据库表alert_file_info 导出数据, 15条
[root][2020-07-14 13:29:02][2020-07-14 13:29:02][   1134188]:  警报数据alert,压缩并导出
[root][2020-07-14 13:29:02][2020-07-14 13:29:02][   1134188]:  数据库表report_file_info 导出数据, 2条
[root][2020-07-14 13:29:02][2020-07-14 13:29:02][   1134188]:  报告数据report,压缩并导出
[root][2020-07-14 13:29:02][2020-07-14 13:29:03][   1134188]:  数据库表element_ace_ep 导出数据, 288条
[root][2020-07-14 13:29:02][2020-07-14 13:29:03][   1134188]:  element_ace_ep,压缩并导出
[root][2020-07-14 13:29:02][2020-07-14 13:29:03][   1134188]:  
[root][2020-07-14 13:29:03][2020-07-14 13:29:03][   1134188]:  数据库表element_ace_mag 导出数据, 1440条
[root][2020-07-14 13:29:03][2020-07-14 13:29:03][   1134188]:  element_ace_mag,压缩并导出
[root][2020-07-14 13:29:03][2020-07-14 13:29:03][   1134188]:  
[root][2020-07-14 13:29:03][2020-07-14 13:29:03][   1134188]:  数据库表element_ace_sis 导出数据, 288条
[root][2020-07-14 13:29:03][2020-07-14 13:29:03][   1134188]:  element_ace_sis,压缩并导出
[root][2020-07-14 13:29:03][2020-07-14 13:29:03][   1134188]:  
[root][2020-07-14 13:29:03][2020-07-14 13:29:03][   1134188]:  数据库表element_ace_sw 导出数据, 1440条
[root][2020-07-14 13:29:03][2020-07-14 13:29:03][   1134188]:  element_ace_sw,压缩并导出
[root][2020-07-14 13:29:03][2020-07-14 13:29:03][   1134188]:  
[root][2020-07-14 13:29:03][2020-07-14 13:29:03][   1134188]:  数据库表element_ap 导出数据, 2条
[root][2020-07-14 13:29:03][2020-07-14 13:29:03][   1134188]:  element_ap,压缩并导出
[root][2020-07-14 13:29:03][2020-07-14 13:29:03][   1134188]:  
[root][2020-07-14 13:29:03][2020-07-14 13:29:03][   1134188]:  数据库表element_dst 导出数据, 24条
[root][2020-07-14 13:29:03][2020-07-14 13:29:03][   1134188]:  element_dst,压缩并导出
[root][2020-07-14 13:29:03][2020-07-14 13:29:03][   1134188]:  
[root][2020-07-14 13:29:03][2020-07-14 13:29:03][   1134188]:  数据库 element_f107,产品不存在,时间段2020-07-06 2020-07-06
[root][2020-07-14 13:29:03][2020-07-14 13:29:03][   1134188]:  数据库表element_goes_ie 导出数据, 288条
[root][2020-07-14 13:29:03][2020-07-14 13:29:03][   1134188]:  element_goes_ie,压缩并导出
[root][2020-07-14 13:29:03][2020-07-14 13:29:03][   1134188]:  
[root][2020-07-14 13:29:03][2020-07-14 13:29:03][   1134188]:  数据库表element_goes_ip 导出数据, 288条
[root][2020-07-14 13:29:03][2020-07-14 13:29:03][   1134188]:  element_goes_ip,压缩并导出
[root][2020-07-14 13:29:03][2020-07-14 13:29:03][   1134188]:  
[root][2020-07-14 13:29:03][2020-07-14 13:29:03][   1134188]:  数据库表element_goes_mag 导出数据, 1440条
[root][2020-07-14 13:29:03][2020-07-14 13:29:03][   1134188]:  element_goes_mag,压缩并导出
[root][2020-07-14 13:29:03][2020-07-14 13:29:03][   1134188]:  
[root][2020-07-14 13:29:03][2020-07-14 13:29:03][   1134188]:  数据库表element_goes_xr 导出数据, 1440条
[root][2020-07-14 13:29:03][2020-07-14 13:29:04][   1134188]:  element_goes_xr,压缩并导出
[root][2020-07-14 13:29:03][2020-07-14 13:29:04][   1134188]:  
[root][2020-07-14 13:29:04][2020-07-14 13:29:04][   1134188]:  数据库表element_hpi 导出数据, 267条
[root][2020-07-14 13:29:04][2020-07-14 13:29:04][   1134188]:  element_hpi,压缩并导出
[root][2020-07-14 13:29:04][2020-07-14 13:29:04][   1134188]:  
[root][2020-07-14 13:29:04][2020-07-14 13:29:04][   1134188]:  数据库表element_kp 导出数据, 16条
[root][2020-07-14 13:29:04][2020-07-14 13:29:04][   1134188]:  element_kp,压缩并导出
[root][2020-07-14 13:29:04][2020-07-14 13:29:04][   1134188]:  
[root][2020-07-14 13:29:04][2020-07-14 13:29:04][   1134188]:  数据库表element_rad 导出数据, 63条
[root][2020-07-14 13:29:04][2020-07-14 13:29:04][   1134188]:  element_rad,压缩并导出
[root][2020-07-14 13:29:04][2020-07-14 13:29:04][   1134188]:  
[root][2020-07-14 13:29:04][2020-07-14 13:29:04][   1134188]:  数据库 element_ssn,产品不存在,时间段2020-07-06 2020-07-06
[root][2020-07-14 13:29:04][2020-07-14 13:29:04][   1134188]:  数据库表element_ste_het 导出数据, 240条
[root][2020-07-14 13:29:04][2020-07-14 13:29:04][   1134188]:  element_ste_het,压缩并导出
[root][2020-07-14 13:29:04][2020-07-14 13:29:04][   1134188]:  
[root][2020-07-14 13:29:04][2020-07-14 13:29:04][   1134188]:  数据库表element_ste_mag 导出数据, 1140条
[root][2020-07-14 13:29:04][2020-07-14 13:29:04][   1134188]:  element_ste_mag,压缩并导出
[root][2020-07-14 13:29:04][2020-07-14 13:29:04][   1134188]:  
[root][2020-07-14 13:29:04][2020-07-14 13:29:04][   1134188]:  数据库表element_ste_sw 导出数据, 1140条
[root][2020-07-14 13:29:04][2020-07-14 13:29:04][   1134188]:  element_ste_sw,压缩并导出
[root][2020-07-14 13:29:04][2020-07-14 13:29:04][   1134188]:  
[root][2020-07-14 13:29:04][2020-07-14 13:29:04][   1134188]:  数据库表element_swpc_flare 导出数据, 1条
[root][2020-07-14 13:29:04][2020-07-14 13:29:04][   1134188]:  element_swpc_flare,压缩并导出
[root][2020-07-14 13:29:04][2020-07-14 13:29:04][   1134188]:  
[root][2020-07-14 13:29:04][2020-07-14 13:29:04][   1134188]:  数据库表element_tec 导出数据, 19条
[root][2020-07-14 13:29:04][2020-07-14 13:29:04][   1134188]:  element_tec,压缩并导出
[root][2020-07-14 13:29:04][2020-07-14 13:29:04][   1134188]:  
[root][2020-07-14 13:29:04][2020-07-14 13:29:04][   1134188]:  数据库表event_configuration 导出数据, 19条
[root][2020-07-14 13:29:04][2020-07-14 13:29:04][   1134188]:  事件等级配置表event_configuration,压缩并导出
[root][2020-07-14 13:31:00][2020-07-14 13:31:00][   1136513]:  数据库 data_file_info,产品不存在,时间段2020-07-06 2020-07-06
[root][2020-07-14 13:31:00][2020-07-14 13:31:00][   1136513]:  数据库 product_file_info,产品不存在,时间段2020-07-06 2020-07-06
[root][2020-07-14 13:31:00][2020-07-14 13:31:00][   1136513]:  数据库表alert_file_info 导出数据, 15条
[root][2020-07-14 13:31:00][2020-07-14 13:31:00][   1136513]:  警报数据alert,压缩并导出
[root][2020-07-14 13:31:00][2020-07-14 13:31:00][   1136513]:  数据库表report_file_info 导出数据, 2条
[root][2020-07-14 13:31:00][2020-07-14 13:31:00][   1136513]:  报告数据report,压缩并导出
[root][2020-07-14 13:31:00][2020-07-14 13:31:00][   1136513]:  数据库表element_ace_ep 导出数据, 288条
[root][2020-07-14 13:31:00][2020-07-14 13:31:00][   1136513]:  element_ace_ep,压缩并导出
[root][2020-07-14 13:31:00][2020-07-14 13:31:00][   1136513]:  
[root][2020-07-14 13:31:00][2020-07-14 13:31:00][   1136513]:  数据库表element_ace_mag 导出数据, 1440条
[root][2020-07-14 13:31:00][2020-07-14 13:31:00][   1136513]:  element_ace_mag,压缩并导出
[root][2020-07-14 13:31:00][2020-07-14 13:31:00][   1136513]:  
[root][2020-07-14 13:31:00][2020-07-14 13:31:00][   1136513]:  数据库表element_ace_sis 导出数据, 288条
[root][2020-07-14 13:31:00][2020-07-14 13:31:00][   1136513]:  element_ace_sis,压缩并导出
[root][2020-07-14 13:31:00][2020-07-14 13:31:00][   1136513]:  
[root][2020-07-14 13:31:00][2020-07-14 13:31:00][   1136513]:  数据库表element_ace_sw 导出数据, 1440条
[root][2020-07-14 13:31:00][2020-07-14 13:31:00][   1136513]:  element_ace_sw,压缩并导出
[root][2020-07-14 13:31:00][2020-07-14 13:31:00][   1136513]:  
[root][2020-07-14 13:31:00][2020-07-14 13:31:00][   1136513]:  数据库表element_ap 导出数据, 2条
[root][2020-07-14 13:31:00][2020-07-14 13:31:00][   1136513]:  element_ap,压缩并导出
[root][2020-07-14 13:31:00][2020-07-14 13:31:00][   1136513]:  
[root][2020-07-14 13:31:00][2020-07-14 13:31:00][   1136513]:  数据库表element_dst 导出数据, 24条
[root][2020-07-14 13:31:00][2020-07-14 13:31:00][   1136513]:  element_dst,压缩并导出
[root][2020-07-14 13:31:00][2020-07-14 13:31:00][   1136513]:  
[root][2020-07-14 13:31:00][2020-07-14 13:31:00][   1136513]:  数据库 element_f107,产品不存在,时间段2020-07-06 2020-07-06
[root][2020-07-14 13:31:00][2020-07-14 13:31:00][   1136513]:  数据库表element_goes_ie 导出数据, 288条
[root][2020-07-14 13:31:00][2020-07-14 13:31:00][   1136513]:  element_goes_ie,压缩并导出
[root][2020-07-14 13:31:00][2020-07-14 13:31:00][   1136513]:  
[root][2020-07-14 13:31:00][2020-07-14 13:31:00][   1136513]:  数据库表element_goes_ip 导出数据, 288条
[root][2020-07-14 13:31:00][2020-07-14 13:31:00][   1136513]:  element_goes_ip,压缩并导出
[root][2020-07-14 13:31:00][2020-07-14 13:31:00][   1136513]:  
[root][2020-07-14 13:31:00][2020-07-14 13:31:01][   1136513]:  数据库表element_goes_mag 导出数据, 1440条
[root][2020-07-14 13:31:00][2020-07-14 13:31:01][   1136513]:  element_goes_mag,压缩并导出
[root][2020-07-14 13:31:00][2020-07-14 13:31:01][   1136513]:  
[root][2020-07-14 13:31:01][2020-07-14 13:31:01][   1136513]:  数据库表element_goes_xr 导出数据, 1440条
[root][2020-07-14 13:31:01][2020-07-14 13:31:01][   1136513]:  element_goes_xr,压缩并导出
[root][2020-07-14 13:31:01][2020-07-14 13:31:01][   1136513]:  
[root][2020-07-14 13:31:01][2020-07-14 13:31:01][   1136513]:  数据库表element_hpi 导出数据, 267条
[root][2020-07-14 13:31:01][2020-07-14 13:31:01][   1136513]:  element_hpi,压缩并导出
[root][2020-07-14 13:31:01][2020-07-14 13:31:01][   1136513]:  
[root][2020-07-14 13:31:01][2020-07-14 13:31:01][   1136513]:  数据库表element_kp 导出数据, 16条
[root][2020-07-14 13:31:01][2020-07-14 13:31:01][   1136513]:  element_kp,压缩并导出
[root][2020-07-14 13:31:01][2020-07-14 13:31:01][   1136513]:  
[root][2020-07-14 13:31:01][2020-07-14 13:31:01][   1136513]:  数据库表element_rad 导出数据, 63条
[root][2020-07-14 13:31:01][2020-07-14 13:31:01][   1136513]:  element_rad,压缩并导出
[root][2020-07-14 13:31:01][2020-07-14 13:31:01][   1136513]:  
[root][2020-07-14 13:31:01][2020-07-14 13:31:01][   1136513]:  数据库 element_ssn,产品不存在,时间段2020-07-06 2020-07-06
[root][2020-07-14 13:31:01][2020-07-14 13:31:01][   1136513]:  数据库表element_ste_het 导出数据, 240条
[root][2020-07-14 13:31:01][2020-07-14 13:31:01][   1136513]:  element_ste_het,压缩并导出
[root][2020-07-14 13:31:01][2020-07-14 13:31:01][   1136513]:  
[root][2020-07-14 13:31:01][2020-07-14 13:31:01][   1136513]:  数据库表element_ste_mag 导出数据, 1140条
[root][2020-07-14 13:31:01][2020-07-14 13:31:01][   1136513]:  element_ste_mag,压缩并导出
[root][2020-07-14 13:31:01][2020-07-14 13:31:01][   1136513]:  
[root][2020-07-14 13:31:01][2020-07-14 13:31:01][   1136513]:  数据库表element_ste_sw 导出数据, 1140条
[root][2020-07-14 13:31:01][2020-07-14 13:31:01][   1136513]:  element_ste_sw,压缩并导出
[root][2020-07-14 13:31:01][2020-07-14 13:31:01][   1136513]:  
[root][2020-07-14 13:31:01][2020-07-14 13:31:01][   1136513]:  数据库表element_swpc_flare 导出数据, 1条
[root][2020-07-14 13:31:01][2020-07-14 13:31:01][   1136513]:  element_swpc_flare,压缩并导出
[root][2020-07-14 13:31:01][2020-07-14 13:31:01][   1136513]:  
[root][2020-07-14 13:31:01][2020-07-14 13:31:01][   1136513]:  数据库表element_tec 导出数据, 19条
[root][2020-07-14 13:31:01][2020-07-14 13:31:01][   1136513]:  element_tec,压缩并导出
[root][2020-07-14 13:31:01][2020-07-14 13:31:01][   1136513]:  
[root][2020-07-14 13:31:01][2020-07-14 13:31:02][   1136513]:  数据库表event_configuration 导出数据, 19条
[root][2020-07-14 13:31:01][2020-07-14 13:31:02][   1136513]:  事件等级配置表event_configuration,压缩并导出
[root][2020-07-14 13:47:03][2020-07-14 13:47:03][   1151560]:  数据库表data_file_info 导出数据, 1066条
[root][2020-07-14 13:47:03][2020-07-14 13:47:07][   1151560]:  收集数据data,压缩并导出
[root][2020-07-14 13:47:07][2020-07-14 13:47:07][   1151560]:  数据库表product_file_info 导出数据, 8条
[root][2020-07-14 13:47:07][2020-07-14 13:47:08][   1151560]:  产品数据product,压缩并导出
[root][2020-07-14 13:47:08][2020-07-14 13:47:08][   1151560]:  数据库表alert_file_info 导出数据, 3条
[root][2020-07-14 13:47:08][2020-07-14 13:47:08][   1151560]:  警报数据alert,压缩并导出
[root][2020-07-14 13:47:08][2020-07-14 13:47:08][   1151560]:  数据库 report_file_info,产品不存在,时间段2020-07-14 2020-07-14
[root][2020-07-14 13:47:08][2020-07-14 13:47:08][   1151560]:  数据库 element_ace_ep,产品不存在,时间段2020-07-14 2020-07-14
[root][2020-07-14 13:47:08][2020-07-14 13:47:08][   1151560]:  数据库表element_ace_mag 导出数据, 180条
[root][2020-07-14 13:47:08][2020-07-14 13:47:08][   1151560]:  element_ace_mag,压缩并导出
[root][2020-07-14 13:47:08][2020-07-14 13:47:08][   1151560]:  
[root][2020-07-14 13:47:08][2020-07-14 13:47:08][   1151560]:  数据库表element_ace_sis 导出数据, 36条
[root][2020-07-14 13:47:08][2020-07-14 13:47:08][   1151560]:  element_ace_sis,压缩并导出
[root][2020-07-14 13:47:08][2020-07-14 13:47:08][   1151560]:  
[root][2020-07-14 13:47:08][2020-07-14 13:47:08][   1151560]:  数据库表element_ace_sw 导出数据, 240条
[root][2020-07-14 13:47:08][2020-07-14 13:47:08][   1151560]:  element_ace_sw,压缩并导出
[root][2020-07-14 13:47:08][2020-07-14 13:47:08][   1151560]:  
[root][2020-07-14 13:47:08][2020-07-14 13:47:08][   1151560]:  数据库表element_ap 导出数据, 1条
[root][2020-07-14 13:47:08][2020-07-14 13:47:08][   1151560]:  element_ap,压缩并导出
[root][2020-07-14 13:47:08][2020-07-14 13:47:08][   1151560]:  
[root][2020-07-14 13:47:08][2020-07-14 13:47:08][   1151560]:  数据库表element_dst 导出数据, 4条
[root][2020-07-14 13:47:08][2020-07-14 13:47:08][   1151560]:  element_dst,压缩并导出
[root][2020-07-14 13:47:08][2020-07-14 13:47:08][   1151560]:  
[root][2020-07-14 13:47:08][2020-07-14 13:47:08][   1151560]:  数据库 element_f107,产品不存在,时间段2020-07-14 2020-07-14
[root][2020-07-14 13:47:08][2020-07-14 13:47:08][   1151560]:  数据库表element_goes_ie 导出数据, 68条
[root][2020-07-14 13:47:08][2020-07-14 13:47:09][   1151560]:  element_goes_ie,压缩并导出
[root][2020-07-14 13:47:08][2020-07-14 13:47:09][   1151560]:  
[root][2020-07-14 13:47:09][2020-07-14 13:47:09][   1151560]:  数据库表element_goes_ip 导出数据, 68条
[root][2020-07-14 13:47:09][2020-07-14 13:47:09][   1151560]:  element_goes_ip,压缩并导出
[root][2020-07-14 13:47:09][2020-07-14 13:47:09][   1151560]:  
[root][2020-07-14 13:47:09][2020-07-14 13:47:09][   1151560]:  数据库表element_goes_mag 导出数据, 342条
[root][2020-07-14 13:47:09][2020-07-14 13:47:09][   1151560]:  element_goes_mag,压缩并导出
[root][2020-07-14 13:47:09][2020-07-14 13:47:09][   1151560]:  
[root][2020-07-14 13:47:09][2020-07-14 13:47:09][   1151560]:  数据库表element_goes_xr 导出数据, 339条
[root][2020-07-14 13:47:09][2020-07-14 13:47:09][   1151560]:  element_goes_xr,压缩并导出
[root][2020-07-14 13:47:09][2020-07-14 13:47:09][   1151560]:  
[root][2020-07-14 13:47:09][2020-07-14 13:47:09][   1151560]:  数据库表element_hpi 导出数据, 61条
[root][2020-07-14 13:47:09][2020-07-14 13:47:09][   1151560]:  element_hpi,压缩并导出
[root][2020-07-14 13:47:09][2020-07-14 13:47:09][   1151560]:  
[root][2020-07-14 13:47:09][2020-07-14 13:47:09][   1151560]:  数据库表element_kp 导出数据, 4条
[root][2020-07-14 13:47:09][2020-07-14 13:47:09][   1151560]:  element_kp,压缩并导出
[root][2020-07-14 13:47:09][2020-07-14 13:47:09][   1151560]:  
[root][2020-07-14 13:47:09][2020-07-14 13:47:09][   1151560]:  数据库表element_rad 导出数据, 63条
[root][2020-07-14 13:47:09][2020-07-14 13:47:09][   1151560]:  element_rad,压缩并导出
[root][2020-07-14 13:47:09][2020-07-14 13:47:09][   1151560]:  
[root][2020-07-14 13:47:09][2020-07-14 13:47:09][   1151560]:  数据库 element_ssn,产品不存在,时间段2020-07-14 2020-07-14
[root][2020-07-14 13:47:09][2020-07-14 13:47:09][   1151560]:  数据库表element_ste_het 导出数据, 59条
[root][2020-07-14 13:47:09][2020-07-14 13:47:09][   1151560]:  element_ste_het,压缩并导出
[root][2020-07-14 13:47:09][2020-07-14 13:47:09][   1151560]:  
[root][2020-07-14 13:47:09][2020-07-14 13:47:09][   1151560]:  数据库表element_ste_mag 导出数据, 231条
[root][2020-07-14 13:47:09][2020-07-14 13:47:09][   1151560]:  element_ste_mag,压缩并导出
[root][2020-07-14 13:47:09][2020-07-14 13:47:09][   1151560]:  
[root][2020-07-14 13:47:09][2020-07-14 13:47:09][   1151560]:  数据库表element_ste_sw 导出数据, 171条
[root][2020-07-14 13:47:09][2020-07-14 13:47:09][   1151560]:  element_ste_sw,压缩并导出
[root][2020-07-14 13:47:09][2020-07-14 13:47:09][   1151560]:  
[root][2020-07-14 13:47:09][2020-07-14 13:47:09][   1151560]:  数据库 element_swpc_flare,产品不存在,时间段2020-07-14 2020-07-14
[root][2020-07-14 13:47:09][2020-07-14 13:47:09][   1151560]:  数据库 element_tec,产品不存在,时间段2020-07-14 2020-07-14
[root][2020-07-14 13:47:09][2020-07-14 13:47:09][   1151560]:  数据库表event_configuration 导出数据, 19条
[root][2020-07-14 13:47:09][2020-07-14 13:47:09][   1151560]:  事件等级配置表event_configuration,压缩并导出
[root][2020-07-14 13:51:28][2020-07-14 13:51:28][   1158116]:  数据库表data_file_info 导出数据, 2578条
[root][2020-07-14 13:51:28][2020-07-14 13:51:37][   1158116]:  收集数据data,压缩并导出
[root][2020-07-14 13:51:37][2020-07-14 13:51:37][   1158116]:  数据库表product_file_info 导出数据, 23条
[root][2020-07-14 13:51:37][2020-07-14 13:51:37][   1158116]:  产品数据product,压缩并导出
[root][2020-07-14 13:51:37][2020-07-14 13:51:37][   1158116]:  数据库表alert_file_info 导出数据, 5条
[root][2020-07-14 13:51:37][2020-07-14 13:51:38][   1158116]:  警报数据alert,压缩并导出
[root][2020-07-14 13:51:38][2020-07-14 13:51:38][   1158116]:  数据库 report_file_info,产品不存在,时间段2020-07-13 2020-07-13
[root][2020-07-14 13:51:38][2020-07-14 13:51:38][   1158116]:  数据库表element_ace_ep 导出数据, 264条
[root][2020-07-14 13:51:38][2020-07-14 13:51:38][   1158116]:  element_ace_ep,压缩并导出
[root][2020-07-14 13:51:38][2020-07-14 13:51:38][   1158116]:  
[root][2020-07-14 13:51:38][2020-07-14 13:51:38][   1158116]:  数据库表element_ace_mag 导出数据, 1320条
[root][2020-07-14 13:51:38][2020-07-14 13:51:38][   1158116]:  element_ace_mag,压缩并导出
[root][2020-07-14 13:51:38][2020-07-14 13:51:38][   1158116]:  
[root][2020-07-14 13:51:38][2020-07-14 13:51:38][   1158116]:  数据库表element_ace_sis 导出数据, 264条
[root][2020-07-14 13:51:38][2020-07-14 13:51:38][   1158116]:  element_ace_sis,压缩并导出
[root][2020-07-14 13:51:38][2020-07-14 13:51:38][   1158116]:  
[root][2020-07-14 13:51:38][2020-07-14 13:51:38][   1158116]:  数据库表element_ace_sw 导出数据, 1320条
[root][2020-07-14 13:51:38][2020-07-14 13:51:38][   1158116]:  element_ace_sw,压缩并导出
[root][2020-07-14 13:51:38][2020-07-14 13:51:38][   1158116]:  
[root][2020-07-14 13:51:38][2020-07-14 13:51:39][   1158116]:  数据库表element_ap 导出数据, 2条
[root][2020-07-14 13:51:38][2020-07-14 13:51:39][   1158116]:  element_ap,压缩并导出
[root][2020-07-14 13:51:38][2020-07-14 13:51:39][   1158116]:  
[root][2020-07-14 13:51:39][2020-07-14 13:51:39][   1158116]:  数据库表element_dst 导出数据, 24条
[root][2020-07-14 13:51:39][2020-07-14 13:51:39][   1158116]:  element_dst,压缩并导出
[root][2020-07-14 13:51:39][2020-07-14 13:51:39][   1158116]:  
[root][2020-07-14 13:51:39][2020-07-14 13:51:39][   1158116]:  数据库 element_f107,产品不存在,时间段2020-07-13 2020-07-13
[root][2020-07-14 13:51:39][2020-07-14 13:51:39][   1158116]:  数据库表element_goes_ie 导出数据, 288条
[root][2020-07-14 13:51:39][2020-07-14 13:51:39][   1158116]:  element_goes_ie,压缩并导出
[root][2020-07-14 13:51:39][2020-07-14 13:51:39][   1158116]:  
[root][2020-07-14 13:51:39][2020-07-14 13:51:39][   1158116]:  数据库表element_goes_ip 导出数据, 288条
[root][2020-07-14 13:51:39][2020-07-14 13:51:39][   1158116]:  element_goes_ip,压缩并导出
[root][2020-07-14 13:51:39][2020-07-14 13:51:39][   1158116]:  
[root][2020-07-14 13:51:39][2020-07-14 13:51:39][   1158116]:  数据库表element_goes_mag 导出数据, 1440条
[root][2020-07-14 13:51:39][2020-07-14 13:51:39][   1158116]:  element_goes_mag,压缩并导出
[root][2020-07-14 13:51:39][2020-07-14 13:51:39][   1158116]:  
[root][2020-07-14 13:51:39][2020-07-14 13:51:39][   1158116]:  数据库表element_goes_xr 导出数据, 1440条
[root][2020-07-14 13:51:39][2020-07-14 13:51:40][   1158116]:  element_goes_xr,压缩并导出
[root][2020-07-14 13:51:39][2020-07-14 13:51:40][   1158116]:  
[root][2020-07-14 13:51:40][2020-07-14 13:51:40][   1158116]:  数据库表element_hpi 导出数据, 269条
[root][2020-07-14 13:51:40][2020-07-14 13:51:40][   1158116]:  element_hpi,压缩并导出
[root][2020-07-14 13:51:40][2020-07-14 13:51:40][   1158116]:  
[root][2020-07-14 13:51:40][2020-07-14 13:51:40][   1158116]:  数据库表element_kp 导出数据, 16条
[root][2020-07-14 13:51:40][2020-07-14 13:51:40][   1158116]:  element_kp,压缩并导出
[root][2020-07-14 13:51:40][2020-07-14 13:51:40][   1158116]:  
[root][2020-07-14 13:51:40][2020-07-14 13:51:40][   1158116]:  数据库表element_rad 导出数据, 63条
[root][2020-07-14 13:51:40][2020-07-14 13:51:40][   1158116]:  element_rad,压缩并导出
[root][2020-07-14 13:51:40][2020-07-14 13:51:40][   1158116]:  
[root][2020-07-14 13:51:40][2020-07-14 13:51:40][   1158116]:  数据库 element_ssn,产品不存在,时间段2020-07-13 2020-07-13
[root][2020-07-14 13:51:40][2020-07-14 13:51:40][   1158116]:  数据库表element_ste_het 导出数据, 157条
[root][2020-07-14 13:51:40][2020-07-14 13:51:40][   1158116]:  element_ste_het,压缩并导出
[root][2020-07-14 13:51:40][2020-07-14 13:51:40][   1158116]:  
[root][2020-07-14 13:51:40][2020-07-14 13:51:40][   1158116]:  数据库表element_ste_mag 导出数据, 669条
[root][2020-07-14 13:51:40][2020-07-14 13:51:40][   1158116]:  element_ste_mag,压缩并导出
[root][2020-07-14 13:51:40][2020-07-14 13:51:40][   1158116]:  
[root][2020-07-14 13:51:40][2020-07-14 13:51:40][   1158116]:  数据库表element_ste_sw 导出数据, 789条
[root][2020-07-14 13:51:40][2020-07-14 13:51:41][   1158116]:  element_ste_sw,压缩并导出
[root][2020-07-14 13:51:40][2020-07-14 13:51:41][   1158116]:  
[root][2020-07-14 13:51:41][2020-07-14 13:51:41][   1158116]:  数据库 element_swpc_flare,产品不存在,时间段2020-07-13 2020-07-13
[root][2020-07-14 13:51:41][2020-07-14 13:51:41][   1158116]:  数据库表element_tec 导出数据, 1条
[root][2020-07-14 13:51:41][2020-07-14 13:51:41][   1158116]:  element_tec,压缩并导出
[root][2020-07-14 13:51:41][2020-07-14 13:51:41][   1158116]:  
[root][2020-07-14 13:51:41][2020-07-14 13:51:41][   1158116]:  数据库表event_configuration 导出数据, 19条
[root][2020-07-14 13:51:41][2020-07-14 13:51:41][   1158116]:  事件等级配置表event_configuration,压缩并导出
[root][2020-07-14 13:52:01][2020-07-14 13:52:01][   1158605]:  数据库 data_file_info,产品不存在,时间段2020-07-06 2020-07-06
[root][2020-07-14 13:52:01][2020-07-14 13:52:01][   1158605]:  数据库 product_file_info,产品不存在,时间段2020-07-06 2020-07-06
[root][2020-07-14 13:52:01][2020-07-14 13:52:01][   1158605]:  数据库表alert_file_info 导出数据, 15条
[root][2020-07-14 13:52:01][2020-07-14 13:52:01][   1158605]:  警报数据alert,压缩并导出
[root][2020-07-14 13:52:01][2020-07-14 13:52:01][   1158605]:  数据库表report_file_info 导出数据, 2条
[root][2020-07-14 13:52:01][2020-07-14 13:52:01][   1158605]:  报告数据report,压缩并导出
[root][2020-07-14 13:52:01][2020-07-14 13:52:02][   1158605]:  数据库表element_ace_ep 导出数据, 288条
[root][2020-07-14 13:52:01][2020-07-14 13:52:02][   1158605]:  element_ace_ep,压缩并导出
[root][2020-07-14 13:52:01][2020-07-14 13:52:02][   1158605]:  
[root][2020-07-14 13:52:02][2020-07-14 13:52:02][   1158605]:  数据库表element_ace_mag 导出数据, 1440条
[root][2020-07-14 13:52:02][2020-07-14 13:52:02][   1158605]:  element_ace_mag,压缩并导出
[root][2020-07-14 13:52:02][2020-07-14 13:52:02][   1158605]:  
[root][2020-07-14 13:52:02][2020-07-14 13:52:02][   1158605]:  数据库表element_ace_sis 导出数据, 288条
[root][2020-07-14 13:52:02][2020-07-14 13:52:02][   1158605]:  element_ace_sis,压缩并导出
[root][2020-07-14 13:52:02][2020-07-14 13:52:02][   1158605]:  
[root][2020-07-14 13:52:02][2020-07-14 13:52:02][   1158605]:  数据库表element_ace_sw 导出数据, 1440条
[root][2020-07-14 13:52:02][2020-07-14 13:52:02][   1158605]:  element_ace_sw,压缩并导出
[root][2020-07-14 13:52:02][2020-07-14 13:52:02][   1158605]:  
[root][2020-07-14 13:52:02][2020-07-14 13:52:02][   1158605]:  数据库表element_ap 导出数据, 2条
[root][2020-07-14 13:52:02][2020-07-14 13:52:02][   1158605]:  element_ap,压缩并导出
[root][2020-07-14 13:52:02][2020-07-14 13:52:02][   1158605]:  
[root][2020-07-14 13:52:02][2020-07-14 13:52:02][   1158605]:  数据库表element_dst 导出数据, 24条
[root][2020-07-14 13:52:02][2020-07-14 13:52:02][   1158605]:  element_dst,压缩并导出
[root][2020-07-14 13:52:02][2020-07-14 13:52:02][   1158605]:  
[root][2020-07-14 13:52:02][2020-07-14 13:52:02][   1158605]:  数据库 element_f107,产品不存在,时间段2020-07-06 2020-07-06
[root][2020-07-14 13:52:02][2020-07-14 13:52:02][   1158605]:  数据库表element_goes_ie 导出数据, 288条
[root][2020-07-14 13:52:02][2020-07-14 13:52:02][   1158605]:  element_goes_ie,压缩并导出
[root][2020-07-14 13:52:02][2020-07-14 13:52:02][   1158605]:  
[root][2020-07-14 13:52:02][2020-07-14 13:52:02][   1158605]:  数据库表element_goes_ip 导出数据, 288条
[root][2020-07-14 13:52:02][2020-07-14 13:52:02][   1158605]:  element_goes_ip,压缩并导出
[root][2020-07-14 13:52:02][2020-07-14 13:52:02][   1158605]:  
[root][2020-07-14 13:52:02][2020-07-14 13:52:02][   1158605]:  数据库表element_goes_mag 导出数据, 1440条
[root][2020-07-14 13:52:02][2020-07-14 13:52:02][   1158605]:  element_goes_mag,压缩并导出
[root][2020-07-14 13:52:02][2020-07-14 13:52:02][   1158605]:  
[root][2020-07-14 13:52:02][2020-07-14 13:52:02][   1158605]:  数据库表element_goes_xr 导出数据, 1440条
[root][2020-07-14 13:52:02][2020-07-14 13:52:03][   1158605]:  element_goes_xr,压缩并导出
[root][2020-07-14 13:52:02][2020-07-14 13:52:03][   1158605]:  
[root][2020-07-14 13:52:03][2020-07-14 13:52:03][   1158605]:  数据库表element_hpi 导出数据, 267条
[root][2020-07-14 13:52:03][2020-07-14 13:52:03][   1158605]:  element_hpi,压缩并导出
[root][2020-07-14 13:52:03][2020-07-14 13:52:03][   1158605]:  
[root][2020-07-14 13:52:03][2020-07-14 13:52:03][   1158605]:  数据库表element_kp 导出数据, 16条
[root][2020-07-14 13:52:03][2020-07-14 13:52:03][   1158605]:  element_kp,压缩并导出
[root][2020-07-14 13:52:03][2020-07-14 13:52:03][   1158605]:  
[root][2020-07-14 13:52:03][2020-07-14 13:52:03][   1158605]:  数据库表element_rad 导出数据, 63条
[root][2020-07-14 13:52:03][2020-07-14 13:52:03][   1158605]:  element_rad,压缩并导出
[root][2020-07-14 13:52:03][2020-07-14 13:52:03][   1158605]:  
[root][2020-07-14 13:52:03][2020-07-14 13:52:03][   1158605]:  数据库 element_ssn,产品不存在,时间段2020-07-06 2020-07-06
[root][2020-07-14 13:52:03][2020-07-14 13:52:03][   1158605]:  数据库表element_ste_het 导出数据, 240条
[root][2020-07-14 13:52:03][2020-07-14 13:52:03][   1158605]:  element_ste_het,压缩并导出
[root][2020-07-14 13:52:03][2020-07-14 13:52:03][   1158605]:  
[root][2020-07-14 13:52:03][2020-07-14 13:52:03][   1158605]:  数据库表element_ste_mag 导出数据, 1140条
[root][2020-07-14 13:52:03][2020-07-14 13:52:03][   1158605]:  element_ste_mag,压缩并导出
[root][2020-07-14 13:52:03][2020-07-14 13:52:03][   1158605]:  
[root][2020-07-14 13:52:03][2020-07-14 13:52:03][   1158605]:  数据库表element_ste_sw 导出数据, 1140条
[root][2020-07-14 13:52:03][2020-07-14 13:52:03][   1158605]:  element_ste_sw,压缩并导出
[root][2020-07-14 13:52:03][2020-07-14 13:52:03][   1158605]:  
[root][2020-07-14 13:52:03][2020-07-14 13:52:03][   1158605]:  数据库表element_swpc_flare 导出数据, 1条
[root][2020-07-14 13:52:03][2020-07-14 13:52:03][   1158605]:  element_swpc_flare,压缩并导出
[root][2020-07-14 13:52:03][2020-07-14 13:52:03][   1158605]:  
[root][2020-07-14 13:52:03][2020-07-14 13:52:03][   1158605]:  数据库表element_tec 导出数据, 19条
[root][2020-07-14 13:52:03][2020-07-14 13:52:03][   1158605]:  element_tec,压缩并导出
[root][2020-07-14 13:52:03][2020-07-14 13:52:03][   1158605]:  
[root][2020-07-14 13:52:03][2020-07-14 13:52:03][   1158605]:  数据库表event_configuration 导出数据, 19条
[root][2020-07-14 13:52:03][2020-07-14 13:52:03][   1158605]:  事件等级配置表event_configuration,压缩并导出
[root][2020-07-14 13:52:58][2020-07-14 13:52:58][   1158692]:  数据库表data_file_info 导出数据, 1条
[root][2020-07-14 13:52:58][2020-07-14 13:52:58][   1158692]:  收集数据data,压缩并导出
[root][2020-07-14 13:52:58][2020-07-14 13:52:58][   1158692]:  数据库 product_file_info,产品不存在,时间段2020-07-05 2020-07-05
[root][2020-07-14 13:52:58][2020-07-14 13:52:58][   1158692]:  数据库表alert_file_info 导出数据, 9条
[root][2020-07-14 13:52:58][2020-07-14 13:52:58][   1158692]:  警报数据alert,压缩并导出
[root][2020-07-14 13:52:58][2020-07-14 13:52:58][   1158692]:  数据库 report_file_info,产品不存在,时间段2020-07-05 2020-07-05
[root][2020-07-14 13:52:58][2020-07-14 13:52:58][   1158692]:  数据库表element_ace_ep 导出数据, 288条
[root][2020-07-14 13:52:58][2020-07-14 13:52:58][   1158692]:  element_ace_ep,压缩并导出
[root][2020-07-14 13:52:58][2020-07-14 13:52:58][   1158692]:  
[root][2020-07-14 13:52:58][2020-07-14 13:52:59][   1158692]:  数据库表element_ace_mag 导出数据, 1440条
[root][2020-07-14 13:52:58][2020-07-14 13:52:59][   1158692]:  element_ace_mag,压缩并导出
[root][2020-07-14 13:52:58][2020-07-14 13:52:59][   1158692]:  
[root][2020-07-14 13:52:59][2020-07-14 13:52:59][   1158692]:  数据库表element_ace_sis 导出数据, 288条
[root][2020-07-14 13:52:59][2020-07-14 13:52:59][   1158692]:  element_ace_sis,压缩并导出
[root][2020-07-14 13:52:59][2020-07-14 13:52:59][   1158692]:  
[root][2020-07-14 13:52:59][2020-07-14 13:52:59][   1158692]:  数据库表element_ace_sw 导出数据, 1440条
[root][2020-07-14 13:52:59][2020-07-14 13:52:59][   1158692]:  element_ace_sw,压缩并导出
[root][2020-07-14 13:52:59][2020-07-14 13:52:59][   1158692]:  
[root][2020-07-14 13:52:59][2020-07-14 13:52:59][   1158692]:  数据库表element_ap 导出数据, 2条
[root][2020-07-14 13:52:59][2020-07-14 13:52:59][   1158692]:  element_ap,压缩并导出
[root][2020-07-14 13:52:59][2020-07-14 13:52:59][   1158692]:  
[root][2020-07-14 13:52:59][2020-07-14 13:52:59][   1158692]:  数据库表element_dst 导出数据, 24条
[root][2020-07-14 13:52:59][2020-07-14 13:52:59][   1158692]:  element_dst,压缩并导出
[root][2020-07-14 13:52:59][2020-07-14 13:52:59][   1158692]:  
[root][2020-07-14 13:52:59][2020-07-14 13:52:59][   1158692]:  数据库 element_f107,产品不存在,时间段2020-07-05 2020-07-05
[root][2020-07-14 13:52:59][2020-07-14 13:52:59][   1158692]:  数据库表element_goes_ie 导出数据, 288条
[root][2020-07-14 13:52:59][2020-07-14 13:52:59][   1158692]:  element_goes_ie,压缩并导出
[root][2020-07-14 13:52:59][2020-07-14 13:52:59][   1158692]:  
[root][2020-07-14 13:52:59][2020-07-14 13:52:59][   1158692]:  数据库表element_goes_ip 导出数据, 288条
[root][2020-07-14 13:52:59][2020-07-14 13:52:59][   1158692]:  element_goes_ip,压缩并导出
[root][2020-07-14 13:52:59][2020-07-14 13:52:59][   1158692]:  
[root][2020-07-14 13:52:59][2020-07-14 13:52:59][   1158692]:  数据库表element_goes_mag 导出数据, 1440条
[root][2020-07-14 13:52:59][2020-07-14 13:52:59][   1158692]:  element_goes_mag,压缩并导出
[root][2020-07-14 13:52:59][2020-07-14 13:52:59][   1158692]:  
[root][2020-07-14 13:52:59][2020-07-14 13:52:59][   1158692]:  数据库表element_goes_xr 导出数据, 1440条
[root][2020-07-14 13:52:59][2020-07-14 13:52:59][   1158692]:  element_goes_xr,压缩并导出
[root][2020-07-14 13:52:59][2020-07-14 13:52:59][   1158692]:  
[root][2020-07-14 13:52:59][2020-07-14 13:53:00][   1158692]:  数据库表element_hpi 导出数据, 272条
[root][2020-07-14 13:52:59][2020-07-14 13:53:00][   1158692]:  element_hpi,压缩并导出
[root][2020-07-14 13:52:59][2020-07-14 13:53:00][   1158692]:  
[root][2020-07-14 13:53:00][2020-07-14 13:53:00][   1158692]:  数据库表element_kp 导出数据, 16条
[root][2020-07-14 13:53:00][2020-07-14 13:53:00][   1158692]:  element_kp,压缩并导出
[root][2020-07-14 13:53:00][2020-07-14 13:53:00][   1158692]:  
[root][2020-07-14 13:53:00][2020-07-14 13:53:00][   1158692]:  数据库表element_rad 导出数据, 63条
[root][2020-07-14 13:53:00][2020-07-14 13:53:00][   1158692]:  element_rad,压缩并导出
[root][2020-07-14 13:53:00][2020-07-14 13:53:00][   1158692]:  
[root][2020-07-14 13:53:00][2020-07-14 13:53:00][   1158692]:  数据库 element_ssn,产品不存在,时间段2020-07-05 2020-07-05
[root][2020-07-14 13:53:00][2020-07-14 13:53:00][   1158692]:  数据库表element_ste_het 导出数据, 246条
[root][2020-07-14 13:53:00][2020-07-14 13:53:00][   1158692]:  element_ste_het,压缩并导出
[root][2020-07-14 13:53:00][2020-07-14 13:53:00][   1158692]:  
[root][2020-07-14 13:53:00][2020-07-14 13:53:00][   1158692]:  数据库表element_ste_mag 导出数据, 1170条
[root][2020-07-14 13:53:00][2020-07-14 13:53:00][   1158692]:  element_ste_mag,压缩并导出
[root][2020-07-14 13:53:00][2020-07-14 13:53:00][   1158692]:  
[root][2020-07-14 13:53:00][2020-07-14 13:53:00][   1158692]:  数据库表element_ste_sw 导出数据, 1140条
[root][2020-07-14 13:53:00][2020-07-14 13:53:00][   1158692]:  element_ste_sw,压缩并导出
[root][2020-07-14 13:53:00][2020-07-14 13:53:00][   1158692]:  
[root][2020-07-14 13:53:00][2020-07-14 13:53:00][   1158692]:  数据库表element_swpc_flare 导出数据, 1条
[root][2020-07-14 13:53:00][2020-07-14 13:53:00][   1158692]:  element_swpc_flare,压缩并导出
[root][2020-07-14 13:53:00][2020-07-14 13:53:00][   1158692]:  
[root][2020-07-14 13:53:00][2020-07-14 13:53:00][   1158692]:  数据库表element_tec 导出数据, 14条
[root][2020-07-14 13:53:00][2020-07-14 13:53:00][   1158692]:  element_tec,压缩并导出
[root][2020-07-14 13:53:00][2020-07-14 13:53:00][   1158692]:  
[root][2020-07-14 13:53:00][2020-07-14 13:53:00][   1158692]:  数据库表event_configuration 导出数据, 19条
[root][2020-07-14 13:53:00][2020-07-14 13:53:00][   1158692]:  事件等级配置表event_configuration,压缩并导出
[root][2020-07-14 13:53:39][2020-07-14 13:53:39][   1158759]:  数据库 data_file_info,产品不存在,时间段2020-07-01 2020-07-01
[root][2020-07-14 13:53:39][2020-07-14 13:53:39][   1158759]:  数据库 product_file_info,产品不存在,时间段2020-07-01 2020-07-01
[root][2020-07-14 13:53:39][2020-07-14 13:53:39][   1158759]:  数据库表alert_file_info 导出数据, 11条
[root][2020-07-14 13:53:39][2020-07-14 13:53:39][   1158759]:  警报数据alert,压缩并导出
[root][2020-07-14 13:53:39][2020-07-14 13:53:39][   1158759]:  数据库 report_file_info,产品不存在,时间段2020-07-01 2020-07-01
[root][2020-07-14 13:53:39][2020-07-14 13:53:40][   1158759]:  数据库表element_ace_ep 导出数据, 288条
[root][2020-07-14 13:53:39][2020-07-14 13:53:40][   1158759]:  element_ace_ep,压缩并导出
[root][2020-07-14 13:53:39][2020-07-14 13:53:40][   1158759]:  
[root][2020-07-14 13:53:40][2020-07-14 13:53:40][   1158759]:  数据库表element_ace_mag 导出数据, 1440条
[root][2020-07-14 13:53:40][2020-07-14 13:53:40][   1158759]:  element_ace_mag,压缩并导出
[root][2020-07-14 13:53:40][2020-07-14 13:53:40][   1158759]:  
[root][2020-07-14 13:53:40][2020-07-14 13:53:40][   1158759]:  数据库表element_ace_sis 导出数据, 288条
[root][2020-07-14 13:53:40][2020-07-14 13:53:40][   1158759]:  element_ace_sis,压缩并导出
[root][2020-07-14 13:53:40][2020-07-14 13:53:40][   1158759]:  
[root][2020-07-14 13:53:40][2020-07-14 13:53:40][   1158759]:  数据库表element_ace_sw 导出数据, 1440条
[root][2020-07-14 13:53:40][2020-07-14 13:53:40][   1158759]:  element_ace_sw,压缩并导出
[root][2020-07-14 13:53:40][2020-07-14 13:53:40][   1158759]:  
[root][2020-07-14 13:53:40][2020-07-14 13:53:40][   1158759]:  数据库表element_ap 导出数据, 2条
[root][2020-07-14 13:53:40][2020-07-14 13:53:40][   1158759]:  element_ap,压缩并导出
[root][2020-07-14 13:53:40][2020-07-14 13:53:40][   1158759]:  
[root][2020-07-14 13:53:40][2020-07-14 13:53:40][   1158759]:  数据库表element_dst 导出数据, 24条
[root][2020-07-14 13:53:40][2020-07-14 13:53:40][   1158759]:  element_dst,压缩并导出
[root][2020-07-14 13:53:40][2020-07-14 13:53:40][   1158759]:  
[root][2020-07-14 13:53:40][2020-07-14 13:53:40][   1158759]:  数据库 element_f107,产品不存在,时间段2020-07-01 2020-07-01
[root][2020-07-14 13:53:40][2020-07-14 13:53:40][   1158759]:  数据库表element_goes_ie 导出数据, 186条
[root][2020-07-14 13:53:40][2020-07-14 13:53:40][   1158759]:  element_goes_ie,压缩并导出
[root][2020-07-14 13:53:40][2020-07-14 13:53:40][   1158759]:  
[root][2020-07-14 13:53:40][2020-07-14 13:53:40][   1158759]:  数据库表element_goes_ip 导出数据, 288条
[root][2020-07-14 13:53:40][2020-07-14 13:53:40][   1158759]:  element_goes_ip,压缩并导出
[root][2020-07-14 13:53:40][2020-07-14 13:53:40][   1158759]:  
[root][2020-07-14 13:53:40][2020-07-14 13:53:40][   1158759]:  数据库表element_goes_mag 导出数据, 1440条
[root][2020-07-14 13:53:40][2020-07-14 13:53:40][   1158759]:  element_goes_mag,压缩并导出
[root][2020-07-14 13:53:40][2020-07-14 13:53:40][   1158759]:  
[root][2020-07-14 13:53:40][2020-07-14 13:53:41][   1158759]:  数据库表element_goes_xr 导出数据, 1440条
[root][2020-07-14 13:53:40][2020-07-14 13:53:41][   1158759]:  element_goes_xr,压缩并导出
[root][2020-07-14 13:53:40][2020-07-14 13:53:41][   1158759]:  
[root][2020-07-14 13:53:41][2020-07-14 13:53:41][   1158759]:  数据库表element_hpi 导出数据, 262条
[root][2020-07-14 13:53:41][2020-07-14 13:53:41][   1158759]:  element_hpi,压缩并导出
[root][2020-07-14 13:53:41][2020-07-14 13:53:41][   1158759]:  
[root][2020-07-14 13:53:41][2020-07-14 13:53:41][   1158759]:  数据库表element_kp 导出数据, 15条
[root][2020-07-14 13:53:41][2020-07-14 13:53:41][   1158759]:  element_kp,压缩并导出
[root][2020-07-14 13:53:41][2020-07-14 13:53:41][   1158759]:  
[root][2020-07-14 13:53:41][2020-07-14 13:53:41][   1158759]:  数据库表element_rad 导出数据, 63条
[root][2020-07-14 13:53:41][2020-07-14 13:53:41][   1158759]:  element_rad,压缩并导出
[root][2020-07-14 13:53:41][2020-07-14 13:53:41][   1158759]:  
[root][2020-07-14 13:53:41][2020-07-14 13:53:41][   1158759]:  数据库 element_ssn,产品不存在,时间段2020-07-01 2020-07-01
[root][2020-07-14 13:53:41][2020-07-14 13:53:41][   1158759]:  数据库表element_ste_het 导出数据, 252条
[root][2020-07-14 13:53:41][2020-07-14 13:53:41][   1158759]:  element_ste_het,压缩并导出
[root][2020-07-14 13:53:41][2020-07-14 13:53:41][   1158759]:  
[root][2020-07-14 13:53:41][2020-07-14 13:53:41][   1158759]:  数据库表element_ste_mag 导出数据, 1260条
[root][2020-07-14 13:53:41][2020-07-14 13:53:41][   1158759]:  element_ste_mag,压缩并导出
[root][2020-07-14 13:53:41][2020-07-14 13:53:41][   1158759]:  
[root][2020-07-14 13:53:41][2020-07-14 13:53:41][   1158759]:  数据库表element_ste_sw 导出数据, 1251条
[root][2020-07-14 13:53:41][2020-07-14 13:53:41][   1158759]:  element_ste_sw,压缩并导出
[root][2020-07-14 13:53:41][2020-07-14 13:53:41][   1158759]:  
[root][2020-07-14 13:53:41][2020-07-14 13:53:41][   1158759]:  数据库表element_swpc_flare 导出数据, 1条
[root][2020-07-14 13:53:41][2020-07-14 13:53:41][   1158759]:  element_swpc_flare,压缩并导出
[root][2020-07-14 13:53:41][2020-07-14 13:53:41][   1158759]:  
[root][2020-07-14 13:53:41][2020-07-14 13:53:41][   1158759]:  数据库表element_tec 导出数据, 20条
[root][2020-07-14 13:53:41][2020-07-14 13:53:41][   1158759]:  element_tec,压缩并导出
[root][2020-07-14 13:53:41][2020-07-14 13:53:41][   1158759]:  
[root][2020-07-14 13:53:41][2020-07-14 13:53:41][   1158759]:  数据库表event_configuration 导出数据, 19条
[root][2020-07-14 13:53:41][2020-07-14 13:53:41][   1158759]:  事件等级配置表event_configuration,压缩并导出
[root][2020-07-14 13:53:44][2020-07-14 13:53:44][   1158795]:  数据库表data_file_info 导出数据, 1076条
[root][2020-07-14 13:53:44][2020-07-14 13:53:49][   1158795]:  收集数据data,压缩并导出
[root][2020-07-14 13:53:49][2020-07-14 13:53:49][   1158795]:  数据库表product_file_info 导出数据, 8条
[root][2020-07-14 13:53:49][2020-07-14 13:53:49][   1158795]:  产品数据product,压缩并导出
[root][2020-07-14 13:53:49][2020-07-14 13:53:49][   1158795]:  数据库表alert_file_info 导出数据, 3条
[root][2020-07-14 13:53:49][2020-07-14 13:53:49][   1158795]:  警报数据alert,压缩并导出
[root][2020-07-14 13:53:49][2020-07-14 13:53:49][   1158795]:  数据库 report_file_info,产品不存在,时间段2020-07-14 2020-07-14
[root][2020-07-14 13:53:49][2020-07-14 13:53:49][   1158795]:  数据库 element_ace_ep,产品不存在,时间段2020-07-14 2020-07-14
[root][2020-07-14 13:53:49][2020-07-14 13:53:49][   1158795]:  数据库表element_ace_mag 导出数据, 180条
[root][2020-07-14 13:53:49][2020-07-14 13:53:49][   1158795]:  element_ace_mag,压缩并导出
[root][2020-07-14 13:53:49][2020-07-14 13:53:49][   1158795]:  
[root][2020-07-14 13:53:49][2020-07-14 13:53:49][   1158795]:  数据库表element_ace_sis 导出数据, 36条
[root][2020-07-14 13:53:49][2020-07-14 13:53:49][   1158795]:  element_ace_sis,压缩并导出
[root][2020-07-14 13:53:49][2020-07-14 13:53:49][   1158795]:  
[root][2020-07-14 13:53:49][2020-07-14 13:53:49][   1158795]:  数据库表element_ace_sw 导出数据, 240条
[root][2020-07-14 13:53:49][2020-07-14 13:53:50][   1158795]:  element_ace_sw,压缩并导出
[root][2020-07-14 13:53:49][2020-07-14 13:53:50][   1158795]:  
[root][2020-07-14 13:53:50][2020-07-14 13:53:50][   1158795]:  数据库表element_ap 导出数据, 1条
[root][2020-07-14 13:53:50][2020-07-14 13:53:50][   1158795]:  element_ap,压缩并导出
[root][2020-07-14 13:53:50][2020-07-14 13:53:50][   1158795]:  
[root][2020-07-14 13:53:50][2020-07-14 13:53:50][   1158795]:  数据库表element_dst 导出数据, 4条
[root][2020-07-14 13:53:50][2020-07-14 13:53:50][   1158795]:  element_dst,压缩并导出
[root][2020-07-14 13:53:50][2020-07-14 13:53:50][   1158795]:  
[root][2020-07-14 13:53:50][2020-07-14 13:53:50][   1158795]:  数据库 element_f107,产品不存在,时间段2020-07-14 2020-07-14
[root][2020-07-14 13:53:50][2020-07-14 13:53:50][   1158795]:  数据库表element_goes_ie 导出数据, 69条
[root][2020-07-14 13:53:50][2020-07-14 13:53:50][   1158795]:  element_goes_ie,压缩并导出
[root][2020-07-14 13:53:50][2020-07-14 13:53:50][   1158795]:  
[root][2020-07-14 13:53:50][2020-07-14 13:53:50][   1158795]:  数据库表element_goes_ip 导出数据, 69条
[root][2020-07-14 13:53:50][2020-07-14 13:53:50][   1158795]:  element_goes_ip,压缩并导出
[root][2020-07-14 13:53:50][2020-07-14 13:53:50][   1158795]:  
[root][2020-07-14 13:53:50][2020-07-14 13:53:50][   1158795]:  数据库表element_goes_mag 导出数据, 348条
[root][2020-07-14 13:53:50][2020-07-14 13:53:50][   1158795]:  element_goes_mag,压缩并导出
[root][2020-07-14 13:53:50][2020-07-14 13:53:50][   1158795]:  
[root][2020-07-14 13:53:50][2020-07-14 13:53:50][   1158795]:  数据库表element_goes_xr 导出数据, 348条
[root][2020-07-14 13:53:50][2020-07-14 13:53:50][   1158795]:  element_goes_xr,压缩并导出
[root][2020-07-14 13:53:50][2020-07-14 13:53:50][   1158795]:  
[root][2020-07-14 13:53:50][2020-07-14 13:53:50][   1158795]:  数据库表element_hpi 导出数据, 61条
[root][2020-07-14 13:53:50][2020-07-14 13:53:50][   1158795]:  element_hpi,压缩并导出
[root][2020-07-14 13:53:50][2020-07-14 13:53:50][   1158795]:  
[root][2020-07-14 13:53:50][2020-07-14 13:53:50][   1158795]:  数据库表element_kp 导出数据, 4条
[root][2020-07-14 13:53:50][2020-07-14 13:53:50][   1158795]:  element_kp,压缩并导出
[root][2020-07-14 13:53:50][2020-07-14 13:53:50][   1158795]:  
[root][2020-07-14 13:53:50][2020-07-14 13:53:50][   1158795]:  数据库表element_rad 导出数据, 63条
[root][2020-07-14 13:53:50][2020-07-14 13:53:50][   1158795]:  element_rad,压缩并导出
[root][2020-07-14 13:53:50][2020-07-14 13:53:50][   1158795]:  
[root][2020-07-14 13:53:50][2020-07-14 13:53:50][   1158795]:  数据库 element_ssn,产品不存在,时间段2020-07-14 2020-07-14
[root][2020-07-14 13:53:50][2020-07-14 13:53:50][   1158795]:  数据库表element_ste_het 导出数据, 59条
[root][2020-07-14 13:53:50][2020-07-14 13:53:50][   1158795]:  element_ste_het,压缩并导出
[root][2020-07-14 13:53:50][2020-07-14 13:53:50][   1158795]:  
[root][2020-07-14 13:53:50][2020-07-14 13:53:50][   1158795]:  数据库表element_ste_mag 导出数据, 231条
[root][2020-07-14 13:53:50][2020-07-14 13:53:51][   1158795]:  element_ste_mag,压缩并导出
[root][2020-07-14 13:53:50][2020-07-14 13:53:51][   1158795]:  
[root][2020-07-14 13:53:51][2020-07-14 13:53:51][   1158795]:  数据库表element_ste_sw 导出数据, 171条
[root][2020-07-14 13:53:51][2020-07-14 13:53:51][   1158795]:  element_ste_sw,压缩并导出
[root][2020-07-14 13:53:51][2020-07-14 13:53:51][   1158795]:  
[root][2020-07-14 13:53:51][2020-07-14 13:53:51][   1158795]:  数据库 element_swpc_flare,产品不存在,时间段2020-07-14 2020-07-14
[root][2020-07-14 13:53:51][2020-07-14 13:53:51][   1158795]:  数据库 element_tec,产品不存在,时间段2020-07-14 2020-07-14
[root][2020-07-14 13:53:51][2020-07-14 13:53:51][   1158795]:  数据库表event_configuration 导出数据, 19条
[root][2020-07-14 13:53:51][2020-07-14 13:53:51][   1158795]:  事件等级配置表event_configuration,压缩并导出
[root][2020-07-14 13:55:13][2020-07-14 13:55:13][   1158986]:  数据库表data_file_info 导出数据, 1079条
[root][2020-07-14 13:55:13][2020-07-14 13:55:18][   1158986]:  收集数据data,压缩并导出
[root][2020-07-14 13:55:18][2020-07-14 13:55:18][   1158986]:  数据库表product_file_info 导出数据, 8条
[root][2020-07-14 13:55:18][2020-07-14 13:55:18][   1158986]:  产品数据product,压缩并导出
[root][2020-07-14 13:55:18][2020-07-14 13:55:18][   1158986]:  数据库表alert_file_info 导出数据, 3条
[root][2020-07-14 13:55:18][2020-07-14 13:55:18][   1158986]:  警报数据alert,压缩并导出
[root][2020-07-14 13:55:18][2020-07-14 13:55:18][   1158986]:  数据库 report_file_info,产品不存在,时间段2020-07-14 2020-07-14
[root][2020-07-14 13:55:18][2020-07-14 13:55:18][   1158986]:  数据库 element_ace_ep,产品不存在,时间段2020-07-14 2020-07-14
[root][2020-07-14 13:55:18][2020-07-14 13:55:18][   1158986]:  数据库表element_ace_mag 导出数据, 180条
[root][2020-07-14 13:55:18][2020-07-14 13:55:18][   1158986]:  element_ace_mag,压缩并导出
[root][2020-07-14 13:55:18][2020-07-14 13:55:18][   1158986]:  
[root][2020-07-14 13:55:18][2020-07-14 13:55:18][   1158986]:  数据库表element_ace_sis 导出数据, 36条
[root][2020-07-14 13:55:18][2020-07-14 13:55:18][   1158986]:  element_ace_sis,压缩并导出
[root][2020-07-14 13:55:18][2020-07-14 13:55:18][   1158986]:  
[root][2020-07-14 13:55:18][2020-07-14 13:55:18][   1158986]:  数据库表element_ace_sw 导出数据, 240条
[root][2020-07-14 13:55:18][2020-07-14 13:55:18][   1158986]:  element_ace_sw,压缩并导出
[root][2020-07-14 13:55:18][2020-07-14 13:55:18][   1158986]:  
[root][2020-07-14 13:55:18][2020-07-14 13:55:18][   1158986]:  数据库表element_ap 导出数据, 1条
[root][2020-07-14 13:55:18][2020-07-14 13:55:18][   1158986]:  element_ap,压缩并导出
[root][2020-07-14 13:55:18][2020-07-14 13:55:18][   1158986]:  
[root][2020-07-14 13:55:18][2020-07-14 13:55:18][   1158986]:  数据库表element_dst 导出数据, 4条
[root][2020-07-14 13:55:18][2020-07-14 13:55:18][   1158986]:  element_dst,压缩并导出
[root][2020-07-14 13:55:18][2020-07-14 13:55:18][   1158986]:  
[root][2020-07-14 13:55:18][2020-07-14 13:55:18][   1158986]:  数据库 element_f107,产品不存在,时间段2020-07-14 2020-07-14
[root][2020-07-14 13:55:18][2020-07-14 13:55:18][   1158986]:  数据库表element_goes_ie 导出数据, 69条
[root][2020-07-14 13:55:18][2020-07-14 13:55:18][   1158986]:  element_goes_ie,压缩并导出
[root][2020-07-14 13:55:18][2020-07-14 13:55:18][   1158986]:  
[root][2020-07-14 13:55:18][2020-07-14 13:55:18][   1158986]:  数据库表element_goes_ip 导出数据, 69条
[root][2020-07-14 13:55:18][2020-07-14 13:55:18][   1158986]:  element_goes_ip,压缩并导出
[root][2020-07-14 13:55:18][2020-07-14 13:55:18][   1158986]:  
[root][2020-07-14 13:55:18][2020-07-14 13:55:18][   1158986]:  数据库表element_goes_mag 导出数据, 348条
[root][2020-07-14 13:55:18][2020-07-14 13:55:18][   1158986]:  element_goes_mag,压缩并导出
[root][2020-07-14 13:55:18][2020-07-14 13:55:18][   1158986]:  
[root][2020-07-14 13:55:18][2020-07-14 13:55:19][   1158986]:  数据库表element_goes_xr 导出数据, 348条
[root][2020-07-14 13:55:18][2020-07-14 13:55:19][   1158986]:  element_goes_xr,压缩并导出
[root][2020-07-14 13:55:18][2020-07-14 13:55:19][   1158986]:  
[root][2020-07-14 13:55:19][2020-07-14 13:55:19][   1158986]:  数据库表element_hpi 导出数据, 61条
[root][2020-07-14 13:55:19][2020-07-14 13:55:19][   1158986]:  element_hpi,压缩并导出
[root][2020-07-14 13:55:19][2020-07-14 13:55:19][   1158986]:  
[root][2020-07-14 13:55:19][2020-07-14 13:55:19][   1158986]:  数据库表element_kp 导出数据, 4条
[root][2020-07-14 13:55:19][2020-07-14 13:55:19][   1158986]:  element_kp,压缩并导出
[root][2020-07-14 13:55:19][2020-07-14 13:55:19][   1158986]:  
[root][2020-07-14 13:55:19][2020-07-14 13:55:19][   1158986]:  数据库表element_rad 导出数据, 63条
[root][2020-07-14 13:55:19][2020-07-14 13:55:19][   1158986]:  element_rad,压缩并导出
[root][2020-07-14 13:55:19][2020-07-14 13:55:19][   1158986]:  
[root][2020-07-14 13:55:19][2020-07-14 13:55:19][   1158986]:  数据库 element_ssn,产品不存在,时间段2020-07-14 2020-07-14
[root][2020-07-14 13:55:19][2020-07-14 13:55:19][   1158986]:  数据库表element_ste_het 导出数据, 59条
[root][2020-07-14 13:55:19][2020-07-14 13:55:19][   1158986]:  element_ste_het,压缩并导出
[root][2020-07-14 13:55:19][2020-07-14 13:55:19][   1158986]:  
[root][2020-07-14 13:55:19][2020-07-14 13:55:19][   1158986]:  数据库表element_ste_mag 导出数据, 231条
[root][2020-07-14 13:55:19][2020-07-14 13:55:19][   1158986]:  element_ste_mag,压缩并导出
[root][2020-07-14 13:55:19][2020-07-14 13:55:19][   1158986]:  
[root][2020-07-14 13:55:19][2020-07-14 13:55:19][   1158986]:  数据库表element_ste_sw 导出数据, 171条
[root][2020-07-14 13:55:19][2020-07-14 13:55:19][   1158986]:  element_ste_sw,压缩并导出
[root][2020-07-14 13:55:19][2020-07-14 13:55:19][   1158986]:  
[root][2020-07-14 13:55:19][2020-07-14 13:55:19][   1158986]:  数据库 element_swpc_flare,产品不存在,时间段2020-07-14 2020-07-14
[root][2020-07-14 13:55:19][2020-07-14 13:55:19][   1158986]:  数据库 element_tec,产品不存在,时间段2020-07-14 2020-07-14
[root][2020-07-14 13:55:19][2020-07-14 13:55:19][   1158986]:  数据库表event_configuration 导出数据, 19条
[root][2020-07-14 13:55:19][2020-07-14 13:55:19][   1158986]:  事件等级配置表event_configuration,压缩并导出
[root][2020-07-14 13:55:22][2020-07-14 13:55:22][   1159489]:  数据库表data_file_info 导出数据, 1080条
[root][2020-07-14 13:55:22][2020-07-14 13:55:25][   1159489]:  收集数据data,压缩并导出
[root][2020-07-14 13:55:25][2020-07-14 13:55:25][   1159489]:  数据库表product_file_info 导出数据, 8条
[root][2020-07-14 13:55:25][2020-07-14 13:55:25][   1159489]:  产品数据product,压缩并导出
[root][2020-07-14 13:55:25][2020-07-14 13:55:25][   1159489]:  数据库表alert_file_info 导出数据, 3条
[root][2020-07-14 13:55:25][2020-07-14 13:55:25][   1159489]:  警报数据alert,压缩并导出
[root][2020-07-14 13:55:25][2020-07-14 13:55:25][   1159489]:  数据库 report_file_info,产品不存在,时间段2020-07-14 2020-07-14
[root][2020-07-14 13:55:25][2020-07-14 13:55:25][   1159489]:  数据库 element_ace_ep,产品不存在,时间段2020-07-14 2020-07-14
[root][2020-07-14 13:55:25][2020-07-14 13:55:25][   1159489]:  数据库表element_ace_mag 导出数据, 180条
[root][2020-07-14 13:55:25][2020-07-14 13:55:25][   1159489]:  element_ace_mag,压缩并导出
[root][2020-07-14 13:55:25][2020-07-14 13:55:25][   1159489]:  
[root][2020-07-14 13:55:25][2020-07-14 13:55:25][   1159489]:  数据库表element_ace_sis 导出数据, 36条
[root][2020-07-14 13:55:25][2020-07-14 13:55:25][   1159489]:  element_ace_sis,压缩并导出
[root][2020-07-14 13:55:25][2020-07-14 13:55:25][   1159489]:  
[root][2020-07-14 13:55:25][2020-07-14 13:55:25][   1159489]:  数据库表element_ace_sw 导出数据, 240条
[root][2020-07-14 13:55:25][2020-07-14 13:55:25][   1159489]:  element_ace_sw,压缩并导出
[root][2020-07-14 13:55:25][2020-07-14 13:55:25][   1159489]:  
[root][2020-07-14 13:55:25][2020-07-14 13:55:25][   1159489]:  数据库表element_ap 导出数据, 1条
[root][2020-07-14 13:55:25][2020-07-14 13:55:26][   1159489]:  element_ap,压缩并导出
[root][2020-07-14 13:55:25][2020-07-14 13:55:26][   1159489]:  
[root][2020-07-14 13:55:26][2020-07-14 13:55:26][   1159489]:  数据库表element_dst 导出数据, 4条
[root][2020-07-14 13:55:26][2020-07-14 13:55:26][   1159489]:  element_dst,压缩并导出
[root][2020-07-14 13:55:26][2020-07-14 13:55:26][   1159489]:  
[root][2020-07-14 13:55:26][2020-07-14 13:55:26][   1159489]:  数据库 element_f107,产品不存在,时间段2020-07-14 2020-07-14
[root][2020-07-14 13:55:26][2020-07-14 13:55:26][   1159489]:  数据库表element_goes_ie 导出数据, 69条
[root][2020-07-14 13:55:26][2020-07-14 13:55:26][   1159489]:  element_goes_ie,压缩并导出
[root][2020-07-14 13:55:26][2020-07-14 13:55:26][   1159489]:  
[root][2020-07-14 13:55:26][2020-07-14 13:55:26][   1159489]:  数据库表element_goes_ip 导出数据, 70条
[root][2020-07-14 13:55:26][2020-07-14 13:55:26][   1159489]:  element_goes_ip,压缩并导出
[root][2020-07-14 13:55:26][2020-07-14 13:55:26][   1159489]:  
[root][2020-07-14 13:55:26][2020-07-14 13:55:26][   1159489]:  数据库表element_goes_mag 导出数据, 348条
[root][2020-07-14 13:55:26][2020-07-14 13:55:26][   1159489]:  element_goes_mag,压缩并导出
[root][2020-07-14 13:55:26][2020-07-14 13:55:26][   1159489]:  
[root][2020-07-14 13:55:26][2020-07-14 13:55:26][   1159489]:  数据库表element_goes_xr 导出数据, 348条
[root][2020-07-14 13:55:26][2020-07-14 13:55:26][   1159489]:  element_goes_xr,压缩并导出
[root][2020-07-14 13:55:26][2020-07-14 13:55:26][   1159489]:  
[root][2020-07-14 13:55:26][2020-07-14 13:55:26][   1159489]:  数据库表element_hpi 导出数据, 61条
[root][2020-07-14 13:55:26][2020-07-14 13:55:26][   1159489]:  element_hpi,压缩并导出
[root][2020-07-14 13:55:26][2020-07-14 13:55:26][   1159489]:  
[root][2020-07-14 13:55:26][2020-07-14 13:55:26][   1159489]:  数据库表element_kp 导出数据, 4条
[root][2020-07-14 13:55:26][2020-07-14 13:55:26][   1159489]:  element_kp,压缩并导出
[root][2020-07-14 13:55:26][2020-07-14 13:55:26][   1159489]:  
[root][2020-07-14 13:55:26][2020-07-14 13:55:26][   1159489]:  数据库表element_rad 导出数据, 63条
[root][2020-07-14 13:55:26][2020-07-14 13:55:26][   1159489]:  element_rad,压缩并导出
[root][2020-07-14 13:55:26][2020-07-14 13:55:26][   1159489]:  
[root][2020-07-14 13:55:26][2020-07-14 13:55:26][   1159489]:  数据库 element_ssn,产品不存在,时间段2020-07-14 2020-07-14
[root][2020-07-14 13:55:26][2020-07-14 13:55:26][   1159489]:  数据库表element_ste_het 导出数据, 59条
[root][2020-07-14 13:55:26][2020-07-14 13:55:26][   1159489]:  element_ste_het,压缩并导出
[root][2020-07-14 13:55:26][2020-07-14 13:55:26][   1159489]:  
[root][2020-07-14 13:55:26][2020-07-14 13:55:26][   1159489]:  数据库表element_ste_mag 导出数据, 231条
[root][2020-07-14 13:55:26][2020-07-14 13:55:26][   1159489]:  element_ste_mag,压缩并导出
[root][2020-07-14 13:55:26][2020-07-14 13:55:26][   1159489]:  
[root][2020-07-14 13:55:26][2020-07-14 13:55:26][   1159489]:  数据库表element_ste_sw 导出数据, 171条
[root][2020-07-14 13:55:26][2020-07-14 13:55:26][   1159489]:  element_ste_sw,压缩并导出
[root][2020-07-14 13:55:26][2020-07-14 13:55:26][   1159489]:  
[root][2020-07-14 13:55:26][2020-07-14 13:55:26][   1159489]:  数据库 element_swpc_flare,产品不存在,时间段2020-07-14 2020-07-14
[root][2020-07-14 13:55:26][2020-07-14 13:55:27][   1159489]:  数据库 element_tec,产品不存在,时间段2020-07-14 2020-07-14
[root][2020-07-14 13:55:27][2020-07-14 13:55:27][   1159489]:  数据库表event_configuration 导出数据, 19条
[root][2020-07-14 13:55:27][2020-07-14 13:55:27][   1159489]:  事件等级配置表event_configuration,压缩并导出
[root][2020-07-14 13:55:29][2020-07-14 13:55:29][   1159769]:  数据库表data_file_info 导出数据, 1080条
[root][2020-07-14 13:55:29][2020-07-14 13:55:32][   1159769]:  收集数据data,压缩并导出
[root][2020-07-14 13:55:32][2020-07-14 13:55:32][   1159769]:  数据库表product_file_info 导出数据, 8条
[root][2020-07-14 13:55:32][2020-07-14 13:55:32][   1159769]:  产品数据product,压缩并导出
[root][2020-07-14 13:55:32][2020-07-14 13:55:32][   1159769]:  数据库表alert_file_info 导出数据, 3条
[root][2020-07-14 13:55:32][2020-07-14 13:55:32][   1159769]:  警报数据alert,压缩并导出
[root][2020-07-14 13:55:32][2020-07-14 13:55:32][   1159769]:  数据库 report_file_info,产品不存在,时间段2020-07-14 2020-07-14
[root][2020-07-14 13:55:32][2020-07-14 13:55:32][   1159769]:  数据库 element_ace_ep,产品不存在,时间段2020-07-14 2020-07-14
[root][2020-07-14 13:55:32][2020-07-14 13:55:32][   1159769]:  数据库表element_ace_mag 导出数据, 180条
[root][2020-07-14 13:55:32][2020-07-14 13:55:32][   1159769]:  element_ace_mag,压缩并导出
[root][2020-07-14 13:55:32][2020-07-14 13:55:32][   1159769]:  
[root][2020-07-14 13:55:32][2020-07-14 13:55:32][   1159769]:  数据库表element_ace_sis 导出数据, 36条
[root][2020-07-14 13:55:32][2020-07-14 13:55:32][   1159769]:  element_ace_sis,压缩并导出
[root][2020-07-14 13:55:32][2020-07-14 13:55:32][   1159769]:  
[root][2020-07-14 13:55:32][2020-07-14 13:55:33][   1159769]:  数据库表element_ace_sw 导出数据, 240条
[root][2020-07-14 13:55:32][2020-07-14 13:55:33][   1159769]:  element_ace_sw,压缩并导出
[root][2020-07-14 13:55:32][2020-07-14 13:55:33][   1159769]:  
[root][2020-07-14 13:55:33][2020-07-14 13:55:33][   1159769]:  数据库表element_ap 导出数据, 1条
[root][2020-07-14 13:55:33][2020-07-14 13:55:33][   1159769]:  element_ap,压缩并导出
[root][2020-07-14 13:55:33][2020-07-14 13:55:33][   1159769]:  
[root][2020-07-14 13:55:33][2020-07-14 13:55:33][   1159769]:  数据库表element_dst 导出数据, 4条
[root][2020-07-14 13:55:33][2020-07-14 13:55:33][   1159769]:  element_dst,压缩并导出
[root][2020-07-14 13:55:33][2020-07-14 13:55:33][   1159769]:  
[root][2020-07-14 13:55:33][2020-07-14 13:55:33][   1159769]:  数据库 element_f107,产品不存在,时间段2020-07-14 2020-07-14
[root][2020-07-14 13:55:33][2020-07-14 13:55:33][   1159769]:  数据库表element_goes_ie 导出数据, 69条
[root][2020-07-14 13:55:33][2020-07-14 13:55:33][   1159769]:  element_goes_ie,压缩并导出
[root][2020-07-14 13:55:33][2020-07-14 13:55:33][   1159769]:  
[root][2020-07-14 13:55:33][2020-07-14 13:55:33][   1159769]:  数据库表element_goes_ip 导出数据, 70条
[root][2020-07-14 13:55:33][2020-07-14 13:55:33][   1159769]:  element_goes_ip,压缩并导出
[root][2020-07-14 13:55:33][2020-07-14 13:55:33][   1159769]:  
[root][2020-07-14 13:55:33][2020-07-14 13:55:33][   1159769]:  数据库表element_goes_mag 导出数据, 348条
[root][2020-07-14 13:55:33][2020-07-14 13:55:33][   1159769]:  element_goes_mag,压缩并导出
[root][2020-07-14 13:55:33][2020-07-14 13:55:33][   1159769]:  
[root][2020-07-14 13:55:33][2020-07-14 13:55:33][   1159769]:  数据库表element_goes_xr 导出数据, 348条
[root][2020-07-14 13:55:33][2020-07-14 13:55:33][   1159769]:  element_goes_xr,压缩并导出
[root][2020-07-14 13:55:33][2020-07-14 13:55:33][   1159769]:  
[root][2020-07-14 13:55:33][2020-07-14 13:55:33][   1159769]:  数据库表element_hpi 导出数据, 61条
[root][2020-07-14 13:55:33][2020-07-14 13:55:33][   1159769]:  element_hpi,压缩并导出
[root][2020-07-14 13:55:33][2020-07-14 13:55:33][   1159769]:  
[root][2020-07-14 13:55:33][2020-07-14 13:55:33][   1159769]:  数据库表element_kp 导出数据, 4条
[root][2020-07-14 13:55:33][2020-07-14 13:55:33][   1159769]:  element_kp,压缩并导出
[root][2020-07-14 13:55:33][2020-07-14 13:55:33][   1159769]:  
[root][2020-07-14 13:55:33][2020-07-14 13:55:33][   1159769]:  数据库表element_rad 导出数据, 63条
[root][2020-07-14 13:55:33][2020-07-14 13:55:33][   1159769]:  element_rad,压缩并导出
[root][2020-07-14 13:55:33][2020-07-14 13:55:33][   1159769]:  
[root][2020-07-14 13:55:33][2020-07-14 13:55:34][   1159769]:  数据库 element_ssn,产品不存在,时间段2020-07-14 2020-07-14
[root][2020-07-14 13:55:34][2020-07-14 13:55:34][   1159769]:  数据库表element_ste_het 导出数据, 59条
[root][2020-07-14 13:55:34][2020-07-14 13:55:34][   1159769]:  element_ste_het,压缩并导出
[root][2020-07-14 13:55:34][2020-07-14 13:55:34][   1159769]:  
[root][2020-07-14 13:55:34][2020-07-14 13:55:34][   1159769]:  数据库表element_ste_mag 导出数据, 231条
[root][2020-07-14 13:55:34][2020-07-14 13:55:34][   1159769]:  element_ste_mag,压缩并导出
[root][2020-07-14 13:55:34][2020-07-14 13:55:34][   1159769]:  
[root][2020-07-14 13:55:34][2020-07-14 13:55:34][   1159769]:  数据库表element_ste_sw 导出数据, 171条
[root][2020-07-14 13:55:34][2020-07-14 13:55:34][   1159769]:  element_ste_sw,压缩并导出
[root][2020-07-14 13:55:34][2020-07-14 13:55:34][   1159769]:  
[root][2020-07-14 13:55:34][2020-07-14 13:55:34][   1159769]:  数据库 element_swpc_flare,产品不存在,时间段2020-07-14 2020-07-14
[root][2020-07-14 13:55:34][2020-07-14 13:55:34][   1159769]:  数据库 element_tec,产品不存在,时间段2020-07-14 2020-07-14
[root][2020-07-14 13:55:34][2020-07-14 13:55:34][   1159769]:  数据库表event_configuration 导出数据, 19条
[root][2020-07-14 13:55:34][2020-07-14 13:55:34][   1159769]:  事件等级配置表event_configuration,压缩并导出
[root][2020-07-14 13:55:36][2020-07-14 13:55:36][   1159984]:  数据库表data_file_info 导出数据, 1080条
[root][2020-07-14 13:55:36][2020-07-14 13:55:36][   1160006]:  数据库表data_file_info 导出数据, 1080条
[root][2020-07-14 13:55:36][2020-07-14 13:55:36][   1159995]:  数据库表data_file_info 导出数据, 1080条
[root][2020-07-14 13:55:36][2020-07-14 13:55:39][   1159984]:  收集数据data,压缩并导出
[root][2020-07-14 13:55:39][2020-07-14 13:55:39][   1159984]:  数据库表product_file_info 导出数据, 8条
[root][2020-07-14 13:55:39][2020-07-14 13:55:39][   1159984]:  产品数据product,压缩并导出
[root][2020-07-14 13:55:39][2020-07-14 13:55:39][   1159984]:  数据库表alert_file_info 导出数据, 3条
[root][2020-07-14 13:55:39][2020-07-14 13:55:39][   1159984]:  警报数据alert,压缩并导出
[root][2020-07-14 13:55:39][2020-07-14 13:55:39][   1159984]:  数据库 report_file_info,产品不存在,时间段2020-07-14 2020-07-14
[root][2020-07-14 13:55:39][2020-07-14 13:55:39][   1159984]:  数据库 element_ace_ep,产品不存在,时间段2020-07-14 2020-07-14
[root][2020-07-14 13:55:39][2020-07-14 13:55:39][   1159984]:  数据库表element_ace_mag 导出数据, 180条
[root][2020-07-14 13:55:39][2020-07-14 13:55:39][   1159984]:  element_ace_mag,压缩并导出
[root][2020-07-14 13:55:39][2020-07-14 13:55:39][   1159984]:  
[root][2020-07-14 13:55:39][2020-07-14 13:55:39][   1159984]:  数据库表element_ace_sis 导出数据, 36条
[root][2020-07-14 13:55:39][2020-07-14 13:55:39][   1159984]:  element_ace_sis,压缩并导出
[root][2020-07-14 13:55:39][2020-07-14 13:55:39][   1159984]:  
[root][2020-07-14 13:55:39][2020-07-14 13:55:39][   1159984]:  数据库表element_ace_sw 导出数据, 240条
[root][2020-07-14 13:55:39][2020-07-14 13:55:39][   1159984]:  element_ace_sw,压缩并导出
[root][2020-07-14 13:55:39][2020-07-14 13:55:39][   1159984]:  
[root][2020-07-14 13:55:39][2020-07-14 13:55:39][   1159984]:  数据库表element_ap 导出数据, 1条
[root][2020-07-14 13:55:39][2020-07-14 13:55:39][   1159984]:  element_ap,压缩并导出
[root][2020-07-14 13:55:39][2020-07-14 13:55:39][   1159984]:  
[root][2020-07-14 13:55:39][2020-07-14 13:55:39][   1159984]:  数据库表element_dst 导出数据, 4条
[root][2020-07-14 13:55:39][2020-07-14 13:55:39][   1159984]:  element_dst,压缩并导出
[root][2020-07-14 13:55:39][2020-07-14 13:55:39][   1159984]:  
[root][2020-07-14 13:55:39][2020-07-14 13:55:39][   1159984]:  数据库 element_f107,产品不存在,时间段2020-07-14 2020-07-14
[root][2020-07-14 13:55:39][2020-07-14 13:55:39][   1159984]:  数据库表element_goes_ie 导出数据, 69条
[root][2020-07-14 13:55:39][2020-07-14 13:55:39][   1159984]:  element_goes_ie,压缩并导出
[root][2020-07-14 13:55:39][2020-07-14 13:55:39][   1159984]:  
[root][2020-07-14 13:55:39][2020-07-14 13:55:39][   1159984]:  数据库表element_goes_ip 导出数据, 70条
[root][2020-07-14 13:55:39][2020-07-14 13:55:39][   1159984]:  element_goes_ip,压缩并导出
[root][2020-07-14 13:55:39][2020-07-14 13:55:39][   1159984]:  
[root][2020-07-14 13:55:39][2020-07-14 13:55:39][   1159984]:  数据库表element_goes_mag 导出数据, 348条
[root][2020-07-14 13:55:39][2020-07-14 13:55:39][   1159984]:  element_goes_mag,压缩并导出
[root][2020-07-14 13:55:39][2020-07-14 13:55:39][   1159984]:  
[root][2020-07-14 13:55:39][2020-07-14 13:55:40][   1159984]:  数据库表element_goes_xr 导出数据, 348条
[root][2020-07-14 13:55:39][2020-07-14 13:55:40][   1159984]:  element_goes_xr,压缩并导出
[root][2020-07-14 13:55:39][2020-07-14 13:55:40][   1159984]:  
[root][2020-07-14 13:55:40][2020-07-14 13:55:40][   1159984]:  数据库表element_hpi 导出数据, 61条
[root][2020-07-14 13:55:40][2020-07-14 13:55:40][   1159984]:  element_hpi,压缩并导出
[root][2020-07-14 13:55:40][2020-07-14 13:55:40][   1159984]:  
[root][2020-07-14 13:55:40][2020-07-14 13:55:40][   1159984]:  数据库表element_kp 导出数据, 4条
[root][2020-07-14 13:55:40][2020-07-14 13:55:40][   1159984]:  element_kp,压缩并导出
[root][2020-07-14 13:55:40][2020-07-14 13:55:40][   1159984]:  
[root][2020-07-14 13:55:40][2020-07-14 13:55:40][   1159984]:  数据库表element_rad 导出数据, 63条
[root][2020-07-14 13:55:40][2020-07-14 13:55:40][   1159984]:  element_rad,压缩并导出
[root][2020-07-14 13:55:40][2020-07-14 13:55:40][   1159984]:  
[root][2020-07-14 13:55:40][2020-07-14 13:55:40][   1159984]:  数据库 element_ssn,产品不存在,时间段2020-07-14 2020-07-14
[root][2020-07-14 13:55:40][2020-07-14 13:55:40][   1159984]:  数据库表element_ste_het 导出数据, 59条
[root][2020-07-14 13:55:40][2020-07-14 13:55:40][   1159984]:  element_ste_het,压缩并导出
[root][2020-07-14 13:55:40][2020-07-14 13:55:40][   1159984]:  
[root][2020-07-14 13:55:40][2020-07-14 13:55:40][   1159984]:  数据库表element_ste_mag 导出数据, 231条
[root][2020-07-14 13:55:40][2020-07-14 13:55:40][   1159984]:  element_ste_mag,压缩并导出
[root][2020-07-14 13:55:40][2020-07-14 13:55:40][   1159984]:  
[root][2020-07-14 13:55:40][2020-07-14 13:55:40][   1159984]:  数据库表element_ste_sw 导出数据, 171条
[root][2020-07-14 13:55:40][2020-07-14 13:55:40][   1159984]:  element_ste_sw,压缩并导出
[root][2020-07-14 13:55:40][2020-07-14 13:55:40][   1159984]:  
[root][2020-07-14 13:55:40][2020-07-14 13:55:40][   1159984]:  数据库 element_swpc_flare,产品不存在,时间段2020-07-14 2020-07-14
[root][2020-07-14 13:55:40][2020-07-14 13:55:40][   1159984]:  数据库 element_tec,产品不存在,时间段2020-07-14 2020-07-14
[root][2020-07-14 13:55:40][2020-07-14 13:55:40][   1159984]:  数据库表event_configuration 导出数据, 19条
[root][2020-07-14 13:55:40][2020-07-14 13:55:40][   1159984]:  事件等级配置表event_configuration,压缩并导出
[root][2020-07-14 13:55:52][2020-07-14 13:55:52][   1160412]:  数据库表data_file_info 导出数据, 2条
[root][2020-07-14 13:55:52][2020-07-14 13:55:52][   1160412]:  收集数据data,压缩并导出
[root][2020-07-14 13:55:52][2020-07-14 13:55:52][   1160412]:  数据库表product_file_info 导出数据, 2条
[root][2020-07-14 13:55:52][2020-07-14 13:55:52][   1160412]:  产品数据product,压缩并导出
[root][2020-07-14 13:55:52][2020-07-14 13:55:52][   1160412]:  数据库表alert_file_info 导出数据, 4条
[root][2020-07-14 13:55:52][2020-07-14 13:55:52][   1160412]:  警报数据alert,压缩并导出
[root][2020-07-14 13:55:52][2020-07-14 13:55:52][   1160412]:  数据库表report_file_info 导出数据, 1条
[root][2020-07-14 13:55:52][2020-07-14 13:55:52][   1160412]:  报告数据report,压缩并导出
[root][2020-07-14 13:55:52][2020-07-14 13:55:52][   1160412]:  数据库表element_ace_ep 导出数据, 288条
[root][2020-07-14 13:55:52][2020-07-14 13:55:52][   1160412]:  element_ace_ep,压缩并导出
[root][2020-07-14 13:55:52][2020-07-14 13:55:52][   1160412]:  
[root][2020-07-14 13:55:52][2020-07-14 13:55:52][   1160412]:  数据库表element_ace_mag 导出数据, 1440条
[root][2020-07-14 13:55:52][2020-07-14 13:55:52][   1160412]:  element_ace_mag,压缩并导出
[root][2020-07-14 13:55:52][2020-07-14 13:55:52][   1160412]:  
[root][2020-07-14 13:55:52][2020-07-14 13:55:52][   1160412]:  数据库表element_ace_sis 导出数据, 288条
[root][2020-07-14 13:55:52][2020-07-14 13:55:52][   1160412]:  element_ace_sis,压缩并导出
[root][2020-07-14 13:55:52][2020-07-14 13:55:52][   1160412]:  
[root][2020-07-14 13:55:52][2020-07-14 13:55:52][   1160412]:  数据库表element_ace_sw 导出数据, 1440条
[root][2020-07-14 13:55:52][2020-07-14 13:55:52][   1160412]:  element_ace_sw,压缩并导出
[root][2020-07-14 13:55:52][2020-07-14 13:55:52][   1160412]:  
[root][2020-07-14 13:55:52][2020-07-14 13:55:52][   1160412]:  数据库表element_ap 导出数据, 2条
[root][2020-07-14 13:55:52][2020-07-14 13:55:52][   1160412]:  element_ap,压缩并导出
[root][2020-07-14 13:55:52][2020-07-14 13:55:52][   1160412]:  
[root][2020-07-14 13:55:52][2020-07-14 13:55:52][   1160412]:  数据库表element_dst 导出数据, 24条
[root][2020-07-14 13:55:52][2020-07-14 13:55:52][   1160412]:  element_dst,压缩并导出
[root][2020-07-14 13:55:52][2020-07-14 13:55:52][   1160412]:  
[root][2020-07-14 13:55:52][2020-07-14 13:55:52][   1160412]:  数据库 element_f107,产品不存在,时间段2020-07-07 2020-07-07
[root][2020-07-14 13:55:52][2020-07-14 13:55:53][   1160412]:  数据库表element_goes_ie 导出数据, 288条
[root][2020-07-14 13:55:52][2020-07-14 13:55:53][   1160412]:  element_goes_ie,压缩并导出
[root][2020-07-14 13:55:52][2020-07-14 13:55:53][   1160412]:  
[root][2020-07-14 13:55:53][2020-07-14 13:55:53][   1160412]:  数据库表element_goes_ip 导出数据, 288条
[root][2020-07-14 13:55:53][2020-07-14 13:55:53][   1160412]:  element_goes_ip,压缩并导出
[root][2020-07-14 13:55:53][2020-07-14 13:55:53][   1160412]:  
[root][2020-07-14 13:55:53][2020-07-14 13:55:53][   1160412]:  数据库表element_goes_mag 导出数据, 1440条
[root][2020-07-14 13:55:53][2020-07-14 13:55:53][   1160412]:  element_goes_mag,压缩并导出
[root][2020-07-14 13:55:53][2020-07-14 13:55:53][   1160412]:  
[root][2020-07-14 13:55:53][2020-07-14 13:55:53][   1160412]:  数据库表element_goes_xr 导出数据, 1440条
[root][2020-07-14 13:55:53][2020-07-14 13:55:53][   1160412]:  element_goes_xr,压缩并导出
[root][2020-07-14 13:55:53][2020-07-14 13:55:53][   1160412]:  
[root][2020-07-14 13:55:53][2020-07-14 13:55:53][   1160412]:  数据库表element_hpi 导出数据, 277条
[root][2020-07-14 13:55:53][2020-07-14 13:55:53][   1160412]:  element_hpi,压缩并导出
[root][2020-07-14 13:55:53][2020-07-14 13:55:53][   1160412]:  
[root][2020-07-14 13:55:53][2020-07-14 13:55:53][   1160412]:  数据库表element_kp 导出数据, 16条
[root][2020-07-14 13:55:53][2020-07-14 13:55:53][   1160412]:  element_kp,压缩并导出
[root][2020-07-14 13:55:53][2020-07-14 13:55:53][   1160412]:  
[root][2020-07-14 13:55:53][2020-07-14 13:55:53][   1160412]:  数据库表element_rad 导出数据, 63条
[root][2020-07-14 13:55:53][2020-07-14 13:55:53][   1160412]:  element_rad,压缩并导出
[root][2020-07-14 13:55:53][2020-07-14 13:55:53][   1160412]:  
[root][2020-07-14 13:55:53][2020-07-14 13:55:53][   1160412]:  数据库 element_ssn,产品不存在,时间段2020-07-07 2020-07-07
[root][2020-07-14 13:55:53][2020-07-14 13:55:53][   1160412]:  数据库表element_ste_het 导出数据, 264条
[root][2020-07-14 13:55:53][2020-07-14 13:55:53][   1160412]:  element_ste_het,压缩并导出
[root][2020-07-14 13:55:53][2020-07-14 13:55:53][   1160412]:  
[root][2020-07-14 13:55:53][2020-07-14 13:55:53][   1160412]:  数据库表element_ste_mag 导出数据, 1380条
[root][2020-07-14 13:55:53][2020-07-14 13:55:53][   1160412]:  element_ste_mag,压缩并导出
[root][2020-07-14 13:55:53][2020-07-14 13:55:53][   1160412]:  
[root][2020-07-14 13:55:53][2020-07-14 13:55:53][   1160412]:  数据库表element_ste_sw 导出数据, 1260条
[root][2020-07-14 13:55:53][2020-07-14 13:55:53][   1160412]:  element_ste_sw,压缩并导出
[root][2020-07-14 13:55:53][2020-07-14 13:55:54][   1160412]:  
[root][2020-07-14 13:55:54][2020-07-14 13:55:54][   1160412]:  数据库表element_swpc_flare 导出数据, 1条
[root][2020-07-14 13:55:54][2020-07-14 13:55:54][   1160412]:  element_swpc_flare,压缩并导出
[root][2020-07-14 13:55:54][2020-07-14 13:55:54][   1160412]:  
[root][2020-07-14 13:55:54][2020-07-14 13:55:54][   1160412]:  数据库表element_tec 导出数据, 14条
[root][2020-07-14 13:55:54][2020-07-14 13:55:54][   1160412]:  element_tec,压缩并导出
[root][2020-07-14 13:55:54][2020-07-14 13:55:54][   1160412]:  
[root][2020-07-14 13:55:54][2020-07-14 13:55:54][   1160412]:  数据库表event_configuration 导出数据, 19条
[root][2020-07-14 13:55:54][2020-07-14 13:55:54][   1160412]:  事件等级配置表event_configuration,压缩并导出
[root][2020-07-14 13:58:22][2020-07-14 13:58:22][   1163278]:  数据库 data_file_info,产品不存在,时间段2020-06-03 2020-06-03
[root][2020-07-14 13:58:22][2020-07-14 13:58:22][   1163278]:  数据库 product_file_info,产品不存在,时间段2020-06-03 2020-06-03
[root][2020-07-14 13:58:22][2020-07-14 13:58:22][   1163278]:  数据库 alert_file_info,产品不存在,时间段2020-06-03 2020-06-03
[root][2020-07-14 13:58:22][2020-07-14 13:58:22][   1163278]:  数据库 report_file_info,产品不存在,时间段2020-06-03 2020-06-03
[root][2020-07-14 13:58:22][2020-07-14 13:58:22][   1163278]:  数据库 element_ace_ep,产品不存在,时间段2020-06-03 2020-06-03
[root][2020-07-14 13:58:22][2020-07-14 13:58:22][   1163278]:  数据库 element_ace_mag,产品不存在,时间段2020-06-03 2020-06-03
[root][2020-07-14 13:58:22][2020-07-14 13:58:22][   1163278]:  数据库 element_ace_sis,产品不存在,时间段2020-06-03 2020-06-03
[root][2020-07-14 13:58:22][2020-07-14 13:58:22][   1163278]:  数据库 element_ace_sw,产品不存在,时间段2020-06-03 2020-06-03
[root][2020-07-14 13:58:22][2020-07-14 13:58:22][   1163278]:  数据库表element_ap 导出数据, 2条
[root][2020-07-14 13:58:22][2020-07-14 13:58:22][   1163278]:  element_ap,压缩并导出
[root][2020-07-14 13:58:22][2020-07-14 13:58:22][   1163278]:  
[root][2020-07-14 13:58:22][2020-07-14 13:58:22][   1163278]:  数据库表element_dst 导出数据, 24条
[root][2020-07-14 13:58:22][2020-07-14 13:58:23][   1163278]:  element_dst,压缩并导出
[root][2020-07-14 13:58:22][2020-07-14 13:58:23][   1163278]:  
[root][2020-07-14 13:58:23][2020-07-14 13:58:23][   1163278]:  数据库 element_f107,产品不存在,时间段2020-06-03 2020-06-03
[root][2020-07-14 13:58:23][2020-07-14 13:58:23][   1163278]:  数据库 element_goes_ie,产品不存在,时间段2020-06-03 2020-06-03
[root][2020-07-14 13:58:23][2020-07-14 13:58:23][   1163278]:  数据库 element_goes_ip,产品不存在,时间段2020-06-03 2020-06-03
[root][2020-07-14 13:58:23][2020-07-14 13:58:23][   1163278]:  数据库 element_goes_mag,产品不存在,时间段2020-06-03 2020-06-03
[root][2020-07-14 13:58:23][2020-07-14 13:58:23][   1163278]:  数据库 element_goes_xr,产品不存在,时间段2020-06-03 2020-06-03
[root][2020-07-14 13:58:23][2020-07-14 13:58:23][   1163278]:  数据库 element_hpi,产品不存在,时间段2020-06-03 2020-06-03
[root][2020-07-14 13:58:23][2020-07-14 13:58:23][   1163278]:  数据库表element_kp 导出数据, 16条
[root][2020-07-14 13:58:23][2020-07-14 13:58:23][   1163278]:  element_kp,压缩并导出
[root][2020-07-14 13:58:23][2020-07-14 13:58:23][   1163278]:  
[root][2020-07-14 13:58:23][2020-07-14 13:58:23][   1163278]:  数据库 element_rad,产品不存在,时间段2020-06-03 2020-06-03
[root][2020-07-14 13:58:23][2020-07-14 13:58:23][   1163278]:  数据库 element_ssn,产品不存在,时间段2020-06-03 2020-06-03
[root][2020-07-14 13:58:23][2020-07-14 13:58:23][   1163278]:  数据库 element_ste_het,产品不存在,时间段2020-06-03 2020-06-03
[root][2020-07-14 13:58:23][2020-07-14 13:58:23][   1163278]:  数据库 element_ste_mag,产品不存在,时间段2020-06-03 2020-06-03
[root][2020-07-14 13:58:23][2020-07-14 13:58:23][   1163278]:  数据库 element_ste_sw,产品不存在,时间段2020-06-03 2020-06-03
[root][2020-07-14 13:58:23][2020-07-14 13:58:23][   1163278]:  数据库表element_swpc_flare 导出数据, 1条
[root][2020-07-14 13:58:23][2020-07-14 13:58:23][   1163278]:  element_swpc_flare,压缩并导出
[root][2020-07-14 13:58:23][2020-07-14 13:58:23][   1163278]:  
[root][2020-07-14 13:58:23][2020-07-14 13:58:23][   1163278]:  数据库 element_tec,产品不存在,时间段2020-06-03 2020-06-03
[root][2020-07-14 13:58:23][2020-07-14 13:58:23][   1163278]:  数据库表event_configuration 导出数据, 19条
[root][2020-07-14 13:58:23][2020-07-14 13:58:23][   1163278]:  事件等级配置表event_configuration,压缩并导出
[root][2020-07-14 18:10:28][2020-07-14 18:10:28][   1388006]:  数据库表data_file_info 导出数据, 1852条
[root][2020-07-14 18:10:28][2020-07-14 18:10:55][   1388006]:  收集数据data,压缩并导出
[root][2020-07-14 18:10:55][2020-07-14 18:10:55][   1388006]:  数据库表product_file_info 导出数据, 18条
[root][2020-07-14 18:10:55][2020-07-14 18:10:56][   1388006]:  产品数据product,压缩并导出
[root][2020-07-14 18:10:56][2020-07-14 18:10:56][   1388006]:  数据库表alert_file_info 导出数据, 3条
[root][2020-07-14 18:10:56][2020-07-14 18:10:56][   1388006]:  警报数据alert,压缩并导出
[root][2020-07-14 18:10:56][2020-07-14 18:10:56][   1388006]:  数据库 report_file_info,产品不存在,时间段2020-07-14 2020-07-14
[root][2020-07-14 18:10:56][2020-07-14 18:10:56][   1388006]:  数据库表element_ace_ep 导出数据, 96条
[root][2020-07-14 18:10:56][2020-07-14 18:10:57][   1388006]:  element_ace_ep,压缩并导出
[root][2020-07-14 18:10:56][2020-07-14 18:10:57][   1388006]:  
[root][2020-07-14 18:10:57][2020-07-14 18:10:57][   1388006]:  数据库表element_ace_mag 导出数据, 600条
[root][2020-07-14 18:10:57][2020-07-14 18:10:57][   1388006]:  element_ace_mag,压缩并导出
[root][2020-07-14 18:10:57][2020-07-14 18:10:57][   1388006]:  
[root][2020-07-14 18:10:57][2020-07-14 18:10:57][   1388006]:  数据库表element_ace_sis 导出数据, 96条
[root][2020-07-14 18:10:57][2020-07-14 18:10:57][   1388006]:  element_ace_sis,压缩并导出
[root][2020-07-14 18:10:57][2020-07-14 18:10:57][   1388006]:  
[root][2020-07-14 18:10:57][2020-07-14 18:10:57][   1388006]:  数据库表element_ace_sw 导出数据, 480条
[root][2020-07-14 18:10:57][2020-07-14 18:10:57][   1388006]:  element_ace_sw,压缩并导出
[root][2020-07-14 18:10:57][2020-07-14 18:10:57][   1388006]:  
[root][2020-07-14 18:10:57][2020-07-14 18:10:57][   1388006]:  数据库表element_ap 导出数据, 1条
[root][2020-07-14 18:10:57][2020-07-14 18:10:57][   1388006]:  element_ap,压缩并导出
[root][2020-07-14 18:10:57][2020-07-14 18:10:57][   1388006]:  
[root][2020-07-14 18:10:57][2020-07-14 18:10:58][   1388006]:  数据库表element_dst 导出数据, 9条
[root][2020-07-14 18:10:57][2020-07-14 18:10:58][   1388006]:  element_dst,压缩并导出
[root][2020-07-14 18:10:57][2020-07-14 18:10:58][   1388006]:  
[root][2020-07-14 18:10:58][2020-07-14 18:10:58][   1388006]:  数据库 element_f107,产品不存在,时间段2020-07-14 2020-07-14
[root][2020-07-14 18:10:58][2020-07-14 18:10:58][   1388006]:  数据库表element_goes_ie 导出数据, 121条
[root][2020-07-14 18:10:58][2020-07-14 18:10:58][   1388006]:  element_goes_ie,压缩并导出
[root][2020-07-14 18:10:58][2020-07-14 18:10:58][   1388006]:  
[root][2020-07-14 18:10:58][2020-07-14 18:10:58][   1388006]:  数据库表element_goes_ip 导出数据, 121条
[root][2020-07-14 18:10:58][2020-07-14 18:10:58][   1388006]:  element_goes_ip,压缩并导出
[root][2020-07-14 18:10:58][2020-07-14 18:10:58][   1388006]:  
[root][2020-07-14 18:10:58][2020-07-14 18:10:58][   1388006]:  数据库表element_goes_mag 导出数据, 604条
[root][2020-07-14 18:10:58][2020-07-14 18:10:58][   1388006]:  element_goes_mag,压缩并导出
[root][2020-07-14 18:10:58][2020-07-14 18:10:58][   1388006]:  
[root][2020-07-14 18:10:58][2020-07-14 18:10:58][   1388006]:  数据库表element_goes_xr 导出数据, 604条
[root][2020-07-14 18:10:58][2020-07-14 18:10:58][   1388006]:  element_goes_xr,压缩并导出
[root][2020-07-14 18:10:58][2020-07-14 18:10:58][   1388006]:  
[root][2020-07-14 18:10:58][2020-07-14 18:10:58][   1388006]:  数据库表element_hpi 导出数据, 108条
[root][2020-07-14 18:10:58][2020-07-14 18:10:59][   1388006]:  element_hpi,压缩并导出
[root][2020-07-14 18:10:58][2020-07-14 18:10:59][   1388006]:  
[root][2020-07-14 18:10:59][2020-07-14 18:10:59][   1388006]:  数据库表element_kp 导出数据, 8条
[root][2020-07-14 18:10:59][2020-07-14 18:10:59][   1388006]:  element_kp,压缩并导出
[root][2020-07-14 18:10:59][2020-07-14 18:10:59][   1388006]:  
[root][2020-07-14 18:10:59][2020-07-14 18:10:59][   1388006]:  数据库表element_rad 导出数据, 63条
[root][2020-07-14 18:10:59][2020-07-14 18:10:59][   1388006]:  element_rad,压缩并导出
[root][2020-07-14 18:10:59][2020-07-14 18:10:59][   1388006]:  
[root][2020-07-14 18:10:59][2020-07-14 18:10:59][   1388006]:  数据库 element_ssn,产品不存在,时间段2020-07-14 2020-07-14
[root][2020-07-14 18:10:59][2020-07-14 18:10:59][   1388006]:  数据库表element_ste_het 导出数据, 83条
[root][2020-07-14 18:10:59][2020-07-14 18:10:59][   1388006]:  element_ste_het,压缩并导出
[root][2020-07-14 18:10:59][2020-07-14 18:10:59][   1388006]:  
[root][2020-07-14 18:10:59][2020-07-14 18:10:59][   1388006]:  数据库表element_ste_mag 导出数据, 411条
[root][2020-07-14 18:10:59][2020-07-14 18:10:59][   1388006]:  element_ste_mag,压缩并导出
[root][2020-07-14 18:10:59][2020-07-14 18:10:59][   1388006]:  
[root][2020-07-14 18:10:59][2020-07-14 18:10:59][   1388006]:  数据库表element_ste_sw 导出数据, 351条
[root][2020-07-14 18:10:59][2020-07-14 18:10:59][   1388006]:  element_ste_sw,压缩并导出
[root][2020-07-14 18:10:59][2020-07-14 18:10:59][   1388006]:  
[root][2020-07-14 18:10:59][2020-07-14 18:10:59][   1388006]:  数据库 element_swpc_flare,产品不存在,时间段2020-07-14 2020-07-14
[root][2020-07-14 18:10:59][2020-07-14 18:10:59][   1388006]:  数据库 element_tec,产品不存在,时间段2020-07-14 2020-07-14
[root][2020-07-14 18:10:59][2020-07-14 18:10:59][   1388006]:  数据库表event_configuration 导出数据, 19条
[root][2020-07-14 18:10:59][2020-07-14 18:10:59][   1388006]:  事件等级配置表event_configuration,压缩并导出
