[root][2020-07-24 16:19:02][2020-07-24 16:19:02][      1838]:  数据库表data_file_info 导出数据, 5255条
[root][2020-07-24 16:19:02][2020-07-24 16:19:05][      1838]:  收集数据data,压缩并导出
[root][2020-07-24 16:19:05][2020-07-24 16:19:05][      1838]:  数据库表product_file_info 导出数据, 35条
[root][2020-07-24 16:19:05][2020-07-24 16:19:05][      1838]:  产品数据product,压缩并导出
[root][2020-07-24 16:19:05][2020-07-24 16:19:05][      1838]:  数据库 alert_file_info,产品不存在,时间段2020-07-23 2020-07-23
[root][2020-07-24 16:19:05][2020-07-24 16:19:05][      1838]:  数据库 report_file_info,产品不存在,时间段2020-07-23 2020-07-23
[root][2020-07-24 16:19:05][2020-07-24 16:19:05][      1838]:  数据库表element_ace_ep 导出数据, 264条
[root][2020-07-24 16:19:05][2020-07-24 16:19:05][      1838]:  element_ace_ep,压缩并导出
[root][2020-07-24 16:19:05][2020-07-24 16:19:05][      1838]:  数据库表element_ace_mag 导出数据, 1320条
[root][2020-07-24 16:19:05][2020-07-24 16:19:05][      1838]:  element_ace_mag,压缩并导出
[root][2020-07-24 16:19:05][2020-07-24 16:19:05][      1838]:  数据库表element_ace_sis 导出数据, 264条
[root][2020-07-24 16:19:05][2020-07-24 16:19:05][      1838]:  element_ace_sis,压缩并导出
[root][2020-07-24 16:19:05][2020-07-24 16:19:05][      1838]:  数据库表element_ace_sw 导出数据, 1320条
[root][2020-07-24 16:19:05][2020-07-24 16:19:05][      1838]:  element_ace_sw,压缩并导出
[root][2020-07-24 16:19:05][2020-07-24 16:19:05][      1838]:  数据库表element_ap 导出数据, 2条
[root][2020-07-24 16:19:05][2020-07-24 16:19:05][      1838]:  element_ap,压缩并导出
[root][2020-07-24 16:19:05][2020-07-24 16:19:05][      1838]:  数据库表element_dst 导出数据, 24条
[root][2020-07-24 16:19:05][2020-07-24 16:19:05][      1838]:  element_dst,压缩并导出
[root][2020-07-24 16:19:05][2020-07-24 16:19:05][      1838]:  数据库 element_f107,产品不存在,时间段2020-07-23 2020-07-23
[root][2020-07-24 16:19:05][2020-07-24 16:19:06][      1838]:  数据库表element_goes_ie 导出数据, 288条
[root][2020-07-24 16:19:05][2020-07-24 16:19:06][      1838]:  element_goes_ie,压缩并导出
[root][2020-07-24 16:19:06][2020-07-24 16:19:06][      1838]:  数据库表element_goes_ip 导出数据, 288条
[root][2020-07-24 16:19:06][2020-07-24 16:19:06][      1838]:  element_goes_ip,压缩并导出
[root][2020-07-24 16:19:06][2020-07-24 16:19:06][      1838]:  数据库表element_goes_mag 导出数据, 1440条
[root][2020-07-24 16:19:06][2020-07-24 16:19:06][      1838]:  element_goes_mag,压缩并导出
[root][2020-07-24 16:19:06][2020-07-24 16:19:06][      1838]:  数据库表element_goes_xr 导出数据, 1440条
[root][2020-07-24 16:19:06][2020-07-24 16:19:06][      1838]:  element_goes_xr,压缩并导出
[root][2020-07-24 16:19:06][2020-07-24 16:19:06][      1838]:  数据库表element_hpi 导出数据, 264条
[root][2020-07-24 16:19:06][2020-07-24 16:19:06][      1838]:  element_hpi,压缩并导出
[root][2020-07-24 16:19:06][2020-07-24 16:19:06][      1838]:  数据库表element_kp 导出数据, 16条
[root][2020-07-24 16:19:06][2020-07-24 16:19:06][      1838]:  element_kp,压缩并导出
[root][2020-07-24 16:19:06][2020-07-24 16:19:06][      1838]:  数据库表element_rad 导出数据, 63条
[root][2020-07-24 16:19:06][2020-07-24 16:19:06][      1838]:  element_rad,压缩并导出
[root][2020-07-24 16:19:06][2020-07-24 16:19:06][      1838]:  数据库 element_ssn,产品不存在,时间段2020-07-23 2020-07-23
[root][2020-07-24 16:19:06][2020-07-24 16:19:06][      1838]:  数据库表element_ste_het 导出数据, 288条
[root][2020-07-24 16:19:06][2020-07-24 16:19:06][      1838]:  element_ste_het,压缩并导出
[root][2020-07-24 16:19:06][2020-07-24 16:19:06][      1838]:  数据库表element_ste_mag 导出数据, 1440条
[root][2020-07-24 16:19:06][2020-07-24 16:19:06][      1838]:  element_ste_mag,压缩并导出
[root][2020-07-24 16:19:06][2020-07-24 16:19:06][      1838]:  数据库表element_ste_sw 导出数据, 1440条
[root][2020-07-24 16:19:06][2020-07-24 16:19:06][      1838]:  element_ste_sw,压缩并导出
[root][2020-07-24 16:19:06][2020-07-24 16:19:06][      1838]:  数据库表element_swpc_flare 导出数据, 1条
[root][2020-07-24 16:19:06][2020-07-24 16:19:06][      1838]:  element_swpc_flare,压缩并导出
[root][2020-07-24 16:19:06][2020-07-24 16:19:06][      1838]:  数据库表element_tec 导出数据, 3条
[root][2020-07-24 16:19:06][2020-07-24 16:19:07][      1838]:  element_tec,压缩并导出
[root][2020-07-24 16:19:07][2020-07-24 16:19:07][      1838]:  数据库表event_configuration 导出数据, 19条
[root][2020-07-24 16:19:07][2020-07-24 16:19:07][      1838]:  事件等级配置表event_configuration,压缩并导出
[root][2020-07-24 16:19:25][2020-07-24 16:19:25][      1891]:  数据库表data_file_info 导出数据, 1755条
[root][2020-07-24 16:19:25][2020-07-24 16:19:26][      1891]:  收集数据data,压缩并导出
[root][2020-07-24 16:19:26][2020-07-24 16:19:26][      1891]:  数据库表product_file_info 导出数据, 8条
[root][2020-07-24 16:19:26][2020-07-24 16:19:26][      1891]:  产品数据product,压缩并导出
[root][2020-07-24 16:19:26][2020-07-24 16:19:26][      1891]:  数据库表alert_file_info 导出数据, 1条
[root][2020-07-24 16:19:26][2020-07-24 16:19:26][      1891]:  警报数据alert,压缩并导出
[root][2020-07-24 16:19:26][2020-07-24 16:19:26][      1891]:  数据库 report_file_info,产品不存在,时间段2020-07-24 2020-07-24
[root][2020-07-24 16:19:26][2020-07-24 16:19:26][      1891]:  数据库表element_ace_ep 导出数据, 84条
[root][2020-07-24 16:19:26][2020-07-24 16:19:26][      1891]:  element_ace_ep,压缩并导出
[root][2020-07-24 16:19:26][2020-07-24 16:19:26][      1891]:  数据库表element_ace_mag 导出数据, 420条
[root][2020-07-24 16:19:26][2020-07-24 16:19:26][      1891]:  element_ace_mag,压缩并导出
[root][2020-07-24 16:19:26][2020-07-24 16:19:26][      1891]:  数据库表element_ace_sis 导出数据, 84条
[root][2020-07-24 16:19:26][2020-07-24 16:19:26][      1891]:  element_ace_sis,压缩并导出
[root][2020-07-24 16:19:26][2020-07-24 16:19:26][      1891]:  数据库表element_ace_sw 导出数据, 420条
[root][2020-07-24 16:19:26][2020-07-24 16:19:26][      1891]:  element_ace_sw,压缩并导出
[root][2020-07-24 16:19:26][2020-07-24 16:19:26][      1891]:  数据库表element_ap 导出数据, 1条
[root][2020-07-24 16:19:26][2020-07-24 16:19:26][      1891]:  element_ap,压缩并导出
[root][2020-07-24 16:19:26][2020-07-24 16:19:26][      1891]:  数据库表element_dst 导出数据, 8条
[root][2020-07-24 16:19:26][2020-07-24 16:19:26][      1891]:  element_dst,压缩并导出
[root][2020-07-24 16:19:26][2020-07-24 16:19:26][      1891]:  数据库 element_f107,产品不存在,时间段2020-07-24 2020-07-24
[root][2020-07-24 16:19:26][2020-07-24 16:19:26][      1891]:  数据库表element_goes_ie 导出数据, 98条
[root][2020-07-24 16:19:26][2020-07-24 16:19:26][      1891]:  element_goes_ie,压缩并导出
[root][2020-07-24 16:19:26][2020-07-24 16:19:26][      1891]:  数据库表element_goes_ip 导出数据, 98条
[root][2020-07-24 16:19:26][2020-07-24 16:19:26][      1891]:  element_goes_ip,压缩并导出
[root][2020-07-24 16:19:26][2020-07-24 16:19:26][      1891]:  数据库表element_goes_mag 导出数据, 493条
[root][2020-07-24 16:19:26][2020-07-24 16:19:26][      1891]:  element_goes_mag,压缩并导出
[root][2020-07-24 16:19:26][2020-07-24 16:19:26][      1891]:  数据库表element_goes_xr 导出数据, 493条
[root][2020-07-24 16:19:26][2020-07-24 16:19:26][      1891]:  element_goes_xr,压缩并导出
[root][2020-07-24 16:19:26][2020-07-24 16:19:26][      1891]:  数据库表element_hpi 导出数据, 99条
[root][2020-07-24 16:19:26][2020-07-24 16:19:26][      1891]:  element_hpi,压缩并导出
[root][2020-07-24 16:19:26][2020-07-24 16:19:26][      1891]:  数据库表element_kp 导出数据, 6条
[root][2020-07-24 16:19:26][2020-07-24 16:19:26][      1891]:  element_kp,压缩并导出
[root][2020-07-24 16:19:26][2020-07-24 16:19:26][      1891]:  数据库表element_rad 导出数据, 63条
[root][2020-07-24 16:19:26][2020-07-24 16:19:27][      1891]:  element_rad,压缩并导出
[root][2020-07-24 16:19:27][2020-07-24 16:19:27][      1891]:  数据库 element_ssn,产品不存在,时间段2020-07-24 2020-07-24
[root][2020-07-24 16:19:27][2020-07-24 16:19:27][      1891]:  数据库表element_ste_het 导出数据, 95条
[root][2020-07-24 16:19:27][2020-07-24 16:19:27][      1891]:  element_ste_het,压缩并导出
[root][2020-07-24 16:19:27][2020-07-24 16:19:27][      1891]:  数据库表element_ste_mag 导出数据, 471条
[root][2020-07-24 16:19:27][2020-07-24 16:19:27][      1891]:  element_ste_mag,压缩并导出
[root][2020-07-24 16:19:27][2020-07-24 16:19:27][      1891]:  数据库表element_ste_sw 导出数据, 471条
[root][2020-07-24 16:19:27][2020-07-24 16:19:27][      1891]:  element_ste_sw,压缩并导出
[root][2020-07-24 16:19:27][2020-07-24 16:19:27][      1891]:  数据库 element_swpc_flare,产品不存在,时间段2020-07-24 2020-07-24
[root][2020-07-24 16:19:27][2020-07-24 16:19:27][      1891]:  数据库 element_tec,产品不存在,时间段2020-07-24 2020-07-24
[root][2020-07-24 16:19:27][2020-07-24 16:19:27][      1891]:  数据库表event_configuration 导出数据, 19条
[root][2020-07-24 16:19:27][2020-07-24 16:19:27][      1891]:  事件等级配置表event_configuration,压缩并导出
[root][2020-07-24 18:55:00][2020-07-24 18:55:00][     50678]:  数据库表data_file_info 导出数据, 152条
[root][2020-07-24 18:55:00][2020-07-24 18:55:00][     50678]:  收集数据data,压缩并导出
[root][2020-07-24 18:55:00][2020-07-24 18:55:00][     50678]:  数据库 product_file_info,产品不存在,时间段2020-07-24 2020-07-24
[root][2020-07-24 18:55:00][2020-07-24 18:55:00][     50678]:  数据库 alert_file_info,产品不存在,时间段2020-07-24 2020-07-24
[root][2020-07-24 18:55:00][2020-07-24 18:55:00][     50678]:  数据库 report_file_info,产品不存在,时间段2020-07-24 2020-07-24
[root][2020-07-24 18:55:00][2020-07-24 18:55:00][     50678]:  数据库 element_ace_ep,产品不存在,时间段2020-07-24 2020-07-24
[root][2020-07-24 18:55:00][2020-07-24 18:55:00][     50678]:  数据库 element_ace_mag,产品不存在,时间段2020-07-24 2020-07-24
[root][2020-07-24 18:55:00][2020-07-24 18:55:00][     50678]:  数据库 element_ace_sis,产品不存在,时间段2020-07-24 2020-07-24
[root][2020-07-24 18:55:00][2020-07-24 18:55:00][     50678]:  数据库 element_ace_sw,产品不存在,时间段2020-07-24 2020-07-24
[root][2020-07-24 18:55:00][2020-07-24 18:55:00][     50678]:  数据库 element_ap,产品不存在,时间段2020-07-24 2020-07-24
[root][2020-07-24 18:55:00][2020-07-24 18:55:00][     50678]:  数据库 element_dst,产品不存在,时间段2020-07-24 2020-07-24
[root][2020-07-24 18:55:00][2020-07-24 18:55:00][     50678]:  数据库 element_f107,产品不存在,时间段2020-07-24 2020-07-24
[root][2020-07-24 18:55:00][2020-07-24 18:55:00][     50678]:  数据库表element_goes_ie 导出数据, 6条
[root][2020-07-24 18:55:00][2020-07-24 18:55:00][     50678]:  element_goes_ie,压缩并导出
[root][2020-07-24 18:55:00][2020-07-24 18:55:00][     50678]:  数据库表element_goes_ip 导出数据, 6条
[root][2020-07-24 18:55:00][2020-07-24 18:55:00][     50678]:  element_goes_ip,压缩并导出
[root][2020-07-24 18:55:00][2020-07-24 18:55:00][     50678]:  数据库表element_goes_mag 导出数据, 33条
[root][2020-07-24 18:55:00][2020-07-24 18:55:00][     50678]:  element_goes_mag,压缩并导出
[root][2020-07-24 18:55:00][2020-07-24 18:55:00][     50678]:  数据库表element_goes_xr 导出数据, 33条
[root][2020-07-24 18:55:00][2020-07-24 18:55:00][     50678]:  element_goes_xr,压缩并导出
[root][2020-07-24 18:55:00][2020-07-24 18:55:00][     50678]:  数据库表element_hpi 导出数据, 4条
[root][2020-07-24 18:55:00][2020-07-24 18:55:00][     50678]:  element_hpi,压缩并导出
[root][2020-07-24 18:55:00][2020-07-24 18:55:00][     50678]:  数据库表element_kp 导出数据, 2条
[root][2020-07-24 18:55:00][2020-07-24 18:55:00][     50678]:  element_kp,压缩并导出
[root][2020-07-24 18:55:00][2020-07-24 18:55:00][     50678]:  数据库 element_rad,产品不存在,时间段2020-07-24 2020-07-24
[root][2020-07-24 18:55:00][2020-07-24 18:55:00][     50678]:  数据库 element_ssn,产品不存在,时间段2020-07-24 2020-07-24
[root][2020-07-24 18:55:00][2020-07-24 18:55:00][     50678]:  数据库 element_ste_het,产品不存在,时间段2020-07-24 2020-07-24
[root][2020-07-24 18:55:00][2020-07-24 18:55:00][     50678]:  数据库 element_ste_mag,产品不存在,时间段2020-07-24 2020-07-24
[root][2020-07-24 18:55:00][2020-07-24 18:55:00][     50678]:  数据库 element_ste_sw,产品不存在,时间段2020-07-24 2020-07-24
[root][2020-07-24 18:55:00][2020-07-24 18:55:00][     50678]:  数据库 element_swpc_flare,产品不存在,时间段2020-07-24 2020-07-24
[root][2020-07-24 18:55:00][2020-07-24 18:55:00][     50678]:  数据库 element_tec,产品不存在,时间段2020-07-24 2020-07-24
[root][2020-07-24 18:55:00][2020-07-24 18:55:00][     50678]:  数据库表event_configuration 导出数据, 19条
[root][2020-07-24 18:55:00][2020-07-24 18:55:00][     50678]:  事件等级配置表event_configuration,压缩并导出
[root][2020-07-24 18:56:43][2020-07-24 18:56:43][     51002]:  数据库表data_file_info 导出数据, 152条
[root][2020-07-24 18:56:43][2020-07-24 18:56:43][     51002]:  收集数据data,压缩并导出
[root][2020-07-24 18:56:43][2020-07-24 18:56:43][     51002]:  数据库 product_file_info,产品不存在,时间段2020-07-24 2020-07-24
[root][2020-07-24 18:56:43][2020-07-24 18:56:43][     51002]:  数据库 alert_file_info,产品不存在,时间段2020-07-24 2020-07-24
[root][2020-07-24 18:56:43][2020-07-24 18:56:43][     51002]:  数据库 report_file_info,产品不存在,时间段2020-07-24 2020-07-24
[root][2020-07-24 18:56:43][2020-07-24 18:56:43][     51002]:  数据库 element_ace_ep,产品不存在,时间段2020-07-24 2020-07-24
[root][2020-07-24 18:56:43][2020-07-24 18:56:43][     51002]:  数据库 element_ace_mag,产品不存在,时间段2020-07-24 2020-07-24
[root][2020-07-24 18:56:43][2020-07-24 18:56:43][     51002]:  数据库 element_ace_sis,产品不存在,时间段2020-07-24 2020-07-24
[root][2020-07-24 18:56:43][2020-07-24 18:56:43][     51002]:  数据库 element_ace_sw,产品不存在,时间段2020-07-24 2020-07-24
[root][2020-07-24 18:56:43][2020-07-24 18:56:43][     51002]:  数据库 element_ap,产品不存在,时间段2020-07-24 2020-07-24
[root][2020-07-24 18:56:43][2020-07-24 18:56:43][     51002]:  数据库 element_dst,产品不存在,时间段2020-07-24 2020-07-24
[root][2020-07-24 18:56:43][2020-07-24 18:56:43][     51002]:  数据库 element_f107,产品不存在,时间段2020-07-24 2020-07-24
[root][2020-07-24 18:56:43][2020-07-24 18:56:43][     51002]:  数据库表element_goes_ie 导出数据, 6条
[root][2020-07-24 18:56:43][2020-07-24 18:56:43][     51002]:  element_goes_ie,压缩并导出
[root][2020-07-24 18:56:43][2020-07-24 18:56:43][     51002]:  数据库表element_goes_ip 导出数据, 6条
[root][2020-07-24 18:56:43][2020-07-24 18:56:43][     51002]:  element_goes_ip,压缩并导出
[root][2020-07-24 18:56:43][2020-07-24 18:56:43][     51002]:  数据库表element_goes_mag 导出数据, 33条
[root][2020-07-24 18:56:43][2020-07-24 18:56:43][     51002]:  element_goes_mag,压缩并导出
[root][2020-07-24 18:56:43][2020-07-24 18:56:43][     51002]:  数据库表element_goes_xr 导出数据, 33条
[root][2020-07-24 18:56:43][2020-07-24 18:56:43][     51002]:  element_goes_xr,压缩并导出
[root][2020-07-24 18:56:43][2020-07-24 18:56:43][     51002]:  数据库表element_hpi 导出数据, 4条
[root][2020-07-24 18:56:43][2020-07-24 18:56:43][     51002]:  element_hpi,压缩并导出
[root][2020-07-24 18:56:43][2020-07-24 18:56:43][     51002]:  数据库表element_kp 导出数据, 2条
[root][2020-07-24 18:56:43][2020-07-24 18:56:43][     51002]:  element_kp,压缩并导出
[root][2020-07-24 18:56:43][2020-07-24 18:56:43][     51002]:  数据库 element_rad,产品不存在,时间段2020-07-24 2020-07-24
[root][2020-07-24 18:56:43][2020-07-24 18:56:43][     51002]:  数据库 element_ssn,产品不存在,时间段2020-07-24 2020-07-24
[root][2020-07-24 18:56:43][2020-07-24 18:56:43][     51002]:  数据库 element_ste_het,产品不存在,时间段2020-07-24 2020-07-24
[root][2020-07-24 18:56:43][2020-07-24 18:56:43][     51002]:  数据库 element_ste_mag,产品不存在,时间段2020-07-24 2020-07-24
[root][2020-07-24 18:56:43][2020-07-24 18:56:43][     51002]:  数据库 element_ste_sw,产品不存在,时间段2020-07-24 2020-07-24
[root][2020-07-24 18:56:43][2020-07-24 18:56:44][     51002]:  数据库 element_swpc_flare,产品不存在,时间段2020-07-24 2020-07-24
[root][2020-07-24 18:56:44][2020-07-24 18:56:44][     51002]:  数据库 element_tec,产品不存在,时间段2020-07-24 2020-07-24
[root][2020-07-24 18:56:44][2020-07-24 18:56:44][     51002]:  数据库表event_configuration 导出数据, 19条
[root][2020-07-24 18:56:44][2020-07-24 18:56:44][     51002]:  事件等级配置表event_configuration,压缩并导出
[root][2020-07-24 19:02:31][2020-07-24 19:02:31][     52049]:  数据库 data_file_info,产品不存在,时间段2020-07-24 2020-07-24
[root][2020-07-24 19:02:31][2020-07-24 19:02:31][     52049]:  数据库 product_file_info,产品不存在,时间段2020-07-24 2020-07-24
[root][2020-07-24 19:02:31][2020-07-24 19:02:31][     52049]:  数据库 alert_file_info,产品不存在,时间段2020-07-24 2020-07-24
[root][2020-07-24 19:02:31][2020-07-24 19:02:31][     52049]:  数据库 report_file_info,产品不存在,时间段2020-07-24 2020-07-24
[root][2020-07-24 19:02:31][2020-07-24 19:02:31][     52049]:  数据库 element_ace_ep,产品不存在,时间段2020-07-24 2020-07-24
[root][2020-07-24 19:02:31][2020-07-24 19:02:31][     52049]:  数据库 element_ace_mag,产品不存在,时间段2020-07-24 2020-07-24
[root][2020-07-24 19:02:31][2020-07-24 19:02:31][     52049]:  数据库 element_ace_sis,产品不存在,时间段2020-07-24 2020-07-24
[root][2020-07-24 19:02:31][2020-07-24 19:02:31][     52049]:  数据库 element_ace_sw,产品不存在,时间段2020-07-24 2020-07-24
[root][2020-07-24 19:02:31][2020-07-24 19:02:31][     52049]:  数据库 element_ap,产品不存在,时间段2020-07-24 2020-07-24
[root][2020-07-24 19:02:31][2020-07-24 19:02:31][     52049]:  数据库 element_dst,产品不存在,时间段2020-07-24 2020-07-24
[root][2020-07-24 19:02:31][2020-07-24 19:02:31][     52049]:  数据库 element_f107,产品不存在,时间段2020-07-24 2020-07-24
[root][2020-07-24 19:02:31][2020-07-24 19:02:31][     52049]:  数据库表element_goes_ie 导出数据, 6条
[root][2020-07-24 19:02:31][2020-07-24 19:02:31][     52049]:  element_goes_ie,压缩并导出
[root][2020-07-24 19:02:31][2020-07-24 19:02:31][     52049]:  数据库表element_goes_ip 导出数据, 6条
[root][2020-07-24 19:02:31][2020-07-24 19:02:31][     52049]:  element_goes_ip,压缩并导出
[root][2020-07-24 19:02:31][2020-07-24 19:02:31][     52049]:  数据库表element_goes_mag 导出数据, 33条
[root][2020-07-24 19:02:31][2020-07-24 19:02:31][     52049]:  element_goes_mag,压缩并导出
[root][2020-07-24 19:02:31][2020-07-24 19:02:31][     52049]:  数据库表element_goes_xr 导出数据, 33条
[root][2020-07-24 19:02:31][2020-07-24 19:02:31][     52049]:  element_goes_xr,压缩并导出
[root][2020-07-24 19:02:31][2020-07-24 19:02:31][     52049]:  数据库表element_hpi 导出数据, 4条
[root][2020-07-24 19:02:31][2020-07-24 19:02:31][     52049]:  element_hpi,压缩并导出
[root][2020-07-24 19:02:31][2020-07-24 19:02:31][     52049]:  数据库表element_kp 导出数据, 2条
[root][2020-07-24 19:02:31][2020-07-24 19:02:31][     52049]:  element_kp,压缩并导出
[root][2020-07-24 19:02:31][2020-07-24 19:02:31][     52049]:  数据库 element_rad,产品不存在,时间段2020-07-24 2020-07-24
[root][2020-07-24 19:02:31][2020-07-24 19:02:31][     52049]:  数据库 element_ssn,产品不存在,时间段2020-07-24 2020-07-24
[root][2020-07-24 19:02:31][2020-07-24 19:02:31][     52049]:  数据库 element_ste_het,产品不存在,时间段2020-07-24 2020-07-24
[root][2020-07-24 19:02:31][2020-07-24 19:02:31][     52049]:  数据库 element_ste_mag,产品不存在,时间段2020-07-24 2020-07-24
[root][2020-07-24 19:02:31][2020-07-24 19:02:31][     52049]:  数据库 element_ste_sw,产品不存在,时间段2020-07-24 2020-07-24
[root][2020-07-24 19:02:31][2020-07-24 19:02:31][     52049]:  数据库 element_swpc_flare,产品不存在,时间段2020-07-24 2020-07-24
[root][2020-07-24 19:02:31][2020-07-24 19:02:31][     52049]:  数据库 element_tec,产品不存在,时间段2020-07-24 2020-07-24
[root][2020-07-24 19:02:31][2020-07-24 19:02:31][     52049]:  数据库表event_configuration 导出数据, 19条
[root][2020-07-24 19:02:31][2020-07-24 19:02:31][     52049]:  事件等级配置表event_configuration,压缩并导出
[root][2020-07-24 19:45:02][2020-07-24 19:45:02][     55066]:  数据库 data_file_info,产品不存在,时间段2020-07-24 2020-07-24
[root][2020-07-24 19:45:02][2020-07-24 19:45:02][     55066]:  数据库 product_file_info,产品不存在,时间段2020-07-24 2020-07-24
[root][2020-07-24 19:45:02][2020-07-24 19:45:02][     55066]:  数据库 alert_file_info,产品不存在,时间段2020-07-24 2020-07-24
[root][2020-07-24 19:45:02][2020-07-24 19:45:02][     55066]:  数据库 report_file_info,产品不存在,时间段2020-07-24 2020-07-24
[root][2020-07-24 19:45:02][2020-07-24 19:45:02][     55066]:  数据库 element_ace_ep,产品不存在,时间段2020-07-24 2020-07-24
[root][2020-07-24 19:45:02][2020-07-24 19:45:02][     55066]:  数据库 element_ace_mag,产品不存在,时间段2020-07-24 2020-07-24
[root][2020-07-24 19:45:02][2020-07-24 19:45:02][     55066]:  数据库 element_ace_sis,产品不存在,时间段2020-07-24 2020-07-24
[root][2020-07-24 19:45:02][2020-07-24 19:45:02][     55066]:  数据库 element_ace_sw,产品不存在,时间段2020-07-24 2020-07-24
[root][2020-07-24 19:45:02][2020-07-24 19:45:02][     55066]:  数据库 element_ap,产品不存在,时间段2020-07-24 2020-07-24
[root][2020-07-24 19:45:02][2020-07-24 19:45:02][     55066]:  数据库 element_dst,产品不存在,时间段2020-07-24 2020-07-24
[root][2020-07-24 19:45:02][2020-07-24 19:45:02][     55066]:  数据库 element_f107,产品不存在,时间段2020-07-24 2020-07-24
[root][2020-07-24 19:45:02][2020-07-24 19:45:02][     55066]:  数据库表element_goes_ie 导出数据, 6条
[root][2020-07-24 19:45:02][2020-07-24 19:45:02][     55066]:  element_goes_ie,压缩并导出
[root][2020-07-24 19:45:02][2020-07-24 19:45:02][     55066]:  数据库表element_goes_ip 导出数据, 6条
[root][2020-07-24 19:45:02][2020-07-24 19:45:02][     55066]:  element_goes_ip,压缩并导出
[root][2020-07-24 19:45:02][2020-07-24 19:45:02][     55066]:  数据库表element_goes_mag 导出数据, 33条
[root][2020-07-24 19:45:02][2020-07-24 19:45:02][     55066]:  element_goes_mag,压缩并导出
[root][2020-07-24 19:45:02][2020-07-24 19:45:02][     55066]:  数据库表element_goes_xr 导出数据, 33条
[root][2020-07-24 19:45:02][2020-07-24 19:45:02][     55066]:  element_goes_xr,压缩并导出
[root][2020-07-24 19:45:02][2020-07-24 19:45:02][     55066]:  数据库表element_hpi 导出数据, 4条
[root][2020-07-24 19:45:02][2020-07-24 19:45:02][     55066]:  element_hpi,压缩并导出
[root][2020-07-24 19:45:02][2020-07-24 19:45:02][     55066]:  数据库表element_kp 导出数据, 2条
[root][2020-07-24 19:45:02][2020-07-24 19:45:02][     55066]:  element_kp,压缩并导出
[root][2020-07-24 19:45:02][2020-07-24 19:45:02][     55066]:  数据库 element_rad,产品不存在,时间段2020-07-24 2020-07-24
[root][2020-07-24 19:45:02][2020-07-24 19:45:02][     55066]:  数据库 element_ssn,产品不存在,时间段2020-07-24 2020-07-24
[root][2020-07-24 19:45:02][2020-07-24 19:45:02][     55066]:  数据库 element_ste_het,产品不存在,时间段2020-07-24 2020-07-24
[root][2020-07-24 19:45:02][2020-07-24 19:45:02][     55066]:  数据库 element_ste_mag,产品不存在,时间段2020-07-24 2020-07-24
[root][2020-07-24 19:45:02][2020-07-24 19:45:02][     55066]:  数据库 element_ste_sw,产品不存在,时间段2020-07-24 2020-07-24
[root][2020-07-24 19:45:02][2020-07-24 19:45:02][     55066]:  数据库 element_swpc_flare,产品不存在,时间段2020-07-24 2020-07-24
[root][2020-07-24 19:45:02][2020-07-24 19:45:02][     55066]:  数据库 element_tec,产品不存在,时间段2020-07-24 2020-07-24
[root][2020-07-24 19:45:02][2020-07-24 19:45:02][     55066]:  数据库表event_configuration 导出数据, 19条
[root][2020-07-24 19:45:02][2020-07-24 19:45:02][     55066]:  事件等级配置表event_configuration,压缩并导出
[root][2020-07-24 19:47:44][2020-07-24 19:47:44][     55127]:  数据库 data_file_info,产品不存在,时间段2020-07-24 2020-07-24
[root][2020-07-24 19:47:44][2020-07-24 19:47:44][     55127]:  数据库 product_file_info,产品不存在,时间段2020-07-24 2020-07-24
[root][2020-07-24 19:47:44][2020-07-24 19:47:45][     55127]:  数据库 alert_file_info,产品不存在,时间段2020-07-24 2020-07-24
[root][2020-07-24 19:47:45][2020-07-24 19:47:45][     55127]:  数据库 report_file_info,产品不存在,时间段2020-07-24 2020-07-24
[root][2020-07-24 19:47:45][2020-07-24 19:47:45][     55127]:  数据库 element_ace_ep,产品不存在,时间段2020-07-24 2020-07-24
[root][2020-07-24 19:47:45][2020-07-24 19:47:45][     55127]:  数据库 element_ace_mag,产品不存在,时间段2020-07-24 2020-07-24
[root][2020-07-24 19:47:45][2020-07-24 19:47:45][     55127]:  数据库 element_ace_sis,产品不存在,时间段2020-07-24 2020-07-24
[root][2020-07-24 19:47:45][2020-07-24 19:47:45][     55127]:  数据库 element_ace_sw,产品不存在,时间段2020-07-24 2020-07-24
[root][2020-07-24 19:47:45][2020-07-24 19:47:45][     55127]:  数据库 element_ap,产品不存在,时间段2020-07-24 2020-07-24
[root][2020-07-24 19:47:45][2020-07-24 19:47:45][     55127]:  数据库 element_dst,产品不存在,时间段2020-07-24 2020-07-24
[root][2020-07-24 19:47:45][2020-07-24 19:47:45][     55127]:  数据库 element_f107,产品不存在,时间段2020-07-24 2020-07-24
[root][2020-07-24 19:47:45][2020-07-24 19:47:45][     55127]:  数据库表element_goes_ie 导出数据, 6条
[root][2020-07-24 19:47:45][2020-07-24 19:47:45][     55127]:  element_goes_ie,压缩并导出
[root][2020-07-24 19:47:45][2020-07-24 19:47:45][     55127]:  数据库表element_goes_ip 导出数据, 6条
[root][2020-07-24 19:47:45][2020-07-24 19:47:45][     55127]:  element_goes_ip,压缩并导出
[root][2020-07-24 19:47:45][2020-07-24 19:47:45][     55127]:  数据库表element_goes_mag 导出数据, 33条
[root][2020-07-24 19:47:45][2020-07-24 19:47:45][     55127]:  element_goes_mag,压缩并导出
[root][2020-07-24 19:47:45][2020-07-24 19:47:45][     55127]:  数据库表element_goes_xr 导出数据, 33条
[root][2020-07-24 19:47:45][2020-07-24 19:47:45][     55127]:  element_goes_xr,压缩并导出
[root][2020-07-24 19:47:45][2020-07-24 19:47:45][     55127]:  数据库表element_hpi 导出数据, 4条
[root][2020-07-24 19:47:45][2020-07-24 19:47:45][     55127]:  element_hpi,压缩并导出
[root][2020-07-24 19:47:45][2020-07-24 19:47:45][     55127]:  数据库表element_kp 导出数据, 2条
[root][2020-07-24 19:47:45][2020-07-24 19:47:45][     55127]:  element_kp,压缩并导出
[root][2020-07-24 19:47:45][2020-07-24 19:47:45][     55127]:  数据库 element_rad,产品不存在,时间段2020-07-24 2020-07-24
[root][2020-07-24 19:47:45][2020-07-24 19:47:45][     55127]:  数据库 element_ssn,产品不存在,时间段2020-07-24 2020-07-24
[root][2020-07-24 19:47:45][2020-07-24 19:47:45][     55127]:  数据库 element_ste_het,产品不存在,时间段2020-07-24 2020-07-24
[root][2020-07-24 19:47:45][2020-07-24 19:47:45][     55127]:  数据库 element_ste_mag,产品不存在,时间段2020-07-24 2020-07-24
[root][2020-07-24 19:47:45][2020-07-24 19:47:45][     55127]:  数据库 element_ste_sw,产品不存在,时间段2020-07-24 2020-07-24
[root][2020-07-24 19:47:45][2020-07-24 19:47:45][     55127]:  数据库 element_swpc_flare,产品不存在,时间段2020-07-24 2020-07-24
[root][2020-07-24 19:47:45][2020-07-24 19:47:45][     55127]:  数据库 element_tec,产品不存在,时间段2020-07-24 2020-07-24
[root][2020-07-24 19:47:45][2020-07-24 19:47:45][     55127]:  数据库表event_configuration 导出数据, 19条
[root][2020-07-24 19:47:45][2020-07-24 19:47:45][     55127]:  事件等级配置表event_configuration,压缩并导出
