[root][2020-07-24 16:22:21][2020-07-24 16:22:21][      6834]:  /home/YJY015/import/2020-07-24.zip
[root][2020-07-24 16:22:21][2020-07-24 16:22:26][      6834]:  record_data finish.
[root][2020-07-24 16:22:21][2020-07-24 16:22:26][      6834]:  product_file_info_json文件不存在,没有导出product_file_info信息,product_file_info_json = 
[root][2020-07-24 16:22:21][2020-07-24 16:22:26][      6834]:  alert_file_info_json文件不存在,没有导出alert_file_info信息,alert_file_info_json = 
[root][2020-07-24 16:22:21][2020-07-24 16:22:26][      6834]:  report_file_info_json文件不存在,没有导出report_file_info信息,report_file_info_json = 
[root][2020-07-24 16:22:21][2020-07-24 16:22:26][      6834]:  /home/YJY015/json/2020-07-24/element_goes_ie.json finish.
[root][2020-07-24 16:22:21][2020-07-24 16:22:26][      6834]:  /home/YJY015/json/2020-07-24/element_goes_ip.json finish.
[root][2020-07-24 16:22:21][2020-07-24 16:22:27][      6834]:  /home/YJY015/json/2020-07-24/element_goes_mag.json finish.
[root][2020-07-24 16:22:21][2020-07-24 16:22:27][      6834]:  /home/YJY015/json/2020-07-24/element_goes_xr.json finish.
[root][2020-07-24 16:22:21][2020-07-24 16:22:28][      6834]:  /home/YJY015/json/2020-07-24/element_hpi.json finish.
[root][2020-07-24 16:22:21][2020-07-24 16:22:28][      6834]:  /home/YJY015/json/2020-07-24/element_kp.json finish.
[root][2020-07-24 16:22:21][2020-07-24 16:22:28][      6834]:  /home/YJY015/json/2020-07-24/event_configuration.json finish.
[root][2020-07-24 17:49:52][2020-07-24 17:49:52][     15180]:  /home/redhat/home/YJY015/import/2020-07-24.zip
[root][2020-07-24 17:49:52][2020-07-24 17:49:56][     15180]:  record_data finish.
[root][2020-07-24 17:49:52][2020-07-24 17:49:56][     15180]:  product_file_info_json文件不存在,没有导出product_file_info信息,product_file_info_json = 
[root][2020-07-24 17:49:52][2020-07-24 17:49:56][     15180]:  alert_file_info_json文件不存在,没有导出alert_file_info信息,alert_file_info_json = 
[root][2020-07-24 17:49:52][2020-07-24 17:49:56][     15180]:  report_file_info_json文件不存在,没有导出report_file_info信息,report_file_info_json = 
[root][2020-07-24 17:49:52][2020-07-24 17:49:57][     15180]:  /home/redhat/home/YJY015/json/2020-07-24/element_goes_ie.json finish.
[root][2020-07-24 17:49:52][2020-07-24 17:49:57][     15180]:  /home/redhat/home/YJY015/json/2020-07-24/element_goes_ip.json finish.
[root][2020-07-24 17:49:52][2020-07-24 17:49:58][     15180]:  /home/redhat/home/YJY015/json/2020-07-24/element_goes_mag.json finish.
[root][2020-07-24 17:49:52][2020-07-24 17:49:59][     15180]:  /home/redhat/home/YJY015/json/2020-07-24/element_goes_xr.json finish.
[root][2020-07-24 17:49:52][2020-07-24 17:49:59][     15180]:  /home/redhat/home/YJY015/json/2020-07-24/element_hpi.json finish.
[root][2020-07-24 17:49:52][2020-07-24 17:49:59][     15180]:  /home/redhat/home/YJY015/json/2020-07-24/element_kp.json finish.
[root][2020-07-24 17:49:52][2020-07-24 17:49:59][     15180]:  /home/redhat/home/YJY015/json/2020-07-24/event_configuration.json finish.
[root][2020-07-24 17:57:47][2020-07-24 17:57:47][     15979]:  /home/redhat/home/YJY015/import/2020-07-24.zip
[root][2020-07-24 17:57:47][2020-07-24 17:57:52][     15979]:  record_data finish.
[root][2020-07-24 17:57:47][2020-07-24 17:57:52][     15979]:  product_file_info_json文件不存在,没有导出product_file_info信息,product_file_info_json = 
[root][2020-07-24 17:57:47][2020-07-24 17:57:52][     15979]:  alert_file_info_json文件不存在,没有导出alert_file_info信息,alert_file_info_json = 
[root][2020-07-24 17:57:47][2020-07-24 17:57:52][     15979]:  report_file_info_json文件不存在,没有导出report_file_info信息,report_file_info_json = 
[root][2020-07-24 17:57:47][2020-07-24 17:57:52][     15979]:  /home/redhat/home/YJY015/json/2020-07-24/element_goes_ie.json finish.
[root][2020-07-24 17:57:47][2020-07-24 17:57:52][     15979]:  /home/redhat/home/YJY015/json/2020-07-24/element_goes_ip.json finish.
[root][2020-07-24 17:57:47][2020-07-24 17:57:53][     15979]:  /home/redhat/home/YJY015/json/2020-07-24/element_goes_mag.json finish.
[root][2020-07-24 17:57:47][2020-07-24 17:57:54][     15979]:  /home/redhat/home/YJY015/json/2020-07-24/element_goes_xr.json finish.
[root][2020-07-24 17:57:47][2020-07-24 17:57:54][     15979]:  /home/redhat/home/YJY015/json/2020-07-24/element_hpi.json finish.
[root][2020-07-24 17:57:47][2020-07-24 17:57:54][     15979]:  /home/redhat/home/YJY015/json/2020-07-24/element_kp.json finish.
[root][2020-07-24 17:57:47][2020-07-24 17:57:54][     15979]:  /home/redhat/home/YJY015/json/2020-07-24/event_configuration.json finish.
[root][2020-07-24 17:58:37][2020-07-24 17:58:37][     16487]:  /home/redhat/home/YJY015/import/2020-07-23.zip
[root][2020-07-24 17:58:37][2020-07-24 18:01:00][     16487]:  record_data finish.
[root][2020-07-24 17:58:37][2020-07-24 18:01:01][     16487]:  record_product finish.
[root][2020-07-24 17:58:37][2020-07-24 18:01:01][     16487]:  alert_file_info_json文件不存在,没有导出alert_file_info信息,alert_file_info_json = 
[root][2020-07-24 17:58:37][2020-07-24 18:01:01][     16487]:  report_file_info_json文件不存在,没有导出report_file_info信息,report_file_info_json = 
[root][2020-07-24 17:58:37][2020-07-24 18:01:08][     16487]:  /home/redhat/home/YJY015/json/2020-07-23/element_ace_ep.json finish.
[root][2020-07-24 17:58:37][2020-07-24 18:01:43][     16487]:  /home/redhat/home/YJY015/json/2020-07-23/element_ace_mag.json finish.
[root][2020-07-24 17:58:37][2020-07-24 18:01:48][     16487]:  /home/redhat/home/YJY015/json/2020-07-23/element_ace_sis.json finish.
[root][2020-07-24 17:58:37][2020-07-24 18:02:22][     16487]:  /home/redhat/home/YJY015/json/2020-07-23/element_ace_sw.json finish.
[root][2020-07-24 17:58:37][2020-07-24 18:02:22][     16487]:  /home/redhat/home/YJY015/json/2020-07-23/element_ap.json finish.
[root][2020-07-24 17:58:37][2020-07-24 18:02:23][     16487]:  /home/redhat/home/YJY015/json/2020-07-23/element_dst.json finish.
[root][2020-07-24 17:58:37][2020-07-24 18:02:31][     16487]:  /home/redhat/home/YJY015/json/2020-07-23/element_goes_ie.json finish.
[root][2020-07-24 17:58:37][2020-07-24 18:02:39][     16487]:  /home/redhat/home/YJY015/json/2020-07-23/element_goes_ip.json finish.
[root][2020-07-24 17:58:37][2020-07-24 18:03:17][     16487]:  /home/redhat/home/YJY015/json/2020-07-23/element_goes_mag.json finish.
[root][2020-07-24 17:58:37][2020-07-24 18:03:55][     16487]:  /home/redhat/home/YJY015/json/2020-07-23/element_goes_xr.json finish.
[root][2020-07-24 17:58:37][2020-07-24 18:04:02][     16487]:  /home/redhat/home/YJY015/json/2020-07-23/element_hpi.json finish.
[root][2020-07-24 17:58:37][2020-07-24 18:04:03][     16487]:  /home/redhat/home/YJY015/json/2020-07-23/element_kp.json finish.
[root][2020-07-24 17:58:37][2020-07-24 18:04:04][     16487]:  /home/redhat/home/YJY015/json/2020-07-23/element_rad.json finish.
[root][2020-07-24 17:58:37][2020-07-24 18:04:12][     16487]:  /home/redhat/home/YJY015/json/2020-07-23/element_ste_het.json finish.
[root][2020-07-24 17:58:37][2020-07-24 18:04:50][     16487]:  /home/redhat/home/YJY015/json/2020-07-23/element_ste_mag.json finish.
[root][2020-07-24 17:58:37][2020-07-24 18:05:28][     16487]:  /home/redhat/home/YJY015/json/2020-07-23/element_ste_sw.json finish.
[root][2020-07-24 17:58:37][2020-07-24 18:05:28][     16487]:  /home/redhat/home/YJY015/json/2020-07-23/event_configuration.json finish.
