[root][2020-07-06 09:08:01][2020-07-06 09:08:01][   4065743]:  1233
[root][2020-07-06 09:08:01][2020-07-06 09:08:01][   4065743]:  Traceback (most recent call last):
  File "/home/YJY015/code/download.py", line 200, in <module>
    element_extract_flag = searchinfos[0]['element_extract_flag']#查找配置信息表里，某数据对应的要素提取标识
IndexError: list index out of range

[root][2020-07-06 09:09:01][2020-07-06 09:09:01][   4065815]:  1233
[root][2020-07-06 09:09:01][2020-07-06 09:09:01][   4065815]:  Traceback (most recent call last):
  File "/home/YJY015/code/download.py", line 200, in <module>
    element_extract_flag = searchinfos[0]['element_extract_flag']#查找配置信息表里，某数据对应的要素提取标识
IndexError: list index out of range

[root][2020-07-06 09:10:02][2020-07-06 09:10:02][   4065967]:  1233
[root][2020-07-06 09:10:02][2020-07-06 09:10:02][   4065967]:  Traceback (most recent call last):
  File "/home/YJY015/code/download.py", line 200, in <module>
    element_extract_flag = searchinfos[0]['element_extract_flag']#查找配置信息表里，某数据对应的要素提取标识
IndexError: list index out of range

[root][2020-07-06 09:11:01][2020-07-06 09:11:01][   4069945]:  1233
[root][2020-07-06 09:11:01][2020-07-06 09:11:01][   4069945]:  Traceback (most recent call last):
  File "/home/YJY015/code/download.py", line 200, in <module>
    element_extract_flag = searchinfos[0]['element_extract_flag']#查找配置信息表里，某数据对应的要素提取标识
IndexError: list index out of range

[root][2020-07-06 09:12:01][2020-07-06 09:12:01][   4070336]:  1233
[root][2020-07-06 09:12:01][2020-07-06 09:12:01][   4070336]:  Traceback (most recent call last):
  File "/home/YJY015/code/download.py", line 200, in <module>
    element_extract_flag = searchinfos[0]['element_extract_flag']#查找配置信息表里，某数据对应的要素提取标识
IndexError: list index out of range

[root][2020-07-06 09:13:01][2020-07-06 09:13:01][   4070424]:  1233
[root][2020-07-06 09:13:01][2020-07-06 09:13:01][   4070424]:  Traceback (most recent call last):
  File "/home/YJY015/code/download.py", line 200, in <module>
    element_extract_flag = searchinfos[0]['element_extract_flag']#查找配置信息表里，某数据对应的要素提取标识
IndexError: list index out of range

[root][2020-07-06 09:14:01][2020-07-06 09:14:01][   4070616]:  1233
[root][2020-07-06 09:14:01][2020-07-06 09:14:01][   4070616]:  Traceback (most recent call last):
  File "/home/YJY015/code/download.py", line 200, in <module>
    element_extract_flag = searchinfos[0]['element_extract_flag']#查找配置信息表里，某数据对应的要素提取标识
IndexError: list index out of range

[root][2020-07-06 09:15:06][2020-07-06 09:15:06][   4070699]:  1233
[root][2020-07-06 09:15:06][2020-07-06 09:15:06][   4070699]:  Traceback (most recent call last):
  File "/home/YJY015/code/download.py", line 200, in <module>
    element_extract_flag = searchinfos[0]['element_extract_flag']#查找配置信息表里，某数据对应的要素提取标识
IndexError: list index out of range

[root][2020-07-06 09:16:02][2020-07-06 09:16:02][   4074216]:  1233
[root][2020-07-06 09:16:02][2020-07-06 09:16:02][   4074216]:  Traceback (most recent call last):
  File "/home/YJY015/code/download.py", line 200, in <module>
    element_extract_flag = searchinfos[0]['element_extract_flag']#查找配置信息表里，某数据对应的要素提取标识
IndexError: list index out of range

[root][2020-07-06 09:17:01][2020-07-06 09:17:01][   4075164]:  1233
[root][2020-07-06 09:17:01][2020-07-06 09:17:01][   4075164]:  Traceback (most recent call last):
  File "/home/YJY015/code/download.py", line 200, in <module>
    element_extract_flag = searchinfos[0]['element_extract_flag']#查找配置信息表里，某数据对应的要素提取标识
IndexError: list index out of range

[root][2020-07-06 09:18:01][2020-07-06 09:18:01][   4075230]:  1233
[root][2020-07-06 09:18:01][2020-07-06 09:18:01][   4075230]:  Traceback (most recent call last):
  File "/home/YJY015/code/download.py", line 200, in <module>
    element_extract_flag = searchinfos[0]['element_extract_flag']#查找配置信息表里，某数据对应的要素提取标识
IndexError: list index out of range

[root][2020-07-06 09:19:01][2020-07-06 09:19:01][   4075292]:  1233
[root][2020-07-06 09:19:01][2020-07-06 09:19:01][   4075292]:  Traceback (most recent call last):
  File "/home/YJY015/code/download.py", line 200, in <module>
    element_extract_flag = searchinfos[0]['element_extract_flag']#查找配置信息表里，某数据对应的要素提取标识
IndexError: list index out of range

[root][2020-07-06 09:20:02][2020-07-06 09:20:02][   4075361]:  1233
[root][2020-07-06 09:20:02][2020-07-06 09:20:02][   4075361]:  Traceback (most recent call last):
  File "/home/YJY015/code/download.py", line 200, in <module>
    element_extract_flag = searchinfos[0]['element_extract_flag']#查找配置信息表里，某数据对应的要素提取标识
IndexError: list index out of range

[root][2020-07-06 09:21:01][2020-07-06 09:21:01][   4079612]:  1233
[root][2020-07-06 09:21:01][2020-07-06 09:21:01][   4079612]:  Traceback (most recent call last):
  File "/home/YJY015/code/download.py", line 200, in <module>
    element_extract_flag = searchinfos[0]['element_extract_flag']#查找配置信息表里，某数据对应的要素提取标识
IndexError: list index out of range

[root][2020-07-06 09:22:01][2020-07-06 09:22:01][   4079687]:  1233
[root][2020-07-06 09:22:01][2020-07-06 09:22:01][   4079687]:  Traceback (most recent call last):
  File "/home/YJY015/code/download.py", line 200, in <module>
    element_extract_flag = searchinfos[0]['element_extract_flag']#查找配置信息表里，某数据对应的要素提取标识
IndexError: list index out of range

[root][2020-07-06 09:23:01][2020-07-06 09:23:01][   4079753]:  1233
[root][2020-07-06 09:23:01][2020-07-06 09:23:01][   4079753]:  Traceback (most recent call last):
  File "/home/YJY015/code/download.py", line 200, in <module>
    element_extract_flag = searchinfos[0]['element_extract_flag']#查找配置信息表里，某数据对应的要素提取标识
IndexError: list index out of range

[root][2020-07-06 09:24:01][2020-07-06 09:24:01][   4079821]:  1233
[root][2020-07-06 09:24:01][2020-07-06 09:24:01][   4079821]:  Traceback (most recent call last):
  File "/home/YJY015/code/download.py", line 200, in <module>
    element_extract_flag = searchinfos[0]['element_extract_flag']#查找配置信息表里，某数据对应的要素提取标识
IndexError: list index out of range

[root][2020-07-06 09:25:02][2020-07-06 09:25:02][   4079899]:  1233
[root][2020-07-06 09:25:02][2020-07-06 09:25:02][   4079899]:  Traceback (most recent call last):
  File "/home/YJY015/code/download.py", line 200, in <module>
    element_extract_flag = searchinfos[0]['element_extract_flag']#查找配置信息表里，某数据对应的要素提取标识
IndexError: list index out of range

[root][2020-07-06 09:26:01][2020-07-06 09:26:01][   4081532]:  1233
[root][2020-07-06 09:26:01][2020-07-06 09:26:01][   4081532]:  Traceback (most recent call last):
  File "/home/YJY015/code/download.py", line 200, in <module>
    element_extract_flag = searchinfos[0]['element_extract_flag']#查找配置信息表里，某数据对应的要素提取标识
IndexError: list index out of range

[root][2020-07-06 09:27:01][2020-07-06 09:27:01][   4083095]:  1233
[root][2020-07-06 09:27:01][2020-07-06 09:27:01][   4083095]:  Traceback (most recent call last):
  File "/home/YJY015/code/download.py", line 200, in <module>
    element_extract_flag = searchinfos[0]['element_extract_flag']#查找配置信息表里，某数据对应的要素提取标识
IndexError: list index out of range

[root][2020-07-06 09:28:01][2020-07-06 09:28:01][   4083217]:  1233
[root][2020-07-06 09:28:01][2020-07-06 09:28:01][   4083217]:  Traceback (most recent call last):
  File "/home/YJY015/code/download.py", line 200, in <module>
    element_extract_flag = searchinfos[0]['element_extract_flag']#查找配置信息表里，某数据对应的要素提取标识
IndexError: list index out of range

[root][2020-07-06 09:29:01][2020-07-06 09:29:01][   4084145]:  1233
[root][2020-07-06 09:29:01][2020-07-06 09:29:01][   4084145]:  Traceback (most recent call last):
  File "/home/YJY015/code/download.py", line 200, in <module>
    element_extract_flag = searchinfos[0]['element_extract_flag']#查找配置信息表里，某数据对应的要素提取标识
IndexError: list index out of range

[root][2020-07-06 09:30:06][2020-07-06 09:30:06][   4084216]:  1233
[root][2020-07-06 09:30:06][2020-07-06 09:30:06][   4084216]:  Traceback (most recent call last):
  File "/home/YJY015/code/download.py", line 200, in <module>
    element_extract_flag = searchinfos[0]['element_extract_flag']#查找配置信息表里，某数据对应的要素提取标识
IndexError: list index out of range

[root][2020-07-06 09:31:02][2020-07-06 09:31:02][   4084850]:  1233
[root][2020-07-06 09:31:02][2020-07-06 09:31:02][   4084850]:  Traceback (most recent call last):
  File "/home/YJY015/code/download.py", line 200, in <module>
    element_extract_flag = searchinfos[0]['element_extract_flag']#查找配置信息表里，某数据对应的要素提取标识
IndexError: list index out of range

[root][2020-07-06 09:32:01][2020-07-06 09:32:01][   4085791]:  1233
[root][2020-07-06 09:32:01][2020-07-06 09:32:01][   4085791]:  Traceback (most recent call last):
  File "/home/YJY015/code/download.py", line 200, in <module>
    element_extract_flag = searchinfos[0]['element_extract_flag']#查找配置信息表里，某数据对应的要素提取标识
IndexError: list index out of range

[root][2020-07-06 09:33:01][2020-07-06 09:33:01][   4085863]:  1233
[root][2020-07-06 09:33:01][2020-07-06 09:33:01][   4085863]:  Traceback (most recent call last):
  File "/home/YJY015/code/download.py", line 200, in <module>
    element_extract_flag = searchinfos[0]['element_extract_flag']#查找配置信息表里，某数据对应的要素提取标识
IndexError: list index out of range

[root][2020-07-06 09:34:01][2020-07-06 09:34:01][   4085957]:  1233
[root][2020-07-06 09:34:01][2020-07-06 09:34:01][   4085957]:  Traceback (most recent call last):
  File "/home/YJY015/code/download.py", line 200, in <module>
    element_extract_flag = searchinfos[0]['element_extract_flag']#查找配置信息表里，某数据对应的要素提取标识
IndexError: list index out of range

[root][2020-07-06 09:35:02][2020-07-06 09:35:02][   4086029]:  1233
[root][2020-07-06 09:35:02][2020-07-06 09:35:02][   4086029]:  Traceback (most recent call last):
  File "/home/YJY015/code/download.py", line 200, in <module>
    element_extract_flag = searchinfos[0]['element_extract_flag']#查找配置信息表里，某数据对应的要素提取标识
IndexError: list index out of range

[root][2020-07-06 09:36:01][2020-07-06 09:36:01][   4088839]:  1233
[root][2020-07-06 09:36:01][2020-07-06 09:36:01][   4088839]:  Traceback (most recent call last):
  File "/home/YJY015/code/download.py", line 200, in <module>
    element_extract_flag = searchinfos[0]['element_extract_flag']#查找配置信息表里，某数据对应的要素提取标识
IndexError: list index out of range

[root][2020-07-06 09:37:01][2020-07-06 09:37:01][   4088921]:  1233
[root][2020-07-06 09:37:01][2020-07-06 09:37:01][   4088921]:  Traceback (most recent call last):
  File "/home/YJY015/code/download.py", line 200, in <module>
    element_extract_flag = searchinfos[0]['element_extract_flag']#查找配置信息表里，某数据对应的要素提取标识
IndexError: list index out of range

[root][2020-07-06 09:38:01][2020-07-06 09:38:01][   4090474]:  1233
[root][2020-07-06 09:38:01][2020-07-06 09:38:01][   4090474]:  Traceback (most recent call last):
  File "/home/YJY015/code/download.py", line 200, in <module>
    element_extract_flag = searchinfos[0]['element_extract_flag']#查找配置信息表里，某数据对应的要素提取标识
IndexError: list index out of range

[root][2020-07-06 09:39:01][2020-07-06 09:39:01][   4090562]:  1233
[root][2020-07-06 09:39:01][2020-07-06 09:39:01][   4090562]:  Traceback (most recent call last):
  File "/home/YJY015/code/download.py", line 200, in <module>
    element_extract_flag = searchinfos[0]['element_extract_flag']#查找配置信息表里，某数据对应的要素提取标识
IndexError: list index out of range

[root][2020-07-06 09:40:01][2020-07-06 09:40:01][   4090718]:  1233
[root][2020-07-06 09:40:01][2020-07-06 09:40:01][   4090718]:  Traceback (most recent call last):
  File "/home/YJY015/code/download.py", line 200, in <module>
    element_extract_flag = searchinfos[0]['element_extract_flag']#查找配置信息表里，某数据对应的要素提取标识
IndexError: list index out of range

[root][2020-07-06 09:41:01][2020-07-06 09:41:01][   4092650]:  1233
[root][2020-07-06 09:41:01][2020-07-06 09:41:01][   4092650]:  Traceback (most recent call last):
  File "/home/YJY015/code/download.py", line 200, in <module>
    element_extract_flag = searchinfos[0]['element_extract_flag']#查找配置信息表里，某数据对应的要素提取标识
IndexError: list index out of range

[root][2020-07-06 09:42:01][2020-07-06 09:42:01][   4093592]:  1233
[root][2020-07-06 09:42:01][2020-07-06 09:42:01][   4093592]:  Traceback (most recent call last):
  File "/home/YJY015/code/download.py", line 200, in <module>
    element_extract_flag = searchinfos[0]['element_extract_flag']#查找配置信息表里，某数据对应的要素提取标识
IndexError: list index out of range

[root][2020-07-06 09:43:01][2020-07-06 09:43:01][   4093653]:  1233
[root][2020-07-06 09:43:01][2020-07-06 09:43:01][   4093653]:  Traceback (most recent call last):
  File "/home/YJY015/code/download.py", line 200, in <module>
    element_extract_flag = searchinfos[0]['element_extract_flag']#查找配置信息表里，某数据对应的要素提取标识
IndexError: list index out of range

[root][2020-07-06 09:44:01][2020-07-06 09:44:01][   4093715]:  1233
[root][2020-07-06 09:44:01][2020-07-06 09:44:01][   4093715]:  Traceback (most recent call last):
  File "/home/YJY015/code/download.py", line 200, in <module>
    element_extract_flag = searchinfos[0]['element_extract_flag']#查找配置信息表里，某数据对应的要素提取标识
IndexError: list index out of range

[root][2020-07-06 09:45:06][2020-07-06 09:45:06][   4093785]:  1233
[root][2020-07-06 09:45:06][2020-07-06 09:45:06][   4093785]:  Traceback (most recent call last):
  File "/home/YJY015/code/download.py", line 200, in <module>
    element_extract_flag = searchinfos[0]['element_extract_flag']#查找配置信息表里，某数据对应的要素提取标识
IndexError: list index out of range

[root][2020-07-06 09:46:01][2020-07-06 09:46:01][   4095799]:  1233
[root][2020-07-06 09:46:01][2020-07-06 09:46:01][   4095799]:  Traceback (most recent call last):
  File "/home/YJY015/code/download.py", line 200, in <module>
    element_extract_flag = searchinfos[0]['element_extract_flag']#查找配置信息表里，某数据对应的要素提取标识
IndexError: list index out of range

[root][2020-07-06 09:47:01][2020-07-06 09:47:01][   4098492]:  1233
[root][2020-07-06 09:47:01][2020-07-06 09:47:01][   4098492]:  Traceback (most recent call last):
  File "/home/YJY015/code/download.py", line 200, in <module>
    element_extract_flag = searchinfos[0]['element_extract_flag']#查找配置信息表里，某数据对应的要素提取标识
IndexError: list index out of range

[root][2020-07-06 09:48:01][2020-07-06 09:48:01][   4098559]:  1233
[root][2020-07-06 09:48:01][2020-07-06 09:48:01][   4098559]:  Traceback (most recent call last):
  File "/home/YJY015/code/download.py", line 200, in <module>
    element_extract_flag = searchinfos[0]['element_extract_flag']#查找配置信息表里，某数据对应的要素提取标识
IndexError: list index out of range

[root][2020-07-06 09:49:01][2020-07-06 09:49:01][   4098628]:  1233
[root][2020-07-06 09:49:01][2020-07-06 09:49:01][   4098628]:  Traceback (most recent call last):
  File "/home/YJY015/code/download.py", line 200, in <module>
    element_extract_flag = searchinfos[0]['element_extract_flag']#查找配置信息表里，某数据对应的要素提取标识
IndexError: list index out of range

[root][2020-07-06 09:50:02][2020-07-06 09:50:02][   4098692]:  1233
[root][2020-07-06 09:50:02][2020-07-06 09:50:02][   4098692]:  Traceback (most recent call last):
  File "/home/YJY015/code/download.py", line 200, in <module>
    element_extract_flag = searchinfos[0]['element_extract_flag']#查找配置信息表里，某数据对应的要素提取标识
IndexError: list index out of range

[root][2020-07-06 09:51:01][2020-07-06 09:51:01][   4102057]:  1233
[root][2020-07-06 09:51:01][2020-07-06 09:51:01][   4102057]:  Traceback (most recent call last):
  File "/home/YJY015/code/download.py", line 200, in <module>
    element_extract_flag = searchinfos[0]['element_extract_flag']#查找配置信息表里，某数据对应的要素提取标识
IndexError: list index out of range

[root][2020-07-06 09:52:01][2020-07-06 09:52:01][   4103042]:  1233
[root][2020-07-06 09:52:01][2020-07-06 09:52:01][   4103042]:  Traceback (most recent call last):
  File "/home/YJY015/code/download.py", line 200, in <module>
    element_extract_flag = searchinfos[0]['element_extract_flag']#查找配置信息表里，某数据对应的要素提取标识
IndexError: list index out of range

[root][2020-07-06 09:53:00][2020-07-06 09:53:00][   4103108]:  1233
[root][2020-07-06 09:53:00][2020-07-06 09:53:00][   4103108]:  Traceback (most recent call last):
  File "/home/YJY015/code/download.py", line 200, in <module>
    element_extract_flag = searchinfos[0]['element_extract_flag']#查找配置信息表里，某数据对应的要素提取标识
IndexError: list index out of range

[root][2020-07-06 09:54:01][2020-07-06 09:54:01][   4103180]:  1233
[root][2020-07-06 09:54:01][2020-07-06 09:54:01][   4103180]:  Traceback (most recent call last):
  File "/home/YJY015/code/download.py", line 200, in <module>
    element_extract_flag = searchinfos[0]['element_extract_flag']#查找配置信息表里，某数据对应的要素提取标识
IndexError: list index out of range

[root][2020-07-06 09:55:02][2020-07-06 09:55:02][   4103245]:  1233
[root][2020-07-06 09:55:02][2020-07-06 09:55:02][   4103245]:  Traceback (most recent call last):
  File "/home/YJY015/code/download.py", line 200, in <module>
    element_extract_flag = searchinfos[0]['element_extract_flag']#查找配置信息表里，某数据对应的要素提取标识
IndexError: list index out of range

[root][2020-07-06 09:56:01][2020-07-06 09:56:01][   4107474]:  1233
[root][2020-07-06 09:56:01][2020-07-06 09:56:01][   4107474]:  Traceback (most recent call last):
  File "/home/YJY015/code/download.py", line 200, in <module>
    element_extract_flag = searchinfos[0]['element_extract_flag']#查找配置信息表里，某数据对应的要素提取标识
IndexError: list index out of range

[root][2020-07-06 09:57:01][2020-07-06 09:57:01][   4107544]:  1233
[root][2020-07-06 09:57:01][2020-07-06 09:57:01][   4107544]:  Traceback (most recent call last):
  File "/home/YJY015/code/download.py", line 200, in <module>
    element_extract_flag = searchinfos[0]['element_extract_flag']#查找配置信息表里，某数据对应的要素提取标识
IndexError: list index out of range

[root][2020-07-06 09:58:01][2020-07-06 09:58:01][   4107625]:  1233
[root][2020-07-06 09:58:01][2020-07-06 09:58:01][   4107625]:  Traceback (most recent call last):
  File "/home/YJY015/code/download.py", line 200, in <module>
    element_extract_flag = searchinfos[0]['element_extract_flag']#查找配置信息表里，某数据对应的要素提取标识
IndexError: list index out of range

[root][2020-07-06 09:59:01][2020-07-06 09:59:01][   4107685]:  1233
[root][2020-07-06 09:59:01][2020-07-06 09:59:01][   4107685]:  Traceback (most recent call last):
  File "/home/YJY015/code/download.py", line 200, in <module>
    element_extract_flag = searchinfos[0]['element_extract_flag']#查找配置信息表里，某数据对应的要素提取标识
IndexError: list index out of range

[root][2020-07-06 10:00:10][2020-07-06 10:00:11][   4107754]:  1233
[root][2020-07-06 10:00:10][2020-07-06 10:00:11][   4107754]:  Traceback (most recent call last):
  File "/home/YJY015/code/download.py", line 200, in <module>
    element_extract_flag = searchinfos[0]['element_extract_flag']#查找配置信息表里，某数据对应的要素提取标识
IndexError: list index out of range

[root][2020-07-06 10:01:01][2020-07-06 10:01:01][   4112320]:  1233
[root][2020-07-06 10:01:01][2020-07-06 10:01:01][   4112320]:  Traceback (most recent call last):
  File "/home/YJY015/code/download.py", line 200, in <module>
    element_extract_flag = searchinfos[0]['element_extract_flag']#查找配置信息表里，某数据对应的要素提取标识
IndexError: list index out of range

[root][2020-07-06 10:02:01][2020-07-06 10:02:01][   4112795]:  1233
[root][2020-07-06 10:02:01][2020-07-06 10:02:01][   4112795]:  Traceback (most recent call last):
  File "/home/YJY015/code/download.py", line 200, in <module>
    element_extract_flag = searchinfos[0]['element_extract_flag']#查找配置信息表里，某数据对应的要素提取标识
IndexError: list index out of range

[root][2020-07-06 10:03:01][2020-07-06 10:03:01][   4112871]:  1233
[root][2020-07-06 10:03:01][2020-07-06 10:03:01][   4112871]:  Traceback (most recent call last):
  File "/home/YJY015/code/download.py", line 200, in <module>
    element_extract_flag = searchinfos[0]['element_extract_flag']#查找配置信息表里，某数据对应的要素提取标识
IndexError: list index out of range

[root][2020-07-06 10:04:01][2020-07-06 10:04:01][   4112962]:  1233
[root][2020-07-06 10:04:01][2020-07-06 10:04:01][   4112962]:  Traceback (most recent call last):
  File "/home/YJY015/code/download.py", line 200, in <module>
    element_extract_flag = searchinfos[0]['element_extract_flag']#查找配置信息表里，某数据对应的要素提取标识
IndexError: list index out of range

[root][2020-07-06 10:05:02][2020-07-06 10:05:02][   4113032]:  1233
[root][2020-07-06 10:05:02][2020-07-06 10:05:02][   4113032]:  Traceback (most recent call last):
  File "/home/YJY015/code/download.py", line 200, in <module>
    element_extract_flag = searchinfos[0]['element_extract_flag']#查找配置信息表里，某数据对应的要素提取标识
IndexError: list index out of range

[root][2020-07-06 10:06:01][2020-07-06 10:06:01][   4115836]:  1233
[root][2020-07-06 10:06:01][2020-07-06 10:06:01][   4115836]:  Traceback (most recent call last):
  File "/home/YJY015/code/download.py", line 200, in <module>
    element_extract_flag = searchinfos[0]['element_extract_flag']#查找配置信息表里，某数据对应的要素提取标识
IndexError: list index out of range

[root][2020-07-06 10:07:01][2020-07-06 10:07:01][   4117360]:  1233
[root][2020-07-06 10:07:01][2020-07-06 10:07:01][   4117360]:  Traceback (most recent call last):
  File "/home/YJY015/code/download.py", line 200, in <module>
    element_extract_flag = searchinfos[0]['element_extract_flag']#查找配置信息表里，某数据对应的要素提取标识
IndexError: list index out of range

[root][2020-07-06 10:08:01][2020-07-06 10:08:01][   4117420]:  1233
[root][2020-07-06 10:08:01][2020-07-06 10:08:01][   4117420]:  Traceback (most recent call last):
  File "/home/YJY015/code/download.py", line 200, in <module>
    element_extract_flag = searchinfos[0]['element_extract_flag']#查找配置信息表里，某数据对应的要素提取标识
IndexError: list index out of range

[root][2020-07-06 10:09:01][2020-07-06 10:09:01][   4117485]:  1233
[root][2020-07-06 10:09:01][2020-07-06 10:09:01][   4117485]:  Traceback (most recent call last):
  File "/home/YJY015/code/download.py", line 200, in <module>
    element_extract_flag = searchinfos[0]['element_extract_flag']#查找配置信息表里，某数据对应的要素提取标识
IndexError: list index out of range

[root][2020-07-06 10:10:02][2020-07-06 10:10:02][   4117605]:  1233
[root][2020-07-06 10:10:02][2020-07-06 10:10:02][   4117605]:  Traceback (most recent call last):
  File "/home/YJY015/code/download.py", line 200, in <module>
    element_extract_flag = searchinfos[0]['element_extract_flag']#查找配置信息表里，某数据对应的要素提取标识
IndexError: list index out of range

[root][2020-07-06 10:11:01][2020-07-06 10:11:01][   4121836]:  1233
[root][2020-07-06 10:11:01][2020-07-06 10:11:01][   4121836]:  Traceback (most recent call last):
  File "/home/YJY015/code/download.py", line 200, in <module>
    element_extract_flag = searchinfos[0]['element_extract_flag']#查找配置信息表里，某数据对应的要素提取标识
IndexError: list index out of range

[root][2020-07-06 10:12:01][2020-07-06 10:12:01][   4121911]:  1233
[root][2020-07-06 10:12:01][2020-07-06 10:12:01][   4121911]:  Traceback (most recent call last):
  File "/home/YJY015/code/download.py", line 200, in <module>
    element_extract_flag = searchinfos[0]['element_extract_flag']#查找配置信息表里，某数据对应的要素提取标识
IndexError: list index out of range

[root][2020-07-06 10:13:01][2020-07-06 10:13:01][   4121981]:  1233
[root][2020-07-06 10:13:01][2020-07-06 10:13:01][   4121981]:  Traceback (most recent call last):
  File "/home/YJY015/code/download.py", line 200, in <module>
    element_extract_flag = searchinfos[0]['element_extract_flag']#查找配置信息表里，某数据对应的要素提取标识
IndexError: list index out of range

[root][2020-07-06 10:14:01][2020-07-06 10:14:01][   4122093]:  1233
[root][2020-07-06 10:14:01][2020-07-06 10:14:01][   4122093]:  Traceback (most recent call last):
  File "/home/YJY015/code/download.py", line 200, in <module>
    element_extract_flag = searchinfos[0]['element_extract_flag']#查找配置信息表里，某数据对应的要素提取标识
IndexError: list index out of range

[root][2020-07-06 10:15:06][2020-07-06 10:15:06][   4122162]:  1233
[root][2020-07-06 10:15:06][2020-07-06 10:15:06][   4122162]:  Traceback (most recent call last):
  File "/home/YJY015/code/download.py", line 200, in <module>
    element_extract_flag = searchinfos[0]['element_extract_flag']#查找配置信息表里，某数据对应的要素提取标识
IndexError: list index out of range

[root][2020-07-06 10:16:01][2020-07-06 10:16:01][   4126543]:  1233
[root][2020-07-06 10:16:01][2020-07-06 10:16:01][   4126543]:  Traceback (most recent call last):
  File "/home/YJY015/code/download.py", line 200, in <module>
    element_extract_flag = searchinfos[0]['element_extract_flag']#查找配置信息表里，某数据对应的要素提取标识
IndexError: list index out of range

