[root][2020-07-22 15:30:32][2020-07-22 15:30:32][     81463]:  数据库表data_file_info 导出数据, 91条
[root][2020-07-22 15:30:32][2020-07-22 15:30:32][     81463]:  收集数据data,压缩并导出
[root][2020-07-22 15:30:32][2020-07-22 15:30:32][     81463]:  数据库 product_file_info,产品不存在,时间段2020-07-22 2020-07-22
[root][2020-07-22 15:30:32][2020-07-22 15:30:32][     81463]:  数据库表alert_file_info 导出数据, 1条
[root][2020-07-22 15:30:32][2020-07-22 15:30:32][     81463]:  警报数据alert,压缩并导出
[root][2020-07-22 15:30:32][2020-07-22 15:30:32][     81463]:  数据库 report_file_info,产品不存在,时间段2020-07-22 2020-07-22
[root][2020-07-22 15:30:32][2020-07-22 15:30:32][     81463]:  数据库 element_ace_ep,产品不存在,时间段2020-07-22 2020-07-22
[root][2020-07-22 15:30:32][2020-07-22 15:30:32][     81463]:  数据库 element_ace_mag,产品不存在,时间段2020-07-22 2020-07-22
[root][2020-07-22 15:30:32][2020-07-22 15:30:32][     81463]:  数据库 element_ace_sis,产品不存在,时间段2020-07-22 2020-07-22
[root][2020-07-22 15:30:32][2020-07-22 15:30:32][     81463]:  数据库 element_ace_sw,产品不存在,时间段2020-07-22 2020-07-22
[root][2020-07-22 15:30:32][2020-07-22 15:30:32][     81463]:  数据库表element_ap 导出数据, 1条
[root][2020-07-22 15:30:32][2020-07-22 15:30:32][     81463]:  element_ap,压缩并导出
[root][2020-07-22 15:30:32][2020-07-22 15:30:32][     81463]:  数据库 element_dst,产品不存在,时间段2020-07-22 2020-07-22
[root][2020-07-22 15:30:32][2020-07-22 15:30:32][     81463]:  数据库 element_f107,产品不存在,时间段2020-07-22 2020-07-22
[root][2020-07-22 15:30:32][2020-07-22 15:30:32][     81463]:  数据库表element_goes_ie 导出数据, 89条
[root][2020-07-22 15:30:32][2020-07-22 15:30:32][     81463]:  element_goes_ie,压缩并导出
[root][2020-07-22 15:30:32][2020-07-22 15:30:32][     81463]:  数据库表element_goes_ip 导出数据, 89条
[root][2020-07-22 15:30:32][2020-07-22 15:30:32][     81463]:  element_goes_ip,压缩并导出
[root][2020-07-22 15:30:32][2020-07-22 15:30:32][     81463]:  数据库表element_goes_mag 导出数据, 448条
[root][2020-07-22 15:30:32][2020-07-22 15:30:32][     81463]:  element_goes_mag,压缩并导出
[root][2020-07-22 15:30:32][2020-07-22 15:30:32][     81463]:  数据库表element_goes_xr 导出数据, 448条
[root][2020-07-22 15:30:32][2020-07-22 15:30:32][     81463]:  element_goes_xr,压缩并导出
[root][2020-07-22 15:30:32][2020-07-22 15:30:32][     81463]:  数据库 element_hpi,产品不存在,时间段2020-07-22 2020-07-22
[root][2020-07-22 15:30:32][2020-07-22 15:30:32][     81463]:  数据库表element_kp 导出数据, 6条
[root][2020-07-22 15:30:32][2020-07-22 15:30:32][     81463]:  element_kp,压缩并导出
[root][2020-07-22 15:30:32][2020-07-22 15:30:32][     81463]:  数据库 element_rad,产品不存在,时间段2020-07-22 2020-07-22
[root][2020-07-22 15:30:32][2020-07-22 15:30:32][     81463]:  数据库 element_ssn,产品不存在,时间段2020-07-22 2020-07-22
[root][2020-07-22 15:30:32][2020-07-22 15:30:32][     81463]:  数据库 element_ste_het,产品不存在,时间段2020-07-22 2020-07-22
[root][2020-07-22 15:30:32][2020-07-22 15:30:32][     81463]:  数据库 element_ste_mag,产品不存在,时间段2020-07-22 2020-07-22
[root][2020-07-22 15:30:32][2020-07-22 15:30:32][     81463]:  数据库 element_ste_sw,产品不存在,时间段2020-07-22 2020-07-22
[root][2020-07-22 15:30:32][2020-07-22 15:30:32][     81463]:  数据库 element_swpc_flare,产品不存在,时间段2020-07-22 2020-07-22
[root][2020-07-22 15:30:32][2020-07-22 15:30:32][     81463]:  数据库 element_tec,产品不存在,时间段2020-07-22 2020-07-22
[root][2020-07-22 15:30:32][2020-07-22 15:30:32][     81463]:  数据库表event_configuration 导出数据, 19条
[root][2020-07-22 15:30:32][2020-07-22 15:30:32][     81463]:  事件等级配置表event_configuration,压缩并导出
